Log file open, 01/04/18 23:00:06
LogWindows: Failed to load 'aqProf.dll' (GetLastError=126)
LogWindows: File 'aqProf.dll' does not exist
LogWindows: Failed to load 'VtuneApi.dll' (GetLastError=126)
LogWindows: File 'VtuneApi.dll' does not exist
LogWindows: Failed to load 'VtuneApi32e.dll' (GetLastError=126)
LogWindows: File 'VtuneApi32e.dll' does not exist
LogInit: Display: Running engine for game: VR_Interaction
LogPlatformFile: Not using cached read wrapper
LogInit: Display: RandInit(-52669804) SRandInit(-52669804).
LogTaskGraph: Started task graph with 5 named threads and 14 total threads with 3 sets of task threads.
LogStats: Stats thread started at 0.161954
LogD3D11RHI: Aftermath initialized
LogPluginManager: Mounting plugin Paper2D
LogPluginManager: Mounting plugin LightPropagationVolume
LogPluginManager: Mounting plugin CodeLiteSourceCodeAccess
LogPluginManager: Mounting plugin GitSourceControl
LogPluginManager: Mounting plugin KDevelopSourceCodeAccess
LogPluginManager: Mounting plugin NullSourceCodeAccess
LogPluginManager: Mounting plugin PerforceSourceControl
LogPluginManager: Mounting plugin SubversionSourceControl
LogPluginManager: Mounting plugin UObjectPlugin
LogPluginManager: Mounting plugin VisualStudioSourceCodeAccess
LogPluginManager: Mounting plugin XCodeSourceCodeAccess
LogPluginManager: Mounting plugin AssetManagerEditor
LogPluginManager: Mounting plugin AudioCapture
LogPluginManager: Mounting plugin FacialAnimation
LogPluginManager: Mounting plugin GameplayTagsEditor
LogPluginManager: Mounting plugin MobileLauncherProfileWizard
LogPluginManager: Mounting plugin PluginBrowser
LogPluginManager: Mounting plugin SpeedTreeImporter
LogPluginManager: Mounting plugin AlembicImporter
LogPluginManager: Mounting plugin CharacterAI
LogPluginManager: Mounting plugin HTML5Networking
LogPluginManager: Mounting plugin AndroidMedia
LogPluginManager: Mounting plugin AvfMedia
LogPluginManager: Mounting plugin MediaPlayerEditor
LogPluginManager: Mounting plugin WmfMedia
LogPluginManager: Mounting plugin TcpMessaging
LogPluginManager: Mounting plugin UdpMessaging
LogPluginManager: Mounting plugin LevelSequenceEditor
LogPluginManager: Mounting plugin MatineeToLevelSequence
LogPluginManager: Mounting plugin OnlineSubsystemGooglePlay
LogPluginManager: Mounting plugin OnlineSubsystemIOS
LogPluginManager: Mounting plugin OnlineSubsystem
LogPluginManager: Mounting plugin OnlineSubsystemNull
LogPluginManager: Mounting plugin OnlineSubsystemUtils
LogPluginManager: Mounting plugin AndroidDeviceProfileSelector
LogPluginManager: Mounting plugin AndroidMoviePlayer
LogPluginManager: Mounting plugin AndroidPermission
LogPluginManager: Mounting plugin AppleMoviePlayer
LogPluginManager: Mounting plugin ArchVisCharacter
LogPluginManager: Mounting plugin CableComponent
LogPluginManager: Mounting plugin CustomMeshComponent
LogPluginManager: Mounting plugin ExampleDeviceProfileSelector
LogPluginManager: Mounting plugin GoogleCloudMessaging
LogPluginManager: Mounting plugin ImmediatePhysics
LogPluginManager: Mounting plugin IOSDeviceProfileSelector
LogPluginManager: Mounting plugin LinuxDeviceProfileSelector
LogPluginManager: Mounting plugin LocationServicesBPLibrary
LogPluginManager: Mounting plugin MobilePatchingUtils
LogPluginManager: Mounting plugin OculusVR
LogPluginManager: Mounting plugin PhysXVehicles
LogPluginManager: Mounting plugin ProceduralMeshComponent
LogPluginManager: Mounting plugin RuntimePhysXCooking
LogPluginManager: Mounting plugin SteamVR
LogPluginManager: Mounting plugin WindowsMoviePlayer
LogInit: Using libcurl 7.47.1
LogInit:  - built for x86_64-pc-win32
LogInit:  - supports SSL with OpenSSL/1.0.2g
LogInit:  - supports HTTP deflate (compression) using libz 1.2.8
LogInit:  - other features:
LogInit:      CURL_VERSION_SSL
LogInit:      CURL_VERSION_LIBZ
LogInit:      CURL_VERSION_IPV6
LogInit:      CURL_VERSION_ASYNCHDNS
LogInit:      CURL_VERSION_LARGEFILE
LogInit:      CURL_VERSION_IDN
LogInit:  CurlRequestOptions (configurable via config and command line):
LogInit:  - bVerifyPeer = false  - Libcurl will NOT verify peer certificate
LogInit:  - bUseHttpProxy = false  - Libcurl will NOT use HTTP proxy
LogInit:  - bDontReuseConnections = false  - Libcurl will reuse connections
LogInit:  - CertBundlePath = nullptr  - Libcurl will use whatever was configured at build time.
LogHMD: Failed initializing OVRPlugin 1.15.0
LogInit: Build: ++UE4+Release-4.17-CL-3658906
LogInit: Engine Version: 4.17.2-3658906+++UE4+Release-4.17
LogInit: Compatible Engine Version: 4.17.0-3573198+++UE4+Release-4.17
LogInit: Net CL: 3573198
LogDevObjectVersion: Number of dev versions registered: 16
LogDevObjectVersion:   Dev-Blueprints (B0D832E4-1F89-4F0D-ACCF-7EB736FD4AA2): 10
LogDevObjectVersion:   Dev-Build (E1C64328-A22C-4D53-A36C-8E866417BD8C): 0
LogDevObjectVersion:   Dev-Core (375EC13C-06E4-48FB-B500-84F0262A717E): 2
LogDevObjectVersion:   Dev-Editor (E4B068ED-F494-42E9-A231-DA0B2E46BB41): 20
LogDevObjectVersion:   Dev-Framework (CFFC743F-43B0-4480-9391-14DF171D2073): 28
LogDevObjectVersion:   Dev-Mobile (B02B49B5-BB20-44E9-A304-32B752E40360): 0
LogDevObjectVersion:   Dev-Networking (A4E4105C-59A1-49B5-A7C5-40C4547EDFEE): 0
LogDevObjectVersion:   Dev-Online (39C831C9-5AE6-47DC-9A44-9C173E1C8E7C): 0
LogDevObjectVersion:   Dev-Physics (78F01B33-EBEA-4F98-B9B4-84EACCB95AA2): 0
LogDevObjectVersion:   Dev-Platform (6631380F-2D4D-43E0-8009-CF276956A95A): 0
LogDevObjectVersion:   Dev-Rendering (12F88B9F-8875-4AFC-A67C-D90C383ABD29): 19
LogDevObjectVersion:   Dev-Sequencer (7B5AE74C-D270-4C10-A958-57980B212A5A): 4
LogDevObjectVersion:   Dev-VR (D7296918-1DD6-4BDD-9DE2-64A83CC13884): 0
LogDevObjectVersion:   Dev-LoadTimes (C2A15278-BFE7-4AFE-6C17-90FF531DF755): 1
LogDevObjectVersion:   Private-Geometry (6EACA3D4-40EC-4CC1-B786-8BED09428FC5): 1
LogDevObjectVersion:   Dev-AnimPhys (29E575DD-E0A3-4627-9D10-D276232CDCEA): 7
LogInit: Compiled (64-bit): Sep 22 2017 13:47:16
LogInit: Compiled with Visual C++: 19.00.24215.01
LogInit: Build Configuration: Development
LogInit: Branch Name: ++UE4+Release-4.17
LogInit: Command line: -EpicPortal 
LogInit: Base directory: C:/Program Files/Epic Games/UE_4.17/Engine/Binaries/Win64/
LogInit: Installed Engine Build: 1
LogInit: Presizing for max 8388607 objects, including 0 objects not considered by GC, pre-allocating 0 bytes for permanent pool.
LogInit: Object subsystem initialized
[2018.01.04-22.00.07:104][  0]LogInit: Selected Device Profile: [Windows]
[2018.01.04-22.00.07:104][  0]LogInit: Applying CVar settings loaded from the selected device profile: [Windows]
[2018.01.04-22.00.07:114][  0]LogInit: Computer: DESKTOP-E1AJGMH
[2018.01.04-22.00.07:114][  0]LogInit: User: Hubinnovation
[2018.01.04-22.00.07:114][  0]LogInit: CPU Page size=4096, Cores=4
[2018.01.04-22.00.07:114][  0]LogInit: High frequency timer resolution =3.914060 MHz
[2018.01.04-22.00.07:114][  0]LogMemory: Memory total: Physical=15.9GB (16GB approx)
[2018.01.04-22.00.07:114][  0]LogMemory: Platform Memory Stats for Windows
[2018.01.04-22.00.07:114][  0]LogMemory: Process Physical Memory: 282.08 MB used, 282.08 MB peak
[2018.01.04-22.00.07:114][  0]LogMemory: Process Virtual Memory: 276.00 MB used, 276.00 MB peak
[2018.01.04-22.00.07:114][  0]LogMemory: Physical Memory: 5326.03 MB used,  10978.29 MB free, 16304.32 MB total
[2018.01.04-22.00.07:114][  0]LogMemory: Virtual Memory: 698.54 MB used,  10978.29 MB free, 134217728.00 MB total
[2018.01.04-22.00.07:242][  0]LogInit: Using OS detected language (fr-FR).
[2018.01.04-22.00.07:242][  0]LogInit: Using OS detected locale (fr-FR).
[2018.01.04-22.00.07:244][  0]LogTextLocalizationManager: No localization for 'fr-FR' exists, so 'en' will be used for the language.
[2018.01.04-22.00.07:244][  0]LogTextLocalizationManager: No localization for 'fr-FR' exists, so 'en' will be used for the locale.
[2018.01.04-22.00.07:841][  0]LogD3D11RHI: D3D11 adapters:
[2018.01.04-22.00.07:876][  0]LogD3D11RHI:    0. 'NVIDIA GeForce GTX 1070' (Feature Level 11_0)
[2018.01.04-22.00.07:876][  0]LogD3D11RHI:       8100/0/8152 MB DedicatedVideo/DedicatedSystem/SharedSystem, Outputs:3, VendorId:0x10de
[2018.01.04-22.00.07:877][  0]LogD3D11RHI:    1. 'Microsoft Basic Render Driver' (Feature Level 11_0)
[2018.01.04-22.00.07:877][  0]LogD3D11RHI:       0/0/8152 MB DedicatedVideo/DedicatedSystem/SharedSystem, Outputs:0, VendorId:0x1414
[2018.01.04-22.00.07:878][  0]LogD3D11RHI: Chosen D3D11 Adapter: 0
[2018.01.04-22.00.07:881][  0]LogD3D11RHI: Creating new Direct3DDevice
[2018.01.04-22.00.07:881][  0]LogD3D11RHI:     GPU DeviceId: 0x1b81 (for the marketing name, search the web for "GPU Device Id")
[2018.01.04-22.00.07:881][  0]LogWindows: EnumDisplayDevices:
[2018.01.04-22.00.07:881][  0]LogWindows:    0. 'NVIDIA GeForce GTX 1070' (P:0 D:1)
[2018.01.04-22.00.07:881][  0]LogWindows:    1. 'NVIDIA GeForce GTX 1070' (P:0 D:1)
[2018.01.04-22.00.07:881][  0]LogWindows:    2. 'NVIDIA GeForce GTX 1070' (P:1 D:1)
[2018.01.04-22.00.07:881][  0]LogWindows:    3. 'NVIDIA GeForce GTX 1070' (P:0 D:0)
[2018.01.04-22.00.07:882][  0]LogWindows: DebugString: FoundDriverCount:4 
[2018.01.04-22.00.07:882][  0]LogD3D11RHI:     Adapter Name: NVIDIA GeForce GTX 1070
[2018.01.04-22.00.07:882][  0]LogD3D11RHI:   Driver Version: 388.13 (internal:23.21.13.8813, unified:388.13)
[2018.01.04-22.00.07:882][  0]LogD3D11RHI:      Driver Date: 10-27-2017
[2018.01.04-22.00.07:882][  0]LogRHI: Texture pool is 1361 MB (70% of 1945 MB)
[2018.01.04-22.00.07:906][  0]LogD3D11RHI: Async texture creation enabled
[2018.01.04-22.00.07:949][  0]LogD3D11RHI: GPU Timing Frequency: 1000.000000 (Debug: 2 1)
[2018.01.04-22.00.08:077][  0]LogShaderCompilers: Guid format shader working directory is -23 characters bigger than the processId version (../../../../../../Users/Hub-innovation/Documents/Unreal Projects/VR_Interaction/Intermediate/Shaders/WorkingDirectory/136/).
[2018.01.04-22.00.08:077][  0]LogShaderCompilers: Cleaned the shader compiler working directory 'C:/Users/Hub-innovation/AppData/Local/Temp/UnrealShaderWorkingDir/C1E077F6473EF4DA998FC59E24AD9ACD/'.
[2018.01.04-22.00.08:077][  0]LogShaderCompilers: Display: Using Local Shader Compiler.
[2018.01.04-22.00.09:099][  0]LogTemp: Display: Loaded TP AllDesktopTargetPlatform
[2018.01.04-22.00.09:139][  0]LogTemp: Display: Loaded TP MacClientTargetPlatform
[2018.01.04-22.00.09:182][  0]LogTemp: Display: Loaded TP MacNoEditorTargetPlatform
[2018.01.04-22.00.09:222][  0]LogTemp: Display: Loaded TP MacServerTargetPlatform
[2018.01.04-22.00.09:265][  0]LogTemp: Display: Loaded TP MacTargetPlatform
[2018.01.04-22.00.09:306][  0]LogTemp: Display: Loaded TP WindowsClientTargetPlatform
[2018.01.04-22.00.09:350][  0]LogTemp: Display: Loaded TP WindowsNoEditorTargetPlatform
[2018.01.04-22.00.09:391][  0]LogTemp: Display: Loaded TP WindowsServerTargetPlatform
[2018.01.04-22.00.09:428][  0]LogTemp: Display: Loaded TP WindowsTargetPlatform
[2018.01.04-22.00.09:470][  0]LogTemp: Display: Loaded TP AndroidTargetPlatform
[2018.01.04-22.00.09:511][  0]LogTemp: Display: Loaded TP Android_ASTCTargetPlatform
[2018.01.04-22.00.09:552][  0]LogTemp: Display: Loaded TP Android_ATCTargetPlatform
[2018.01.04-22.00.09:592][  0]LogTemp: Display: Loaded TP Android_DXTTargetPlatform
[2018.01.04-22.00.09:634][  0]LogTemp: Display: Loaded TP Android_ETC1TargetPlatform
[2018.01.04-22.00.09:675][  0]LogTemp: Display: Loaded TP Android_ETC2TargetPlatform
[2018.01.04-22.00.09:758][  0]LogTemp: Display: Loaded TP Android_MultiTargetPlatform
[2018.01.04-22.00.09:758][  0]LogTemp: Display: Loaded TP Android_PVRTCTargetPlatform
[2018.01.04-22.00.09:791][  0]LogTemp: Display: Loaded TP HTML5TargetPlatform
[2018.01.04-22.00.09:871][  0]LogTemp: Display: Loaded TP IOSTargetPlatform
[2018.01.04-22.00.09:903][  0]LogTemp: Display: Loaded TP TVOSTargetPlatform
[2018.01.04-22.00.09:949][  0]LogTemp: Display: Loaded TP LinuxClientTargetPlatform
[2018.01.04-22.00.09:992][  0]LogTemp: Display: Loaded TP LinuxNoEditorTargetPlatform
[2018.01.04-22.00.10:032][  0]LogTemp: Display: Loaded TP LinuxServerTargetPlatform
[2018.01.04-22.00.10:073][  0]LogTemp: Display: Loaded TP LinuxTargetPlatform
[2018.01.04-22.00.10:073][  0]LogTargetPlatformManager: Display: Building Assets For Windows
[2018.01.04-22.00.10:458][  0]LogDerivedDataCache: Display: Max Cache Size: 512 MB
[2018.01.04-22.00.10:533][  0]LogDerivedDataCache: Loaded boot cache 0.08s 106MB C:/Users/Hub-innovation/AppData/Local/UnrealEngine/4.17/DerivedDataCache/Boot.ddc.
[2018.01.04-22.00.10:533][  0]LogDerivedDataCache: Display: Loaded Boot cache: C:/Users/Hub-innovation/AppData/Local/UnrealEngine/4.17/DerivedDataCache/Boot.ddc
[2018.01.04-22.00.10:534][  0]LogDerivedDataCache: FDerivedDataBackendGraph:  Pak pak cache file ../../../../../../Users/Hub-innovation/Documents/Unreal Projects/VR_Interaction/DerivedDataCache/DDC.ddp not found, will not use a pak cache.
[2018.01.04-22.00.10:534][  0]LogDerivedDataCache: Unable to find inner node Pak for hierarchical cache Hierarchy.
[2018.01.04-22.00.10:534][  0]LogDerivedDataCache: FDerivedDataBackendGraph:  CompressedPak pak cache file ../../../../../../Users/Hub-innovation/Documents/Unreal Projects/VR_Interaction/DerivedDataCache/Compressed.ddp not found, will not use a pak cache.
[2018.01.04-22.00.10:534][  0]LogDerivedDataCache: Unable to find inner node CompressedPak for hierarchical cache Hierarchy.
[2018.01.04-22.00.10:549][  0]LogDerivedDataCache: Display: Pak cache opened for reading ../../../Engine/DerivedDataCache/Compressed.ddp.
[2018.01.04-22.00.10:561][  0]LogDerivedDataCache: Using Local data cache path C:/Users/Hub-innovation/AppData/Local/UnrealEngine/Common/DerivedDataCache: Writable
[2018.01.04-22.00.10:573][  0]LogMaterial: Verifying Global Shaders for PCD3D_SM5
[2018.01.04-22.00.10:574][  0]LogSlate: Using Freetype 2.6.0
[2018.01.04-22.00.10:574][  0]LogSlate: SlateFontCache - WITH_FREETYPE: 1, WITH_HARFBUZZ: 1
[2018.01.04-22.00.10:574][  0]LogSlate: SlateFontCache - WITH_FREETYPE: 1, WITH_HARFBUZZ: 1
[2018.01.04-22.00.10:804][  0]LogAssetRegistry: FAssetRegistry took 0.0249 seconds to start up
[2018.01.04-22.00.10:900][  0]LogInit: Selected Device Profile: [Windows]
[2018.01.04-22.00.11:025][  0]LogContentStreaming: Texture pool size is 0.00 MB
[2018.01.04-22.00.11:270][  0]LogSimplygon: Simplygon DLL not present - disabling.
[2018.01.04-22.00.11:303][  0]LogMeshReduction: Using SimplygonSwarm for distributed automatic mesh merging
[2018.01.04-22.00.11:304][  0]LogMeshReduction: Using QuadricMeshReduction for automatic static mesh reduction
[2018.01.04-22.00.11:304][  0]LogMeshReduction: No automatic skeletal mesh reduction module available
[2018.01.04-22.00.11:304][  0]LogMeshReduction: No automatic mesh merging module available
[2018.01.04-22.00.11:304][  0]LogMeshMerging: No automatic mesh merging module available
[2018.01.04-22.00.11:614][  0]LogNetVersion: VR_Interaction , NetCL: 3573198, EngineNetVer: 2, GameNetVer: 0 (Checksum: 1169913075)
[2018.01.04-22.00.11:780][  0]LogPackageLocalizationCache: Processed 5 localized package path(s) for 1 prioritized culture(s) in 0.021067 seconds
[2018.01.04-22.00.11:785][  0]LogUObjectArray: 35825 objects as part of root set at end of initial load.
[2018.01.04-22.00.11:785][  0]LogUObjectAllocator: 7529104 out of 0 bytes used by permanent object pool.
[2018.01.04-22.00.11:785][  0]LogUObjectArray: CloseDisregardForGC: 0/0 objects in disregard for GC pool
[2018.01.04-22.00.11:838][  0]LogInit: WinSock: version 1.1 (2.2), MaxSocks=32767, MaxUdp=65467
[2018.01.04-22.00.13:899][  0]LogTcpMessaging: Initializing TcpMessaging bridge
[2018.01.04-22.00.13:932][  0]LogUdpMessaging: Initializing bridge on interface 0.0.0.0:0 to multicast group 230.0.0.1:6666.
[2018.01.04-22.00.14:455][  0]LogMaterial: Uniform references updated for custom material expression Custom.
[2018.01.04-22.00.14:797][  0]SourceControl: Source control is disabled
[2018.01.04-22.00.14:797][  0]SourceControl: Source control is disabled
[2018.01.04-22.00.14:834][  0]SourceControl: Source control is disabled
[2018.01.04-22.00.14:869][  0]SourceControl: Source control is disabled
[2018.01.04-22.00.15:325][  0]LogAndroidPermission: UAndroidPermissionCallbackProxy::GetInstance
[2018.01.04-22.00.15:516][  0]LogOcInput: OculusInput pre-init called
[2018.01.04-22.00.15:719][  0]LogEngine: Initializing Engine...
[2018.01.04-22.00.15:767][  0]LogHMD: SteamVR initialized.  Driver: lighthouse  Display: LHR-005CE5B3
[2018.01.04-22.00.15:977][  0]LogStats: UGameplayTagsManager::ConstructGameplayTagTree: Construct from data asset -  0.000 s
[2018.01.04-22.00.15:977][  0]LogStats: UGameplayTagsManager::ConstructGameplayTagTree: GameplayTagTreeChangedEvent.Broadcast -  0.000 s
[2018.01.04-22.00.16:082][  0]LogAIModule: Creating AISystem for world Untitled
[2018.01.04-22.00.16:095][  0]LogInit: XAudio2 using 'Haut-parleurs (USB Audio Device)' : 2 channels at 44.1 kHz using 16 bits per sample (channel mask 0x3)
[2018.01.04-22.00.16:105][  0]LogInit: FAudioDevice initialized.
[2018.01.04-22.00.16:190][  0]LogDerivedDataCache: Saved boot cache 0.08s 106MB C:/Users/Hub-innovation/AppData/Local/UnrealEngine/4.17/DerivedDataCache/Boot.ddc.
[2018.01.04-22.00.16:201][  0]LogInit: Texture streaming: Enabled
[2018.01.04-22.00.16:290][  0]LogEngineSessionManager: EngineSessionManager initialized
[2018.01.04-22.00.16:462][  0]LogInit: Transaction tracking system initialized
[2018.01.04-22.00.16:710][  0]BlueprintLog: New page: Editor Load
[2018.01.04-22.00.17:409][  0]LocalizationService: Localization service is disabled
[2018.01.04-22.00.17:958][  0]LogConsoleResponse: Display: 
[2018.01.04-22.00.18:110][  0]LogCook: Display: Max memory allowance for cook 16384mb min free memory 0mb
[2018.01.04-22.00.18:110][  0]LogCook: Display: Mobile HDR setting 1
[2018.01.04-22.00.18:110][  0]LogGameplayTags: Display: UGameplayTagsManager::DoneAddingNativeTags. DelegateIsBound: 0
[2018.01.04-22.00.18:221][  0]LogFileCache: Scanning file cache for directory 'C:/Users/Hub-innovation/Documents/Unreal Projects/VR_Interaction/Content/' took 0.01s
[2018.01.04-22.00.18:925][  0]SourceControl: Source control is disabled
[2018.01.04-22.00.18:925][  0]Cmd: MAP LOAD FILE="../../../../../../Users/Hub-innovation/Documents/Unreal Projects/VR_Interaction/Content/VirtualRealityBP/Maps/MotionControllerMap.umap" TEMPLATE=0 SHOWPROGRESS=1 FEATURELEVEL=3
[2018.01.04-22.00.18:926][  0]LightingResults: New page: Lighting Build
[2018.01.04-22.00.18:959][  0]MapCheck: New page: Map Check
[2018.01.04-22.00.18:959][  0]LightingResults: New page: Lighting Build
[2018.01.04-22.00.19:528][  0]LogAIModule: Creating AISystem for world MotionControllerMap
[2018.01.04-22.00.19:536][  0]LogEditorServer: Finished looking for orphan Actors (0.000 secs)
[2018.01.04-22.00.19:547][  0]Cmd: MAP CHECKDEP NOCLEARLOG
[2018.01.04-22.00.19:587][  0]MapCheck: Map check complete: 0 Error(s), 0 Warning(s), took 40.094ms to complete.
[2018.01.04-22.00.19:587][  0]LogFileHelpers: Loading map 'MotionControllerMap' took 0.662
[2018.01.04-22.00.19:728][  0]LogCollectionManager: Loaded 0 collections in 0.001122 seconds
[2018.01.04-22.00.19:805][  0]LogFileCache: Scanning file cache for directory 'C:/Users/Hub-innovation/Documents/Unreal Projects/VR_Interaction/Saved/Collections/' took 0.01s
[2018.01.04-22.00.19:805][  0]LogFileCache: Scanning file cache for directory 'C:/Users/Hub-innovation/Documents/Unreal Projects/VR_Interaction/Content/Developers/Hubinnovation/Collections/' took 0.01s
[2018.01.04-22.00.19:805][  0]LogFileCache: Scanning file cache for directory 'C:/Users/Hub-innovation/Documents/Unreal Projects/VR_Interaction/Content/Collections/' took 0.01s
[2018.01.04-22.00.19:805][  0]LogCollectionManager: Rebuilt the GUID cache for 0 collections in 0.000001 seconds
[2018.01.04-22.00.19:812][  0]LogContentBrowser: Native class hierarchy populated in 0.0070 seconds. Added 2386 classes and 500 folders.
[2018.01.04-22.00.19:863][  0]LogContentBrowser: Native class hierarchy updated for 'WidgetCarousel' in 0.0005 seconds. Added 0 classes and 0 folders.
[2018.01.04-22.00.19:890][  0]LogContentBrowser: Native class hierarchy updated for 'AddContentDialog' in 0.0005 seconds. Added 0 classes and 0 folders.
[2018.01.04-22.00.19:943][  0]LogSlate: Took 0.000178 seconds to synchronously load lazily loaded font '../../../Engine/Content/Slate/Fonts/Roboto-Regular.ttf' (155K)
[2018.01.04-22.00.19:945][  0]LogSlate: Took 0.000280 seconds to synchronously load lazily loaded font '../../../Engine/Content/Slate/Fonts/Roboto-Bold.ttf' (160K)
[2018.01.04-22.00.19:950][  0]LogSlate: Took 0.000167 seconds to synchronously load lazily loaded font '../../../Engine/Content/Editor/Slate/Fonts/FontAwesome.ttf' (139K)
[2018.01.04-22.00.19:951][  0]LogSlate: Took 0.000098 seconds to synchronously load lazily loaded font '../../../Engine/Content/Editor/Slate/Fonts/DroidSansMono.ttf' (77K)
[2018.01.04-22.00.20:043][  0]LogRenderer: Reallocating scene render targets to support 1208x576 Format 26 NumSamples 1 (Frame:1).
[2018.01.04-22.00.20:199][  0]LogContentBrowser: Native class hierarchy updated for 'HierarchicalLODOutliner' in 0.0007 seconds. Added 1 classes and 2 folders.
[2018.01.04-22.00.20:199][  0]LogLoad: (Engine Initialization) Total time: 15.04 seconds
[2018.01.04-22.00.20:199][  0]LogLoad: (Engine Initialization) Total Blueprint compile time: 0.00 seconds
[2018.01.04-22.00.20:199][  0]LogExternalProfiler: Found external profiler: VSPerf
[2018.01.04-22.00.20:200][  0]LogExternalProfiler: Using external profiler: VSPerf
[2018.01.04-22.00.20:540][  0]LogSteamVRController: Controller role for device 2 is 0 (invalid=0, left=1, right=2).
[2018.01.04-22.00.20:540][  0]LogSteamVRController: Warning: Controller device 2 has no role set.  There is no 'left' controller according to steamvr, so we are pickign that.
[2018.01.04-22.00.20:540][  0]LogSteamVRController: Controller role for device 3 is 2 (invalid=0, left=1, right=2).
[2018.01.04-22.00.20:540][  0]LogSteamVRController: Putting controller 3 on the right hand because there is already a controller for the left.
[2018.01.04-22.00.20:558][  0]LogAssetRegistry: Asset discovery search completed in 9.7752 seconds
[2018.01.04-22.00.20:560][  0]LogCollectionManager: Rebuilt the object cache for 0 collections in 0.000000 seconds (found 0 objects)
[2018.01.04-22.00.20:560][  0]LogCollectionManager: Fixed up redirectors for 0 collections in 0.000144 seconds (updated 0 objects)
[2018.01.04-22.00.20:562][  0]LogContentStreaming: Texture pool size now 1000 MB
[2018.01.04-22.00.21:541][  3]LogSlate: Took 0.000199 seconds to synchronously load lazily loaded font '../../../Engine/Content/Slate/Fonts/Roboto-Light.ttf' (159K)
[2018.01.04-22.00.24:563][ 12]LogSlate: Took 0.000180 seconds to synchronously load lazily loaded font '../../../Engine/Content/Slate/Fonts/Roboto-Light.ttf' (159K)
[2018.01.04-22.00.28:852][303]LogTemp: Repeating last play command: VR Preview
[2018.01.04-22.00.28:893][303]LogBlueprintUserMessages: Early PlayInEditor Detection: Level '/Game/VirtualRealityBP/Maps/MotionControllerMap.MotionControllerMap:PersistentLevel' has LevelScriptBlueprint '/Game/VirtualRealityBP/Maps/MotionControllerMap.MotionControllerMap:PersistentLevel.MotionControllerMap' with GeneratedClass '/Game/VirtualRealityBP/Maps/MotionControllerMap.MotionControllerMap_C' with ClassGeneratedBy '/Game/VirtualRealityBP/Maps/MotionControllerMap.MotionControllerMap:PersistentLevel.MotionControllerMap'
[2018.01.04-22.00.28:893][303]LogPlayLevel: PlayLevel: No blueprints needed recompiling
[2018.01.04-22.00.28:894][303]PIE: New page: PIE session: MotionControllerMap (Jan 5, 2018, 12:00:28 AM)
[2018.01.04-22.00.28:894][303]LogPlayLevel: Creating play world package: /Game/VirtualRealityBP/Maps/UEDPIE_0_MotionControllerMap
[2018.01.04-22.00.28:905][303]LogPlayLevel: PIE: StaticDuplicateObject took: (0.010463s)
[2018.01.04-22.00.28:905][303]LogAIModule: Creating AISystem for world MotionControllerMap
[2018.01.04-22.00.28:905][303]LogPlayLevel: PIE: World Init took: (0.000634s)
[2018.01.04-22.00.28:905][303]LogPlayLevel: PIE: Created PIE world by copying editor world from /Game/VirtualRealityBP/Maps/MotionControllerMap.MotionControllerMap to /Game/VirtualRealityBP/Maps/UEDPIE_0_MotionControllerMap.MotionControllerMap (0.011333s)
[2018.01.04-22.00.28:921][303]LogInit: XAudio2 using 'Haut-parleurs (USB Audio Device)' : 2 channels at 44.1 kHz using 16 bits per sample (channel mask 0x3)
[2018.01.04-22.00.28:928][303]LogInit: FAudioDevice initialized.
[2018.01.04-22.00.29:052][303]LogUObjectGlobals: Warning: Failed to find object 'Class None.'
[2018.01.04-22.00.29:052][303]LogLoad: Game class is 'GameModeBase'
[2018.01.04-22.00.29:055][303]PIE: Warning: Invalid Simulate Options: Body (BP_buttonDown_50.StaticMesh Cube) is set to simulate physics but Collision Enabled is incompatible
[2018.01.04-22.00.29:055][303]PIE: Warning: Invalid Simulate Options: Body (BP_buttonDown_50.StaticMesh Cube) is set to simulate physics but Collision Enabled is incompatible
[2018.01.04-22.00.29:055][303]LogWorld: Bringing World /Game/VirtualRealityBP/Maps/UEDPIE_0_MotionControllerMap.MotionControllerMap up for play (max tick rate 0) at 2018.01.04-23.00.29
[2018.01.04-22.00.29:055][303]LogWorld: Bringing up level for play took: 0.001737
[2018.01.04-22.00.29:090][303]LogContentBrowser: Native class hierarchy updated for 'MovieSceneCapture' in 0.0008 seconds. Added 11 classes and 0 folders.
[2018.01.04-22.00.29:096][303]PIE: Play in editor start time for /Game/VirtualRealityBP/Maps/UEDPIE_0_MotionControllerMap 0.924
[2018.01.04-22.00.29:096][303]LogBlueprintUserMessages: Late PlayInEditor Detection: Level '/Game/VirtualRealityBP/Maps/MotionControllerMap.MotionControllerMap:PersistentLevel' has LevelScriptBlueprint '/Game/VirtualRealityBP/Maps/MotionControllerMap.MotionControllerMap:PersistentLevel.MotionControllerMap' with GeneratedClass '/Game/VirtualRealityBP/Maps/MotionControllerMap.MotionControllerMap_C' with ClassGeneratedBy '/Game/VirtualRealityBP/Maps/MotionControllerMap.MotionControllerMap:PersistentLevel.MotionControllerMap'
[2018.01.04-22.00.29:137][304]LogRenderer: Reallocating scene render targets to support 3024x1680 Format 26 NumSamples 1 (Frame:1).
[2018.01.04-22.00.34:814][811]LogScript: Warning: Infinite script recursion (250 calls) detected - see log for stack trace
	BP_MotionController_C /Game/VirtualRealityBP/Maps/UEDPIE_0_MotionControllerMap.MotionControllerMap:PersistentLevel.BP_MotionController_C_0
	Function /Game/VirtualRealityBP/Blueprints/BP_MotionController.BP_MotionController_C:ExecuteUbergraph_BP_MotionController:0000
[2018.01.04-22.00.34:814][811]PIE: Error: Infinite Loop detected in  BP_MotionController , asserted during  Branch with the following  Call Stack
[2018.01.04-22.00.34:815][811]LogBlueprintUserMessages: Early EndPlayMap Detection: Level '/Game/VirtualRealityBP/Maps/MotionControllerMap.MotionControllerMap:PersistentLevel' has LevelScriptBlueprint '/Game/VirtualRealityBP/Maps/MotionControllerMap.MotionControllerMap:PersistentLevel.MotionControllerMap' with GeneratedClass '/Game/VirtualRealityBP/Maps/MotionControllerMap.MotionControllerMap_C' with ClassGeneratedBy '/Game/VirtualRealityBP/Maps/MotionControllerMap.MotionControllerMap:PersistentLevel.MotionControllerMap'
[2018.01.04-22.00.34:978][811]LogBlueprintUserMessages: Late EndPlayMap Detection: Level '/Game/VirtualRealityBP/Maps/MotionControllerMap.MotionControllerMap:PersistentLevel' has LevelScriptBlueprint '/Game/VirtualRealityBP/Maps/MotionControllerMap.MotionControllerMap:PersistentLevel.MotionControllerMap' with GeneratedClass '/Game/VirtualRealityBP/Maps/MotionControllerMap.MotionControllerMap_C' with ClassGeneratedBy '/Game/VirtualRealityBP/Maps/MotionControllerMap.MotionControllerMap:PersistentLevel.MotionControllerMap'
[2018.01.04-22.01.24:591][ 50]LogEditorViewport: Clicking on Actor (LMB): BP_buttonDown_C (BP_buttonDown)
[2018.01.04-22.01.27:251][355]LogEditorViewport: Clicking on Actor (LMB): BP_buttonDown_C (BP_buttonDown)
[2018.01.04-22.01.27:309][360]LogEditorViewport: Clicking on Component (LMB): StaticMeshComponent (StaticMesh)
[2018.01.04-22.01.30:323][604]LogSlate: Took 0.000113 seconds to synchronously load lazily loaded font '../../../Engine/Content/Slate/Fonts/Roboto-Light.ttf' (159K)
[2018.01.04-22.01.30:644][604]LogContentBrowser: Native class hierarchy updated for 'BlueprintGraph' in 0.0008 seconds. Added 113 classes and 0 folders.
[2018.01.04-22.01.31:161][604]LogSlate: Took 0.000124 seconds to synchronously load lazily loaded font '../../../Engine/Content/Slate/Fonts/Roboto-Regular.ttf' (155K)
[2018.01.04-22.01.31:211][604]LogSlate: Took 0.000156 seconds to synchronously load lazily loaded font '../../../Engine/Content/Editor/Slate/Fonts/Roboto-BoldCondensed.ttf' (158K)
[2018.01.04-22.01.31:262][605]LogSlate: Took 0.000166 seconds to synchronously load lazily loaded font '../../../Engine/Content/Editor/Slate/Fonts/Roboto-Italic.ttf' (157K)
[2018.01.04-22.05.17:064][161]LogTemp: Repeating last play command: VR Preview
[2018.01.04-22.05.17:092][161]LogBlueprintUserMessages: Early PlayInEditor Detection: Level '/Game/VirtualRealityBP/Maps/MotionControllerMap.MotionControllerMap:PersistentLevel' has LevelScriptBlueprint '/Game/VirtualRealityBP/Maps/MotionControllerMap.MotionControllerMap:PersistentLevel.MotionControllerMap' with GeneratedClass '/Game/VirtualRealityBP/Maps/MotionControllerMap.MotionControllerMap_C' with ClassGeneratedBy '/Game/VirtualRealityBP/Maps/MotionControllerMap.MotionControllerMap:PersistentLevel.MotionControllerMap'
[2018.01.04-22.05.17:092][161]BlueprintLog: New page: Pre-Play auto-recompile
[2018.01.04-22.05.17:095][161]LogPlayLevel: [PlayLevel] Compiling BP_buttonDown before play...
[2018.01.04-22.05.17:414][161]LogPlayLevel: PlayLevel: Blueprint regeneration took 322 ms (1 blueprints)
[2018.01.04-22.05.17:414][161]PIE: New page: PIE session: MotionControllerMap (Jan 5, 2018, 12:05:17 AM)
[2018.01.04-22.05.17:414][161]LogPlayLevel: Creating play world package: /Game/VirtualRealityBP/Maps/UEDPIE_0_MotionControllerMap
[2018.01.04-22.05.17:422][161]LogPlayLevel: PIE: StaticDuplicateObject took: (0.007957s)
[2018.01.04-22.05.17:423][161]LogAIModule: Creating AISystem for world MotionControllerMap
[2018.01.04-22.05.17:423][161]LogPlayLevel: PIE: World Init took: (0.000617s)
[2018.01.04-22.05.17:423][161]LogPlayLevel: PIE: Created PIE world by copying editor world from /Game/VirtualRealityBP/Maps/MotionControllerMap.MotionControllerMap to /Game/VirtualRealityBP/Maps/UEDPIE_0_MotionControllerMap.MotionControllerMap (0.008792s)
[2018.01.04-22.05.17:443][161]LogInit: XAudio2 using 'Haut-parleurs (USB Audio Device)' : 2 channels at 44.1 kHz using 16 bits per sample (channel mask 0x3)
[2018.01.04-22.05.17:450][161]LogInit: FAudioDevice initialized.
[2018.01.04-22.05.17:571][161]LogUObjectGlobals: Warning: Failed to find object 'Class None.'
[2018.01.04-22.05.17:571][161]LogLoad: Game class is 'GameModeBase'
[2018.01.04-22.05.17:573][161]PIE: Warning: Invalid Simulate Options: Body (BP_buttonDown_50.StaticMesh Cube) is set to simulate physics but Collision Enabled is incompatible
[2018.01.04-22.05.17:573][161]PIE: Warning: Invalid Simulate Options: Body (BP_buttonDown_50.StaticMesh Cube) is set to simulate physics but Collision Enabled is incompatible
[2018.01.04-22.05.17:574][161]LogWorld: Bringing World /Game/VirtualRealityBP/Maps/UEDPIE_0_MotionControllerMap.MotionControllerMap up for play (max tick rate 0) at 2018.01.04-23.05.17
[2018.01.04-22.05.17:574][161]LogWorld: Bringing up level for play took: 0.001862
[2018.01.04-22.05.17:584][161]PIE: Play in editor start time for /Game/VirtualRealityBP/Maps/UEDPIE_0_MotionControllerMap 1.412
[2018.01.04-22.05.17:584][161]LogBlueprintUserMessages: Late PlayInEditor Detection: Level '/Game/VirtualRealityBP/Maps/MotionControllerMap.MotionControllerMap:PersistentLevel' has LevelScriptBlueprint '/Game/VirtualRealityBP/Maps/MotionControllerMap.MotionControllerMap:PersistentLevel.MotionControllerMap' with GeneratedClass '/Game/VirtualRealityBP/Maps/MotionControllerMap.MotionControllerMap_C' with ClassGeneratedBy '/Game/VirtualRealityBP/Maps/MotionControllerMap.MotionControllerMap:PersistentLevel.MotionControllerMap'
[2018.01.04-22.05.34:746][549]LogHMD: Warning:  SteamVR Compositor had an error on present (108)
[2018.01.04-22.05.34:746][549]LogBlueprintUserMessages: Early EndPlayMap Detection: Level '/Game/VirtualRealityBP/Maps/MotionControllerMap.MotionControllerMap:PersistentLevel' has LevelScriptBlueprint '/Game/VirtualRealityBP/Maps/MotionControllerMap.MotionControllerMap:PersistentLevel.MotionControllerMap' with GeneratedClass '/Game/VirtualRealityBP/Maps/MotionControllerMap.MotionControllerMap_C' with ClassGeneratedBy '/Game/VirtualRealityBP/Maps/MotionControllerMap.MotionControllerMap:PersistentLevel.MotionControllerMap'
[2018.01.04-22.05.35:156][549]LogBlueprintUserMessages: Late EndPlayMap Detection: Level '/Game/VirtualRealityBP/Maps/MotionControllerMap.MotionControllerMap:PersistentLevel' has LevelScriptBlueprint '/Game/VirtualRealityBP/Maps/MotionControllerMap.MotionControllerMap:PersistentLevel.MotionControllerMap' with GeneratedClass '/Game/VirtualRealityBP/Maps/MotionControllerMap.MotionControllerMap_C' with ClassGeneratedBy '/Game/VirtualRealityBP/Maps/MotionControllerMap.MotionControllerMap:PersistentLevel.MotionControllerMap'
[2018.01.04-22.06.04:303][375]LogTemp: Repeating last play command: VR Preview
[2018.01.04-22.06.04:327][375]LogBlueprintUserMessages: Early PlayInEditor Detection: Level '/Game/VirtualRealityBP/Maps/MotionControllerMap.MotionControllerMap:PersistentLevel' has LevelScriptBlueprint '/Game/VirtualRealityBP/Maps/MotionControllerMap.MotionControllerMap:PersistentLevel.MotionControllerMap' with GeneratedClass '/Game/VirtualRealityBP/Maps/MotionControllerMap.MotionControllerMap_C' with ClassGeneratedBy '/Game/VirtualRealityBP/Maps/MotionControllerMap.MotionControllerMap:PersistentLevel.MotionControllerMap'
[2018.01.04-22.06.04:327][375]BlueprintLog: New page: Pre-Play auto-recompile
[2018.01.04-22.06.04:331][375]LogPlayLevel: [PlayLevel] Compiling BP_buttonDown before play...
[2018.01.04-22.06.04:657][375]LogPlayLevel: PlayLevel: Blueprint regeneration took 329 ms (1 blueprints)
[2018.01.04-22.06.04:657][375]PIE: New page: PIE session: MotionControllerMap (Jan 5, 2018, 12:06:04 AM)
[2018.01.04-22.06.04:657][375]LogPlayLevel: Creating play world package: /Game/VirtualRealityBP/Maps/UEDPIE_0_MotionControllerMap
[2018.01.04-22.06.04:665][375]LogPlayLevel: PIE: StaticDuplicateObject took: (0.007987s)
[2018.01.04-22.06.04:666][375]LogAIModule: Creating AISystem for world MotionControllerMap
[2018.01.04-22.06.04:666][375]LogPlayLevel: PIE: World Init took: (0.000571s)
[2018.01.04-22.06.04:666][375]LogPlayLevel: PIE: Created PIE world by copying editor world from /Game/VirtualRealityBP/Maps/MotionControllerMap.MotionControllerMap to /Game/VirtualRealityBP/Maps/UEDPIE_0_MotionControllerMap.MotionControllerMap (0.008763s)
[2018.01.04-22.06.04:686][375]LogInit: XAudio2 using 'Haut-parleurs (USB Audio Device)' : 2 channels at 44.1 kHz using 16 bits per sample (channel mask 0x3)
[2018.01.04-22.06.04:692][375]LogInit: FAudioDevice initialized.
[2018.01.04-22.06.04:805][375]LogUObjectGlobals: Warning: Failed to find object 'Class None.'
[2018.01.04-22.06.04:805][375]LogLoad: Game class is 'GameModeBase'
[2018.01.04-22.06.04:807][375]PIE: Warning: Invalid Simulate Options: Body (BP_buttonDown_50.StaticMesh Cube) is set to simulate physics but Collision Enabled is incompatible
[2018.01.04-22.06.04:807][375]PIE: Warning: Invalid Simulate Options: Body (BP_buttonDown_50.StaticMesh Cube) is set to simulate physics but Collision Enabled is incompatible
[2018.01.04-22.06.04:807][375]LogWorld: Bringing World /Game/VirtualRealityBP/Maps/UEDPIE_0_MotionControllerMap.MotionControllerMap up for play (max tick rate 0) at 2018.01.04-23.06.04
[2018.01.04-22.06.04:808][375]LogWorld: Bringing up level for play took: 0.001864
[2018.01.04-22.06.04:816][375]PIE: Play in editor start time for /Game/VirtualRealityBP/Maps/UEDPIE_0_MotionControllerMap 0.644
[2018.01.04-22.06.04:816][375]LogBlueprintUserMessages: Late PlayInEditor Detection: Level '/Game/VirtualRealityBP/Maps/MotionControllerMap.MotionControllerMap:PersistentLevel' has LevelScriptBlueprint '/Game/VirtualRealityBP/Maps/MotionControllerMap.MotionControllerMap:PersistentLevel.MotionControllerMap' with GeneratedClass '/Game/VirtualRealityBP/Maps/MotionControllerMap.MotionControllerMap_C' with ClassGeneratedBy '/Game/VirtualRealityBP/Maps/MotionControllerMap.MotionControllerMap:PersistentLevel.MotionControllerMap'
[2018.01.04-22.06.18:517][520]LogHMD: Warning:  SteamVR Compositor had an error on present (108)
[2018.01.04-22.06.18:540][521]LogHMD: Warning:  SteamVR Compositor had an error on present (108)
[2018.01.04-22.06.18:563][522]LogHMD: Warning:  SteamVR Compositor had an error on present (108)
[2018.01.04-22.06.18:580][522]LogHMD: Warning:  SteamVR Compositor had an error on present (108)
[2018.01.04-22.06.18:580][522]LogBlueprintUserMessages: Early EndPlayMap Detection: Level '/Game/VirtualRealityBP/Maps/MotionControllerMap.MotionControllerMap:PersistentLevel' has LevelScriptBlueprint '/Game/VirtualRealityBP/Maps/MotionControllerMap.MotionControllerMap:PersistentLevel.MotionControllerMap' with GeneratedClass '/Game/VirtualRealityBP/Maps/MotionControllerMap.MotionControllerMap_C' with ClassGeneratedBy '/Game/VirtualRealityBP/Maps/MotionControllerMap.MotionControllerMap:PersistentLevel.MotionControllerMap'
[2018.01.04-22.06.18:738][522]LogBlueprintUserMessages: Late EndPlayMap Detection: Level '/Game/VirtualRealityBP/Maps/MotionControllerMap.MotionControllerMap:PersistentLevel' has LevelScriptBlueprint '/Game/VirtualRealityBP/Maps/MotionControllerMap.MotionControllerMap:PersistentLevel.MotionControllerMap' with GeneratedClass '/Game/VirtualRealityBP/Maps/MotionControllerMap.MotionControllerMap_C' with ClassGeneratedBy '/Game/VirtualRealityBP/Maps/MotionControllerMap.MotionControllerMap:PersistentLevel.MotionControllerMap'
[2018.01.04-22.10.58:814][971]LogSavePackage: Save=112.74ms
[2018.01.04-22.10.58:814][971]LogSavePackage: Moving '../../../../../../Users/Hub-innovation/Documents/Unreal Projects/VR_Interaction/Saved/MotionControllerMap_Auto1AB1F09B44D0186839BA8E4B2DBB974EF.tmp' to '../../../../../../Users/Hub-innovation/Documents/Unreal Projects/VR_Interaction/Saved/Autosaves/Game/VirtualRealityBP/Maps/MotionControllerMap_Auto1.umap'
[2018.01.04-22.10.58:816][971]LogSavePackage: Display: Finished SavePackage ../../../../../../Users/Hub-innovation/Documents/Unreal Projects/VR_Interaction/Saved/Autosaves/Game/VirtualRealityBP/Maps/MotionControllerMap_Auto1.umap
[2018.01.04-22.10.58:818][971]LogFileHelpers: Editor autosave (incl. sublevels) for '/Game/VirtualRealityBP/Maps/MotionControllerMap' took 0.149
[2018.01.04-22.10.58:818][971]LogFileHelpers: Editor autosave (incl. sublevels) for all levels took 0.149
[2018.01.04-22.10.58:827][971]OBJ SavePackage: Generating thumbnails for [1] asset(s) in package [/Game/VirtualRealityBP/Blueprints/BP_buttonDown] ([1] browsable assets)...
[2018.01.04-22.10.58:844][971]OBJ SavePackage:     Rendered thumbnail for [Blueprint /Game/VirtualRealityBP/Blueprints/BP_buttonDown.BP_buttonDown]
[2018.01.04-22.10.58:844][971]OBJ SavePackage: Finished generating thumbnails for package [/Game/VirtualRealityBP/Blueprints/BP_buttonDown]
[2018.01.04-22.10.58:884][971]LogSavePackage: Save=26.43ms
[2018.01.04-22.10.58:884][971]LogSavePackage: Moving '../../../../../../Users/Hub-innovation/Documents/Unreal Projects/VR_Interaction/Saved/BP_buttonDown_Auto1DEDC00BF4787F15EB073709D3E4F3B96.tmp' to '../../../../../../Users/Hub-innovation/Documents/Unreal Projects/VR_Interaction/Saved/Autosaves/Game/VirtualRealityBP/Blueprints/BP_buttonDown_Auto1.uasset'
[2018.01.04-22.10.58:885][971]LogSavePackage: Display: Finished SavePackage ../../../../../../Users/Hub-innovation/Documents/Unreal Projects/VR_Interaction/Saved/Autosaves/Game/VirtualRealityBP/Blueprints/BP_buttonDown_Auto1.uasset
[2018.01.04-22.10.58:885][971]LogFileHelpers: Auto-saving content packages took 0.059
[2018.01.04-22.14.46:485][297]BlueprintLog: New page: Compile BP_buttonDown
[2018.01.04-22.20.07:864][902]LogEditorTransaction: Undo Create Pin Link
[2018.01.04-22.20.27:003][618]BlueprintLog: New page: Compile BP_buttonDown
[2018.01.04-22.20.57:239][719]LogTemp: Repeating last play command: VR Preview
[2018.01.04-22.20.57:265][719]LogBlueprintUserMessages: Early PlayInEditor Detection: Level '/Game/VirtualRealityBP/Maps/MotionControllerMap.MotionControllerMap:PersistentLevel' has LevelScriptBlueprint '/Game/VirtualRealityBP/Maps/MotionControllerMap.MotionControllerMap:PersistentLevel.MotionControllerMap' with GeneratedClass '/Game/VirtualRealityBP/Maps/MotionControllerMap.MotionControllerMap_C' with ClassGeneratedBy '/Game/VirtualRealityBP/Maps/MotionControllerMap.MotionControllerMap:PersistentLevel.MotionControllerMap'
[2018.01.04-22.20.57:266][719]BlueprintLog: New page: Pre-Play auto-recompile
[2018.01.04-22.20.57:270][719]LogPlayLevel: [PlayLevel] Compiling BP_buttonDown before play...
[2018.01.04-22.20.57:550][719]LogPlayLevel: PlayLevel: Blueprint regeneration took 284 ms (1 blueprints)
[2018.01.04-22.20.57:550][719]PIE: New page: PIE session: MotionControllerMap (Jan 5, 2018, 12:20:57 AM)
[2018.01.04-22.20.57:550][719]LogPlayLevel: Creating play world package: /Game/VirtualRealityBP/Maps/UEDPIE_0_MotionControllerMap
[2018.01.04-22.20.57:558][719]LogPlayLevel: PIE: StaticDuplicateObject took: (0.007794s)
[2018.01.04-22.20.57:558][719]LogAIModule: Creating AISystem for world MotionControllerMap
[2018.01.04-22.20.57:558][719]LogPlayLevel: PIE: World Init took: (0.000655s)
[2018.01.04-22.20.57:559][719]LogPlayLevel: PIE: Created PIE world by copying editor world from /Game/VirtualRealityBP/Maps/MotionControllerMap.MotionControllerMap to /Game/VirtualRealityBP/Maps/UEDPIE_0_MotionControllerMap.MotionControllerMap (0.008659s)
[2018.01.04-22.20.57:579][719]LogInit: XAudio2 using 'Haut-parleurs (USB Audio Device)' : 2 channels at 44.1 kHz using 16 bits per sample (channel mask 0x3)
[2018.01.04-22.20.57:586][719]LogInit: FAudioDevice initialized.
[2018.01.04-22.20.57:693][719]LogUObjectGlobals: Warning: Failed to find object 'Class None.'
[2018.01.04-22.20.57:693][719]LogLoad: Game class is 'GameModeBase'
[2018.01.04-22.20.57:695][719]PIE: Warning: Invalid Simulate Options: Body (BP_buttonDown_50.StaticMesh Cube) is set to simulate physics but Collision Enabled is incompatible
[2018.01.04-22.20.57:695][719]PIE: Warning: Invalid Simulate Options: Body (BP_buttonDown_50.StaticMesh Cube) is set to simulate physics but Collision Enabled is incompatible
[2018.01.04-22.20.57:695][719]LogWorld: Bringing World /Game/VirtualRealityBP/Maps/UEDPIE_0_MotionControllerMap.MotionControllerMap up for play (max tick rate 0) at 2018.01.04-23.20.57
[2018.01.04-22.20.57:695][719]LogWorld: Bringing up level for play took: 0.002116
[2018.01.04-22.20.57:704][719]PIE: Play in editor start time for /Game/VirtualRealityBP/Maps/UEDPIE_0_MotionControllerMap -0.467
[2018.01.04-22.20.57:705][719]LogBlueprintUserMessages: Late PlayInEditor Detection: Level '/Game/VirtualRealityBP/Maps/MotionControllerMap.MotionControllerMap:PersistentLevel' has LevelScriptBlueprint '/Game/VirtualRealityBP/Maps/MotionControllerMap.MotionControllerMap:PersistentLevel.MotionControllerMap' with GeneratedClass '/Game/VirtualRealityBP/Maps/MotionControllerMap.MotionControllerMap_C' with ClassGeneratedBy '/Game/VirtualRealityBP/Maps/MotionControllerMap.MotionControllerMap:PersistentLevel.MotionControllerMap'
[2018.01.04-22.21.10:295][842]LogScript: Warning: Infinite script recursion (250 calls) detected - see log for stack trace
	BP_MotionController_C /Game/VirtualRealityBP/Maps/UEDPIE_0_MotionControllerMap.MotionControllerMap:PersistentLevel.BP_MotionController_C_1
	Function /Game/VirtualRealityBP/Blueprints/BP_MotionController.BP_MotionController_C:ExecuteUbergraph_BP_MotionController:0000
[2018.01.04-22.21.10:295][842]PIE: Error: Infinite Loop detected in  BP_MotionController , asserted during  Branch with the following  Call Stack
[2018.01.04-22.21.10:296][842]LogBlueprintUserMessages: Early EndPlayMap Detection: Level '/Game/VirtualRealityBP/Maps/MotionControllerMap.MotionControllerMap:PersistentLevel' has LevelScriptBlueprint '/Game/VirtualRealityBP/Maps/MotionControllerMap.MotionControllerMap:PersistentLevel.MotionControllerMap' with GeneratedClass '/Game/VirtualRealityBP/Maps/MotionControllerMap.MotionControllerMap_C' with ClassGeneratedBy '/Game/VirtualRealityBP/Maps/MotionControllerMap.MotionControllerMap:PersistentLevel.MotionControllerMap'
[2018.01.04-22.21.10:496][842]LogBlueprintUserMessages: Late EndPlayMap Detection: Level '/Game/VirtualRealityBP/Maps/MotionControllerMap.MotionControllerMap:PersistentLevel' has LevelScriptBlueprint '/Game/VirtualRealityBP/Maps/MotionControllerMap.MotionControllerMap:PersistentLevel.MotionControllerMap' with GeneratedClass '/Game/VirtualRealityBP/Maps/MotionControllerMap.MotionControllerMap_C' with ClassGeneratedBy '/Game/VirtualRealityBP/Maps/MotionControllerMap.MotionControllerMap:PersistentLevel.MotionControllerMap'
[2018.01.04-22.22.23:521][997]LogSavePackage: Save=111.51ms
[2018.01.04-22.22.23:521][997]LogSavePackage: Moving '../../../../../../Users/Hub-innovation/Documents/Unreal Projects/VR_Interaction/Saved/MotionControllerMap_Auto2E7434E4A458E42DB726C6694CE4EDC84.tmp' to '../../../../../../Users/Hub-innovation/Documents/Unreal Projects/VR_Interaction/Saved/Autosaves/Game/VirtualRealityBP/Maps/MotionControllerMap_Auto2.umap'
[2018.01.04-22.22.23:522][997]LogSavePackage: Display: Finished SavePackage ../../../../../../Users/Hub-innovation/Documents/Unreal Projects/VR_Interaction/Saved/Autosaves/Game/VirtualRealityBP/Maps/MotionControllerMap_Auto2.umap
[2018.01.04-22.22.23:524][997]LogFileHelpers: Editor autosave (incl. sublevels) for '/Game/VirtualRealityBP/Maps/MotionControllerMap' took 0.148
[2018.01.04-22.22.23:524][997]LogFileHelpers: Editor autosave (incl. sublevels) for all levels took 0.148
[2018.01.04-22.22.23:538][997]OBJ SavePackage: Generating thumbnails for [1] asset(s) in package [/Game/VirtualRealityBP/Blueprints/BP_buttonDown] ([1] browsable assets)...
[2018.01.04-22.22.23:564][997]OBJ SavePackage:     Rendered thumbnail for [Blueprint /Game/VirtualRealityBP/Blueprints/BP_buttonDown.BP_buttonDown]
[2018.01.04-22.22.23:564][997]OBJ SavePackage: Finished generating thumbnails for package [/Game/VirtualRealityBP/Blueprints/BP_buttonDown]
[2018.01.04-22.22.23:613][997]LogSavePackage: Save=34.29ms
[2018.01.04-22.22.23:613][997]LogSavePackage: Moving '../../../../../../Users/Hub-innovation/Documents/Unreal Projects/VR_Interaction/Saved/BP_buttonDown_Auto2BC1DB4C548F72A2598DD988B49CCC42B.tmp' to '../../../../../../Users/Hub-innovation/Documents/Unreal Projects/VR_Interaction/Saved/Autosaves/Game/VirtualRealityBP/Blueprints/BP_buttonDown_Auto2.uasset'
[2018.01.04-22.22.23:614][997]LogSavePackage: Display: Finished SavePackage ../../../../../../Users/Hub-innovation/Documents/Unreal Projects/VR_Interaction/Saved/Autosaves/Game/VirtualRealityBP/Blueprints/BP_buttonDown_Auto2.uasset
[2018.01.04-22.22.23:614][997]LogFileHelpers: Auto-saving content packages took 0.076
[2018.01.04-22.23.07:913][581]LogTemp: Repeating last play command: VR Preview
[2018.01.04-22.23.07:940][581]LogBlueprintUserMessages: Early PlayInEditor Detection: Level '/Game/VirtualRealityBP/Maps/MotionControllerMap.MotionControllerMap:PersistentLevel' has LevelScriptBlueprint '/Game/VirtualRealityBP/Maps/MotionControllerMap.MotionControllerMap:PersistentLevel.MotionControllerMap' with GeneratedClass '/Game/VirtualRealityBP/Maps/MotionControllerMap.MotionControllerMap_C' with ClassGeneratedBy '/Game/VirtualRealityBP/Maps/MotionControllerMap.MotionControllerMap:PersistentLevel.MotionControllerMap'
[2018.01.04-22.23.07:940][581]BlueprintLog: New page: Pre-Play auto-recompile
[2018.01.04-22.23.08:014][581]LogPlayLevel: [PlayLevel] Compiling BP_MotionController before play...
[2018.01.04-22.23.08:066][581]LogPlayLevel: [PlayLevel]   Compiling BP_Axe as a dependent...
[2018.01.04-22.23.08:071][581]LogPlayLevel: [PlayLevel]   Compiling BP_PickupCube as a dependent...
[2018.01.04-22.23.08:076][581]LogPlayLevel: [PlayLevel]   Compiling MotionControllerPawn as a dependent...
[2018.01.04-22.23.09:701][581]LogPlayLevel: PlayLevel: Blueprint regeneration took 1761 ms (4 blueprints)
[2018.01.04-22.23.09:702][581]PIE: New page: PIE session: MotionControllerMap (Jan 5, 2018, 12:23:09 AM)
[2018.01.04-22.23.09:702][581]LogPlayLevel: Creating play world package: /Game/VirtualRealityBP/Maps/UEDPIE_0_MotionControllerMap
[2018.01.04-22.23.09:709][581]LogPlayLevel: PIE: StaticDuplicateObject took: (0.007787s)
[2018.01.04-22.23.09:710][581]LogAIModule: Creating AISystem for world MotionControllerMap
[2018.01.04-22.23.09:710][581]LogPlayLevel: PIE: World Init took: (0.000743s)
[2018.01.04-22.23.09:710][581]LogPlayLevel: PIE: Created PIE world by copying editor world from /Game/VirtualRealityBP/Maps/MotionControllerMap.MotionControllerMap to /Game/VirtualRealityBP/Maps/UEDPIE_0_MotionControllerMap.MotionControllerMap (0.008756s)
[2018.01.04-22.23.09:732][581]LogInit: XAudio2 using 'Haut-parleurs (USB Audio Device)' : 2 channels at 44.1 kHz using 16 bits per sample (channel mask 0x3)
[2018.01.04-22.23.09:739][581]LogInit: FAudioDevice initialized.
[2018.01.04-22.23.09:866][581]LogUObjectGlobals: Warning: Failed to find object 'Class None.'
[2018.01.04-22.23.09:866][581]LogLoad: Game class is 'GameModeBase'
[2018.01.04-22.23.09:867][581]PIE: Warning: Invalid Simulate Options: Body (BP_buttonDown_50.StaticMesh Cube) is set to simulate physics but Collision Enabled is incompatible
[2018.01.04-22.23.09:867][581]PIE: Warning: Invalid Simulate Options: Body (BP_buttonDown_50.StaticMesh Cube) is set to simulate physics but Collision Enabled is incompatible
[2018.01.04-22.23.09:868][581]LogWorld: Bringing World /Game/VirtualRealityBP/Maps/UEDPIE_0_MotionControllerMap.MotionControllerMap up for play (max tick rate 0) at 2018.01.04-23.23.09
[2018.01.04-22.23.09:868][581]LogWorld: Bringing up level for play took: 0.001849
[2018.01.04-22.23.09:882][581]PIE: Play in editor start time for /Game/VirtualRealityBP/Maps/UEDPIE_0_MotionControllerMap 1.711
[2018.01.04-22.23.09:883][581]LogBlueprintUserMessages: Late PlayInEditor Detection: Level '/Game/VirtualRealityBP/Maps/MotionControllerMap.MotionControllerMap:PersistentLevel' has LevelScriptBlueprint '/Game/VirtualRealityBP/Maps/MotionControllerMap.MotionControllerMap:PersistentLevel.MotionControllerMap' with GeneratedClass '/Game/VirtualRealityBP/Maps/MotionControllerMap.MotionControllerMap_C' with ClassGeneratedBy '/Game/VirtualRealityBP/Maps/MotionControllerMap.MotionControllerMap:PersistentLevel.MotionControllerMap'
[2018.01.04-22.24.14:008][172]LogHMD: Warning:  SteamVR Compositor had an error on present (108)
[2018.01.04-22.24.14:036][172]LogHMD: Warning:  SteamVR Compositor had an error on present (108)
[2018.01.04-22.24.14:036][172]LogBlueprintUserMessages: Early EndPlayMap Detection: Level '/Game/VirtualRealityBP/Maps/MotionControllerMap.MotionControllerMap:PersistentLevel' has LevelScriptBlueprint '/Game/VirtualRealityBP/Maps/MotionControllerMap.MotionControllerMap:PersistentLevel.MotionControllerMap' with GeneratedClass '/Game/VirtualRealityBP/Maps/MotionControllerMap.MotionControllerMap_C' with ClassGeneratedBy '/Game/VirtualRealityBP/Maps/MotionControllerMap.MotionControllerMap:PersistentLevel.MotionControllerMap'
[2018.01.04-22.24.14:192][172]LogBlueprintUserMessages: Late EndPlayMap Detection: Level '/Game/VirtualRealityBP/Maps/MotionControllerMap.MotionControllerMap:PersistentLevel' has LevelScriptBlueprint '/Game/VirtualRealityBP/Maps/MotionControllerMap.MotionControllerMap:PersistentLevel.MotionControllerMap' with GeneratedClass '/Game/VirtualRealityBP/Maps/MotionControllerMap.MotionControllerMap_C' with ClassGeneratedBy '/Game/VirtualRealityBP/Maps/MotionControllerMap.MotionControllerMap:PersistentLevel.MotionControllerMap'
[2018.01.04-22.24.39:056][286]BlueprintLog: New page: Compile BP_MotionController
[2018.01.04-22.27.02:110][626]LogActorComponent: UnregisterComponent: (/Engine/Transient.EditorFloorComp) Not registered. Aborting.
[2018.01.04-22.27.06:470][844]LogSavePackage: Save=27.74ms
[2018.01.04-22.27.06:470][844]LogSavePackage: Moving '../../../../../../Users/Hub-innovation/Documents/Unreal Projects/VR_Interaction/Saved/BP_buttonDownF6810CD84C775720F0E975A8A101056F.tmp' to '../../../../../../Users/Hub-innovation/Documents/Unreal Projects/VR_Interaction/Content/VirtualRealityBP/Blueprints/BP_buttonDown.uasset'
[2018.01.04-22.27.06:475][844]LogSavePackage: Display: Finished SavePackage ../../../../../../Users/Hub-innovation/Documents/Unreal Projects/VR_Interaction/Content/VirtualRealityBP/Blueprints/BP_buttonDown.uasset
[2018.01.04-22.27.06:837][844]LogSavePackage: Save=333.96ms
[2018.01.04-22.27.06:837][844]LogSavePackage: Moving '../../../../../../Users/Hub-innovation/Documents/Unreal Projects/VR_Interaction/Saved/BP_MotionController21A505EB4DC4F7BA1221688EC711E57A.tmp' to '../../../../../../Users/Hub-innovation/Documents/Unreal Projects/VR_Interaction/Content/VirtualRealityBP/Blueprints/BP_MotionController.uasset'
[2018.01.04-22.27.06:840][844]LogSavePackage: Display: Finished SavePackage ../../../../../../Users/Hub-innovation/Documents/Unreal Projects/VR_Interaction/Content/VirtualRealityBP/Blueprints/BP_MotionController.uasset
[2018.01.04-22.27.07:020][844]LogSavePackage: Save=110.83ms
[2018.01.04-22.27.07:020][844]LogSavePackage: Moving '../../../../../../Users/Hub-innovation/Documents/Unreal Projects/VR_Interaction/Saved/MotionControllerMapF4FBAB3E4038B92093A4CDAC1B8302C0.tmp' to '../../../../../../Users/Hub-innovation/Documents/Unreal Projects/VR_Interaction/Content/VirtualRealityBP/Maps/MotionControllerMap.umap'
[2018.01.04-22.27.07:023][844]LogSavePackage: Display: Finished SavePackage ../../../../../../Users/Hub-innovation/Documents/Unreal Projects/VR_Interaction/Content/VirtualRealityBP/Maps/MotionControllerMap.umap
[2018.01.04-22.27.07:057][844]LogFileHelpers: Saving map 'MotionControllerMap' took 0.214
[2018.01.04-22.27.07:140][844]LogWindowsTextInputMethodSystem: Display: IME system now deactivated.
[2018.01.04-22.27.07:306][845]Cmd: QUIT_EDITOR
[2018.01.04-22.27.08:320][845]LogExit: Preparing to exit.
[2018.01.04-22.27.08:716][845]LogDirectoryWatcher: A directory notification for 'C:/Users/Hub-innovation/Documents/Unreal Projects/VR_Interaction/Content/' was aborted.
[2018.01.04-22.27.08:745][845]LogExit: Editor shut down
[2018.01.04-22.27.08:753][845]LogExit: Transaction tracking system shut down
[2018.01.04-22.27.08:838][845]LogDirectoryWatcher: A directory notification for '../../../Engine/Content/' was aborted.
[2018.01.04-22.27.08:838][845]LogDirectoryWatcher: A directory notification for '../../../../../../Users/Hub-innovation/Documents/Unreal Projects/VR_Interaction/Content/' was aborted.
[2018.01.04-22.27.08:838][845]LogDirectoryWatcher: A directory notification for '../../../Engine/Plugins/2D/Paper2D/Content/' was aborted.
[2018.01.04-22.27.08:838][845]LogDirectoryWatcher: A directory notification for '../../../Engine/Plugins/Runtime/Oculus/OculusVR/Content/' was aborted.
[2018.01.04-22.27.08:838][845]LogDirectoryWatcher: A directory notification for '../../../Engine/Plugins/Runtime/Steam/SteamVR/Content/' was aborted.
[2018.01.04-22.27.08:896][845]LogExit: Object subsystem successfully closed.
[2018.01.04-22.27.08:915][845]LogD3D11RHI: Shutdown
[2018.01.04-22.27.08:915][845]LogD3D11RHI: CleanupD3DDevice
[2018.01.04-22.27.08:918][845]LogD3D11RHI: ~FD3D11DynamicRHI
[2018.01.04-22.27.08:929][845]LogModuleManager: Shutting down and abandoning module BlueprintGraph (534)
[2018.01.04-22.27.08:929][845]LogModuleManager: Shutting down and abandoning module BlueprintProfiler (532)
[2018.01.04-22.27.08:929][845]LogModuleManager: Shutting down and abandoning module MovieSceneCapture (530)
[2018.01.04-22.27.08:929][845]LogModuleManager: Shutting down and abandoning module HierarchicalLODOutliner (528)
[2018.01.04-22.27.08:929][845]LogModuleManager: Shutting down and abandoning module AddContentDialog (526)
[2018.01.04-22.27.08:929][845]LogDirectoryWatcher: A directory notification for 'C:/Program Files/Epic Games/UE_4.17/FeaturePacks/' was aborted.
[2018.01.04-22.27.08:930][845]LogModuleManager: Shutting down and abandoning module WidgetCarousel (525)
[2018.01.04-22.27.08:930][845]LogModuleManager: Shutting down and abandoning module EditorWidgets (522)
[2018.01.04-22.27.08:930][845]LogModuleManager: Shutting down and abandoning module CollectionManager (520)
[2018.01.04-22.27.08:930][845]LogDirectoryWatcher: A directory notification for 'C:/Users/Hub-innovation/Documents/Unreal Projects/VR_Interaction/Content/Collections/' was aborted.
[2018.01.04-22.27.08:930][845]LogDirectoryWatcher: A directory notification for 'C:/Users/Hub-innovation/Documents/Unreal Projects/VR_Interaction/Content/Developers/Hubinnovation/Collections/' was aborted.
[2018.01.04-22.27.08:930][845]LogDirectoryWatcher: A directory notification for 'C:/Users/Hub-innovation/Documents/Unreal Projects/VR_Interaction/Saved/Collections/' was aborted.
[2018.01.04-22.27.08:930][845]LogModuleManager: Shutting down and abandoning module StatsViewer (518)
[2018.01.04-22.27.08:930][845]LogModuleManager: Shutting down and abandoning module FoliageEdit (516)
[2018.01.04-22.27.08:930][845]LogModuleManager: Shutting down and abandoning module LandscapeEditor (514)
[2018.01.04-22.27.08:930][845]LogModuleManager: Shutting down and abandoning module MeshPaintMode (512)
[2018.01.04-22.27.08:930][845]LogModuleManager: Shutting down and abandoning module SceneDepthPickerMode (510)
[2018.01.04-22.27.08:930][845]LogModuleManager: Shutting down and abandoning module ActorPickerMode (508)
[2018.01.04-22.27.08:930][845]LogModuleManager: Shutting down and abandoning module GeometryMode (506)
[2018.01.04-22.27.08:930][845]LogModuleManager: Shutting down and abandoning module TextureAlignMode (504)
[2018.01.04-22.27.08:930][845]LogModuleManager: Shutting down and abandoning module BspMode (502)
[2018.01.04-22.27.08:930][845]LogModuleManager: Shutting down and abandoning module PIEPreviewDeviceProfileSelector (500)
[2018.01.04-22.27.08:930][845]LogModuleManager: Shutting down and abandoning module HardwareSurvey (498)
[2018.01.04-22.27.08:930][845]LogModuleManager: Shutting down and abandoning module SequenceRecorderSections (496)
[2018.01.04-22.27.08:930][845]LogModuleManager: Shutting down and abandoning module AutomationWorker (494)
[2018.01.04-22.27.08:931][845]LogModuleManager: Shutting down and abandoning module MatineeToLevelSequence (492)
[2018.01.04-22.27.08:931][845]LogModuleManager: Shutting down and abandoning module LevelSequenceEditor (490)
[2018.01.04-22.27.08:931][845]LogModuleManager: Shutting down and abandoning module PlacementMode (489)
[2018.01.04-22.27.08:931][845]LogModuleManager: Shutting down and abandoning module WmfMediaFactory (486)
[2018.01.04-22.27.08:931][845]LogModuleManager: Shutting down and abandoning module WmfMediaEditor (484)
[2018.01.04-22.27.08:931][845]LogModuleManager: Shutting down and abandoning module AvfMediaFactory (482)
[2018.01.04-22.27.08:931][845]LogModuleManager: Shutting down and abandoning module AvfMediaEditor (480)
[2018.01.04-22.27.08:931][845]LogModuleManager: Shutting down and abandoning module AndroidMediaFactory (478)
[2018.01.04-22.27.08:931][845]LogModuleManager: Shutting down and abandoning module Media (477)
[2018.01.04-22.27.08:931][845]LogModuleManager: Shutting down and abandoning module AndroidMediaEditor (474)
[2018.01.04-22.27.08:931][845]LogModuleManager: Shutting down and abandoning module CharacterAI (472)
[2018.01.04-22.27.08:931][845]LogModuleManager: Shutting down and abandoning module AudioCapture (470)
[2018.01.04-22.27.08:931][845]LogModuleManager: Shutting down and abandoning module SequenceRecorder (469)
[2018.01.04-22.27.08:931][845]LogModuleManager: Shutting down and abandoning module SmartSnapping (466)
[2018.01.04-22.27.08:931][845]LogModuleManager: Shutting down and abandoning module SessionServices (464)
[2018.01.04-22.27.08:931][845]LogModuleManager: Shutting down and abandoning module ViewportSnapping (462)
[2018.01.04-22.27.08:931][845]LogModuleManager: Shutting down and abandoning module ViewportInteraction (460)
[2018.01.04-22.27.08:931][845]LogModuleManager: Shutting down and abandoning module ClothPainter (458)
[2018.01.04-22.27.08:931][845]LogModuleManager: Shutting down and abandoning module LogVisualizer (456)
[2018.01.04-22.27.08:931][845]LogModuleManager: Shutting down and abandoning module IntroTutorials (454)
[2018.01.04-22.27.08:931][845]LogModuleManager: Shutting down and abandoning module GameProjectGeneration (453)
[2018.01.04-22.27.08:931][845]LogModuleManager: Shutting down and abandoning module IOSPlatformEditor (450)
[2018.01.04-22.27.08:931][845]LogModuleManager: Shutting down and abandoning module HTML5PlatformEditor (448)
[2018.01.04-22.27.08:931][845]LogModuleManager: Shutting down and abandoning module AndroidPlatformEditor (446)
[2018.01.04-22.27.08:931][845]LogModuleManager: Shutting down and abandoning module AndroidDeviceDetection (445)
[2018.01.04-22.27.09:614][845]LogModuleManager: Shutting down and abandoning module WindowsPlatformEditor (442)
[2018.01.04-22.27.09:614][845]LogModuleManager: Shutting down and abandoning module IOSRuntimeSettings (440)
[2018.01.04-22.27.09:614][845]LogModuleManager: Shutting down and abandoning module AndroidRuntimeSettings (438)
[2018.01.04-22.27.09:614][845]LogModuleManager: Shutting down and abandoning module InputBindingEditor (436)
[2018.01.04-22.27.09:614][845]LogModuleManager: Shutting down and abandoning module MergeActors (434)
[2018.01.04-22.27.09:614][845]LogModuleManager: Shutting down and abandoning module SizeMap (432)
[2018.01.04-22.27.09:614][845]LogModuleManager: Shutting down and abandoning module TreeMap (430)
[2018.01.04-22.27.09:614][845]LogModuleManager: Shutting down and abandoning module ReferenceViewer (428)
[2018.01.04-22.27.09:614][845]LogModuleManager: Shutting down and abandoning module LocalizationDashboard (426)
[2018.01.04-22.27.09:614][845]LogModuleManager: Shutting down and abandoning module LocalizationService (425)
[2018.01.04-22.27.09:614][845]LogModuleManager: Shutting down and abandoning module HardwareTargeting (422)
[2018.01.04-22.27.09:614][845]LogModuleManager: Shutting down and abandoning module DeviceProfileEditor (420)
[2018.01.04-22.27.09:614][845]LogModuleManager: Shutting down and abandoning module UndoHistory (418)
[2018.01.04-22.27.09:614][845]LogModuleManager: Shutting down and abandoning module XmlParser (416)
[2018.01.04-22.27.09:614][845]LogModuleManager: Shutting down and abandoning module Blutility (414)
[2018.01.04-22.27.09:614][845]LogModuleManager: Shutting down and abandoning module ProjectSettingsViewer (412)
[2018.01.04-22.27.09:614][845]LogModuleManager: Shutting down and abandoning module ProjectTargetPlatformEditor (411)
[2018.01.04-22.27.09:614][845]LogModuleManager: Shutting down and abandoning module EditorSettingsViewer (408)
[2018.01.04-22.27.09:615][845]LogModuleManager: Shutting down and abandoning module SettingsEditor (406)
[2018.01.04-22.27.09:615][845]LogModuleManager: Shutting down and abandoning module ProjectLauncher (404)
[2018.01.04-22.27.09:615][845]LogModuleManager: Shutting down and abandoning module SessionFrontend (402)
[2018.01.04-22.27.09:615][845]LogModuleManager: Shutting down and abandoning module ProfilerClient (400)
[2018.01.04-22.27.09:615][845]LogModuleManager: Shutting down and abandoning module DeviceManager (398)
[2018.01.04-22.27.09:615][845]LogModuleManager: Shutting down and abandoning module TargetDeviceServices (397)
[2018.01.04-22.27.09:668][845]LogModuleManager: Shutting down and abandoning module AutomationController (394)
[2018.01.04-22.27.09:668][845]LogModuleManager: Shutting down and abandoning module AutomationWindow (392)
[2018.01.04-22.27.09:668][845]LogModuleManager: Shutting down and abandoning module Layers (390)
[2018.01.04-22.27.09:668][845]LogModuleManager: Shutting down and abandoning module ComponentVisualizers (388)
[2018.01.04-22.27.09:668][845]LogModuleManager: Shutting down and abandoning module DetailCustomizations (386)
[2018.01.04-22.27.09:668][845]LogModuleManager: Shutting down and abandoning module PackagesDialog (384)
[2018.01.04-22.27.09:668][845]LogModuleManager: Shutting down and abandoning module Persona (382)
[2018.01.04-22.27.09:668][845]LogModuleManager: Shutting down and abandoning module AdvancedPreviewScene (381)
[2018.01.04-22.27.09:668][845]LogModuleManager: Shutting down and abandoning module AnimGraph (379)
[2018.01.04-22.27.09:668][845]LogModuleManager: Shutting down and abandoning module Kismet (376)
[2018.01.04-22.27.09:674][845]LogModuleManager: Shutting down and abandoning module ClassViewer (374)
[2018.01.04-22.27.09:674][845]LogModuleManager: Shutting down and abandoning module Toolbox (372)
[2018.01.04-22.27.09:674][845]LogModuleManager: Shutting down and abandoning module ModuleUI (370)
[2018.01.04-22.27.09:674][845]LogModuleManager: Shutting down and abandoning module MovieSceneTools (368)
[2018.01.04-22.27.09:675][845]LogModuleManager: Shutting down and abandoning module OutputLog (366)
[2018.01.04-22.27.09:675][845]LogModuleManager: Shutting down and abandoning module GammaUI (364)
[2018.01.04-22.27.09:675][845]LogModuleManager: Shutting down and abandoning module Documentation (362)
[2018.01.04-22.27.09:675][845]LogModuleManager: Shutting down and abandoning module MovieSceneTracks (360)
[2018.01.04-22.27.09:675][845]LogModuleManager: Shutting down and abandoning module MovieScene (358)
[2018.01.04-22.27.09:675][845]LogModuleManager: Shutting down and abandoning module Niagara (356)
[2018.01.04-22.27.09:675][845]LogModuleManager: Shutting down and abandoning module NiagaraEditor (355)
[2018.01.04-22.27.09:675][845]LogModuleManager: Shutting down and abandoning module StreamingPauseRendering (352)
[2018.01.04-22.27.09:675][845]LogModuleManager: Shutting down and abandoning module LauncherPlatform (350)
[2018.01.04-22.27.09:675][845]LogModuleManager: Shutting down and abandoning module AnalyticsET (348)
[2018.01.04-22.27.09:675][845]LogModuleManager: Shutting down and abandoning module PortalServices (346)
[2018.01.04-22.27.09:675][845]LogModuleManager: Shutting down and abandoning module PortalRpc (344)
[2018.01.04-22.27.09:675][845]LogModuleManager: Shutting down and abandoning module MessagingRpc (342)
[2018.01.04-22.27.09:675][845]LogModuleManager: Shutting down and abandoning module AIModule (340)
[2018.01.04-22.27.09:675][845]LogModuleManager: Shutting down and abandoning module GameplayDebugger (339)
[2018.01.04-22.27.09:675][845]LogModuleManager: Shutting down and abandoning module AITestSuite (337)
[2018.01.04-22.27.09:675][845]LogModuleManager: Shutting down and abandoning module ProfilerService (334)
[2018.01.04-22.27.09:892][845]LogModuleManager: Shutting down and abandoning module TaskGraph (332)
[2018.01.04-22.27.09:892][845]LogModuleManager: Shutting down and abandoning module SteamVRController (330)
[2018.01.04-22.27.09:892][845]LogModuleManager: Shutting down and abandoning module ProceduralMeshComponentEditor (328)
[2018.01.04-22.27.09:892][845]LogModuleManager: Shutting down and abandoning module ProceduralMeshComponent (326)
[2018.01.04-22.27.09:892][845]LogModuleManager: Shutting down and abandoning module OculusInput (324)
[2018.01.04-22.27.09:892][845]LogModuleManager: Shutting down and abandoning module MobilePatchingUtils (322)
[2018.01.04-22.27.09:892][845]LogModuleManager: Shutting down and abandoning module CustomMeshComponent (320)
[2018.01.04-22.27.09:892][845]LogModuleManager: Shutting down and abandoning module CableComponent (318)
[2018.01.04-22.27.09:892][845]LogModuleManager: Shutting down and abandoning module ArchVisCharacter (316)
[2018.01.04-22.27.09:892][845]LogModuleManager: Shutting down and abandoning module AndroidPermission (314)
[2018.01.04-22.27.09:892][845]LogModuleManager: Shutting down and abandoning module MediaPlayerEditor (310)
[2018.01.04-22.27.09:892][845]LogModuleManager: Shutting down and abandoning module HTML5Networking (308)
[2018.01.04-22.27.09:892][845]LogModuleManager: Shutting down and abandoning module AlembicImporter (306)
[2018.01.04-22.27.09:892][845]LogModuleManager: Shutting down and abandoning module AlembicLibrary (305)
[2018.01.04-22.27.09:892][845]LogModuleManager: Shutting down and abandoning module GeometryCache (304)
[2018.01.04-22.27.09:892][845]LogModuleManager: Shutting down and abandoning module GeometryCacheEd (303)
[2018.01.04-22.27.09:892][845]LogModuleManager: Shutting down and abandoning module SpeedTreeImporter (298)
[2018.01.04-22.27.09:892][845]LogModuleManager: Shutting down and abandoning module PluginBrowser (296)
[2018.01.04-22.27.09:892][845]LogModuleManager: Shutting down and abandoning module MobileLauncherProfileWizard (294)
[2018.01.04-22.27.09:892][845]LogModuleManager: Shutting down and abandoning module VisualStudioSourceCodeAccess (292)
[2018.01.04-22.27.09:892][845]LogModuleManager: Shutting down and abandoning module DesktopPlatform (291)
[2018.01.04-22.27.09:892][845]LogModuleManager: Shutting down and abandoning module UObjectPlugin (288)
[2018.01.04-22.27.09:892][845]LogModuleManager: Shutting down and abandoning module SubversionSourceControl (286)
[2018.01.04-22.27.09:892][845]LogModuleManager: Shutting down and abandoning module PerforceSourceControl (284)
[2018.01.04-22.27.09:892][845]LogModuleManager: Shutting down and abandoning module GitSourceControl (282)
[2018.01.04-22.27.09:892][845]LogModuleManager: Shutting down and abandoning module SourceControl (281)
[2018.01.04-22.27.09:892][845]LogModuleManager: Shutting down and abandoning module LightPropagationVolumeEditor (278)
[2018.01.04-22.27.09:892][845]LogModuleManager: Shutting down and abandoning module PaperTiledImporter (276)
[2018.01.04-22.27.09:892][845]LogModuleManager: Shutting down and abandoning module PaperSpriteSheetImporter (274)
[2018.01.04-22.27.09:892][845]LogModuleManager: Shutting down and abandoning module Paper2DEditor (272)
[2018.01.04-22.27.09:892][845]LogModuleManager: Shutting down and abandoning module MeshPaint (271)
[2018.01.04-22.27.09:892][845]LogModuleManager: Shutting down and abandoning module LevelEditor (269)
[2018.01.04-22.27.09:893][845]LogModuleManager: Shutting down and abandoning module PixelInspectorModule (268)
[2018.01.04-22.27.09:893][845]LogModuleManager: Shutting down and abandoning module MainFrame (266)
[2018.01.04-22.27.09:893][845]LogModuleManager: Shutting down and abandoning module HotReload (265)
[2018.01.04-22.27.09:893][845]LogModuleManager: Shutting down and abandoning module RuntimePhysXCooking (260)
[2018.01.04-22.27.09:893][845]LogModuleManager: Shutting down and abandoning module PhysXVehiclesEditor (258)
[2018.01.04-22.27.09:893][845]LogModuleManager: Shutting down and abandoning module PhysXVehicles (256)
[2018.01.04-22.27.09:893][845]LogModuleManager: Shutting down and abandoning module OculusEditor (254)
[2018.01.04-22.27.09:893][845]LogModuleManager: Shutting down and abandoning module LocationServicesBPLibrary (252)
[2018.01.04-22.27.09:893][845]LogModuleManager: Shutting down and abandoning module ImmediatePhysicsEditor (250)
[2018.01.04-22.27.09:893][845]LogModuleManager: Shutting down and abandoning module ImmediatePhysics (248)
[2018.01.04-22.27.09:893][845]LogModuleManager: Shutting down and abandoning module UdpMessaging (246)
[2018.01.04-22.27.09:994][845]LogModuleManager: Shutting down and abandoning module TcpMessaging (244)
[2018.01.04-22.27.10:095][845]LogModuleManager: Shutting down and abandoning module GameplayTagsEditor (242)
[2018.01.04-22.27.10:095][845]LogModuleManager: Shutting down and abandoning module FacialAnimationEditor (240)
[2018.01.04-22.27.10:095][845]LogModuleManager: Shutting down and abandoning module FacialAnimation (238)
[2018.01.04-22.27.10:095][845]LogModuleManager: Shutting down and abandoning module AssetManagerEditor (236)
[2018.01.04-22.27.10:095][845]LogModuleManager: Shutting down and abandoning module GraphEditor (235)
[2018.01.04-22.27.10:095][845]LogModuleManager: Shutting down and abandoning module ContentBrowser (233)
[2018.01.04-22.27.10:095][845]LogModuleManager: Shutting down and abandoning module LightPropagationVolumeRuntime (230)
[2018.01.04-22.27.10:095][845]LogModuleManager: Shutting down and abandoning module Paper2D (228)
[2018.01.04-22.27.10:095][845]LogModuleManager: Shutting down and abandoning module WindowsMoviePlayer (226)
[2018.01.04-22.27.10:095][845]LogModuleManager: Shutting down and abandoning module WmfMedia (224)
[2018.01.04-22.27.10:096][845]LogModuleManager: Shutting down and abandoning module PacketHandler (222)
[2018.01.04-22.27.10:096][845]LogModuleManager: Shutting down and abandoning module ClothingSystemEditor (220)
[2018.01.04-22.27.10:096][845]LogModuleManager: Shutting down and abandoning module ClothingSystemRuntime (218)
[2018.01.04-22.27.10:096][845]LogModuleManager: Shutting down and abandoning module Overlay (216)
[2018.01.04-22.27.10:096][845]LogModuleManager: Shutting down and abandoning module OverlayEditor (215)
[2018.01.04-22.27.10:096][845]LogModuleManager: Shutting down and abandoning module MediaAssets (212)
[2018.01.04-22.27.10:096][845]LogModuleManager: Shutting down and abandoning module VREditor (210)
[2018.01.04-22.27.10:096][845]LogModuleManager: Shutting down and abandoning module StringTableEditor (208)
[2018.01.04-22.27.10:096][845]LogModuleManager: Shutting down and abandoning module GameplayTasksEditor (206)
[2018.01.04-22.27.10:096][845]LogModuleManager: Shutting down and abandoning module BehaviorTreeEditor (204)
[2018.01.04-22.27.10:096][845]LogModuleManager: Shutting down and abandoning module FunctionalTesting (202)
[2018.01.04-22.27.10:096][845]LogModuleManager: Shutting down and abandoning module CollisionAnalyzer (200)
[2018.01.04-22.27.10:096][845]LogModuleManager: Shutting down and abandoning module WorkspaceMenuStructure (199)
[2018.01.04-22.27.10:096][845]LogModuleManager: Shutting down and abandoning module UMG (196)
[2018.01.04-22.27.10:096][845]LogModuleManager: Shutting down and abandoning module UMGEditor (195)
[2018.01.04-22.27.10:096][845]LogModuleManager: Shutting down and abandoning module Sequencer (194)
[2018.01.04-22.27.10:096][845]LogModuleManager: Shutting down and abandoning module MessageLog (191)
[2018.01.04-22.27.10:096][845]LogModuleManager: Shutting down and abandoning module SlateReflector (186)
[2018.01.04-22.27.10:096][845]LogModuleManager: Shutting down and abandoning module Slate (184)
[2018.01.04-22.27.10:096][845]LogModuleManager: Shutting down and abandoning module EditorStyle (182)
[2018.01.04-22.27.10:098][845]LogModuleManager: Shutting down and abandoning module MRMesh (180)
[2018.01.04-22.27.10:098][845]LogModuleManager: Shutting down and abandoning module SourceCodeAccess (178)
[2018.01.04-22.27.10:098][845]LogModuleManager: Shutting down and abandoning module HeadMountedDisplay (176)
[2018.01.04-22.27.10:098][845]LogModuleManager: Shutting down and abandoning module XAudio2 (174)
[2018.01.04-22.27.10:098][845]LogModuleManager: Shutting down and abandoning module Networking (172)
[2018.01.04-22.27.10:098][845]LogModuleManager: Shutting down and abandoning module Core (168)
[2018.01.04-22.27.10:098][845]LogModuleManager: Shutting down and abandoning module KismetCompiler (164)
[2018.01.04-22.27.10:098][845]LogModuleManager: Shutting down and abandoning module LevelSequence (162)
[2018.01.04-22.27.10:098][845]LogModuleManager: Shutting down and abandoning module MeshUtilities (160)
[2018.01.04-22.27.10:098][845]LogModuleManager: Shutting down and abandoning module MeshMergeUtilities (159)
[2018.01.04-22.27.10:098][845]LogModuleManager: Shutting down and abandoning module MeshReductionInterface (158)
[2018.01.04-22.27.10:098][845]LogModuleManager: Shutting down and abandoning module SimplygonSwarm (157)
[2018.01.04-22.27.10:098][845]LogModuleManager: Shutting down and abandoning module SimplygonMeshReduction (155)
[2018.01.04-22.27.10:098][845]LogModuleManager: Shutting down and abandoning module QuadricMeshReduction (153)
[2018.01.04-22.27.10:098][845]LogModuleManager: Shutting down and abandoning module MaterialBaking (149)
[2018.01.04-22.27.10:098][845]LogModuleManager: Shutting down and abandoning module DirectoryWatcher (146)
[2018.01.04-22.27.10:099][845]LogModuleManager: Shutting down and abandoning module DerivedDataCache (144)
[2018.01.04-22.27.10:115][845]LogDerivedDataCache: Shutdown
[2018.01.04-22.27.10:115][845]LogModuleManager: Shutting down and abandoning module TargetPlatform (142)
[2018.01.04-22.27.10:115][845]LogModuleManager: Shutting down and abandoning module VulkanShaderFormat (141)
[2018.01.04-22.27.10:115][845]LogModuleManager: Shutting down and abandoning module ShaderFormatVectorVM (139)
[2018.01.04-22.27.10:115][845]LogModuleManager: Shutting down and abandoning module ShaderFormatOpenGL (137)
[2018.01.04-22.27.10:115][845]LogModuleManager: Shutting down and abandoning module ShaderFormatD3D (135)
[2018.01.04-22.27.10:115][845]LogModuleManager: Shutting down and abandoning module MetalShaderFormat (133)
[2018.01.04-22.27.10:115][845]LogModuleManager: Shutting down and abandoning module TextureFormatUncompressed (131)
[2018.01.04-22.27.10:115][845]LogModuleManager: Shutting down and abandoning module TextureFormatPVR (129)
[2018.01.04-22.27.10:115][845]LogModuleManager: Shutting down and abandoning module TextureFormatDXT (127)
[2018.01.04-22.27.10:115][845]LogModuleManager: Shutting down and abandoning module TextureFormatIntelISPCTexComp (125)
[2018.01.04-22.27.10:115][845]LogModuleManager: Shutting down and abandoning module TextureFormatASTC (123)
[2018.01.04-22.27.10:115][845]LogModuleManager: Shutting down and abandoning module ImageWrapper (122)
[2018.01.04-22.27.10:115][845]LogModuleManager: Shutting down and abandoning module TextureFormatAndroid (119)
[2018.01.04-22.27.10:115][845]LogModuleManager: Shutting down and abandoning module AudioFormatOpus (117)
[2018.01.04-22.27.10:115][845]LogModuleManager: Shutting down and abandoning module AudioFormatOgg (115)
[2018.01.04-22.27.10:115][845]LogModuleManager: Shutting down and abandoning module AudioFormatADPCM (113)
[2018.01.04-22.27.10:115][845]LogModuleManager: Shutting down and abandoning module LinuxTargetPlatform (111)
[2018.01.04-22.27.10:115][845]LogModuleManager: Shutting down and abandoning module LinuxServerTargetPlatform (109)
[2018.01.04-22.27.10:115][845]LogModuleManager: Shutting down and abandoning module LinuxNoEditorTargetPlatform (107)
[2018.01.04-22.27.10:115][845]LogModuleManager: Shutting down and abandoning module LinuxClientTargetPlatform (105)
[2018.01.04-22.27.10:115][845]LogModuleManager: Shutting down and abandoning module TVOSTargetPlatform (103)
[2018.01.04-22.27.10:115][845]LogModuleManager: Shutting down and abandoning module Messaging (101)
[2018.01.04-22.27.10:115][845]LogModuleManager: Shutting down and abandoning module IOSTargetPlatform (99)
[2018.01.04-22.27.10:115][845]LogModuleManager: Shutting down and abandoning module HTML5TargetPlatform (97)
[2018.01.04-22.27.10:115][845]LogModuleManager: Shutting down and abandoning module Android_PVRTCTargetPlatform (95)
[2018.01.04-22.27.10:115][845]LogModuleManager: Shutting down and abandoning module Android_MultiTargetPlatform (93)
[2018.01.04-22.27.10:115][845]LogModuleManager: Shutting down and abandoning module Android_ETC2TargetPlatform (91)
[2018.01.04-22.27.10:115][845]LogModuleManager: Shutting down and abandoning module Android_ETC1TargetPlatform (89)
[2018.01.04-22.27.10:115][845]LogModuleManager: Shutting down and abandoning module Android_DXTTargetPlatform (87)
[2018.01.04-22.27.10:116][845]LogModuleManager: Shutting down and abandoning module Android_ATCTargetPlatform (85)
[2018.01.04-22.27.10:116][845]LogModuleManager: Shutting down and abandoning module Android_ASTCTargetPlatform (83)
[2018.01.04-22.27.10:116][845]LogModuleManager: Shutting down and abandoning module AndroidTargetPlatform (81)
[2018.01.04-22.27.10:116][845]LogModuleManager: Shutting down and abandoning module WindowsTargetPlatform (79)
[2018.01.04-22.27.10:116][845]LogModuleManager: Shutting down and abandoning module WindowsServerTargetPlatform (77)
[2018.01.04-22.27.10:116][845]LogModuleManager: Shutting down and abandoning module WindowsNoEditorTargetPlatform (75)
[2018.01.04-22.27.10:116][845]LogModuleManager: Shutting down and abandoning module WindowsClientTargetPlatform (73)
[2018.01.04-22.27.10:116][845]LogModuleManager: Shutting down and abandoning module MacTargetPlatform (71)
[2018.01.04-22.27.10:116][845]LogModuleManager: Shutting down and abandoning module MacServerTargetPlatform (69)
[2018.01.04-22.27.10:116][845]LogModuleManager: Shutting down and abandoning module MacNoEditorTargetPlatform (67)
[2018.01.04-22.27.10:116][845]LogModuleManager: Shutting down and abandoning module MacClientTargetPlatform (65)
[2018.01.04-22.27.10:116][845]LogModuleManager: Shutting down and abandoning module AllDesktopTargetPlatform (63)
[2018.01.04-22.27.10:116][845]LogModuleManager: Shutting down and abandoning module InputCore (60)
[2018.01.04-22.27.10:116][845]LogModuleManager: Shutting down and abandoning module Settings (58)
[2018.01.04-22.27.10:116][845]LogModuleManager: Shutting down and abandoning module PhysXCooking (56)
[2018.01.04-22.27.10:116][845]LogModuleManager: Shutting down and abandoning module SteamVR (54)
[2018.01.04-22.27.10:116][845]LogModuleManager: Shutting down and abandoning module OculusHMD (52)
[2018.01.04-22.27.10:116][845]LogModuleManager: Shutting down and abandoning module ExampleDeviceProfileSelector (50)
[2018.01.04-22.27.10:116][845]LogModuleManager: Shutting down and abandoning module OnlineBlueprintSupport (48)
[2018.01.04-22.27.10:116][845]LogModuleManager: Shutting down and abandoning module OnlineSubsystem (44)
[2018.01.04-22.27.10:116][845]LogOnline: Display: Unloading online subsystem: NULL
[2018.01.04-22.27.10:116][845]LogModuleManager: Shutting down and abandoning module XMPP (43)
[2018.01.04-22.27.10:116][845]LogModuleManager: Shutting down and abandoning module HTTP (41)
[2018.01.04-22.27.10:116][845]LogHttp: Display: Http module shutting down, but needs to wait on 1 outstanding Http requests:
[2018.01.04-22.27.10:116][845]LogHttp: Display: 	verb=[POST] url=[https://datarouter.ol.epicgames.com/datarouter/api/v1/public/data?SessionID=%7BF8B082AE-476B-4EA3-579C-5FAE6C80148D%7D&AppID=UEEditor.Rocket.Release&AppVersion=4.17.2-3658906%2B%2B%2BUE4%2BRelease-4.17&UserID=90a2bdb54d27b93006d18a9d18a7861e%7C752d84695b4c4d26b217a36ab1d0f8d6%7Ca055ffbf-20cd-489f-9d46-e369275821ba&AppEnvironment=datacollector-binary&UploadType=eteventstream] status=Processing
[2018.01.04-22.27.10:143][845]LogModuleManager: Shutting down and abandoning module SSL (40)
[2018.01.04-22.27.10:145][845]LogModuleManager: Shutting down and abandoning module AnimationModifiers (36)
[2018.01.04-22.27.10:145][845]LogModuleManager: Shutting down and abandoning module PropertyEditor (35)
[2018.01.04-22.27.10:145][845]LogModuleManager: Shutting down and abandoning module AudioEditor (32)
[2018.01.04-22.27.10:145][845]LogModuleManager: Shutting down and abandoning module TextureCompressor (30)
[2018.01.04-22.27.10:145][845]LogModuleManager: Shutting down and abandoning module ShaderCore (28)
[2018.01.04-22.27.10:145][845]LogModuleManager: Shutting down and abandoning module Landscape (26)
[2018.01.04-22.27.10:145][845]LogModuleManager: Shutting down and abandoning module SlateRHIRenderer (24)
[2018.01.04-22.27.10:146][845]LogModuleManager: Shutting down and abandoning module OpenGLDrv (22)
[2018.01.04-22.27.10:146][845]LogModuleManager: Shutting down and abandoning module D3D11RHI (20)
[2018.01.04-22.27.10:146][845]LogModuleManager: Shutting down and abandoning module AnimGraphRuntime (18)
[2018.01.04-22.27.10:146][845]LogModuleManager: Shutting down and abandoning module Renderer (16)
[2018.01.04-22.27.10:146][845]LogModuleManager: Shutting down and abandoning module Engine (14)
[2018.01.04-22.27.10:146][845]LogModuleManager: Shutting down and abandoning module CoreUObject (12)
[2018.01.04-22.27.10:146][845]LogModuleManager: Shutting down and abandoning module NetworkFile (10)
[2018.01.04-22.27.10:146][845]LogModuleManager: Shutting down and abandoning module CookedIterativeFile (8)
[2018.01.04-22.27.10:146][845]LogModuleManager: Shutting down and abandoning module StreamingFile (6)
[2018.01.04-22.27.10:146][845]LogModuleManager: Shutting down and abandoning module SandboxFile (4)
[2018.01.04-22.27.10:146][845]LogModuleManager: Shutting down and abandoning module PakFile (2)
[2018.01.04-22.27.10:149][845]LogExit: Exiting.
[2018.01.04-22.27.10:164][845]Log file closed, 01/04/18 23:27:10
