Log file open, 01/04/18 19:48:34
LogWindows: Failed to load 'aqProf.dll' (GetLastError=126)
LogWindows: File 'aqProf.dll' does not exist
LogWindows: Failed to load 'VtuneApi.dll' (GetLastError=126)
LogWindows: File 'VtuneApi.dll' does not exist
LogWindows: Failed to load 'VtuneApi32e.dll' (GetLastError=126)
LogWindows: File 'VtuneApi32e.dll' does not exist
LogInit: Display: Running engine for game: VR_Interaction
LogPlatformFile: Not using cached read wrapper
LogInit: Display: RandInit(-2083412251) SRandInit(-2083412251).
LogTaskGraph: Started task graph with 5 named threads and 14 total threads with 3 sets of task threads.
LogStats: Stats thread started at 0.157151
LogD3D11RHI: Aftermath initialized
LogPluginManager: Mounting plugin Paper2D
LogPluginManager: Mounting plugin LightPropagationVolume
LogPluginManager: Mounting plugin CodeLiteSourceCodeAccess
LogPluginManager: Mounting plugin GitSourceControl
LogPluginManager: Mounting plugin KDevelopSourceCodeAccess
LogPluginManager: Mounting plugin NullSourceCodeAccess
LogPluginManager: Mounting plugin PerforceSourceControl
LogPluginManager: Mounting plugin SubversionSourceControl
LogPluginManager: Mounting plugin UObjectPlugin
LogPluginManager: Mounting plugin VisualStudioSourceCodeAccess
LogPluginManager: Mounting plugin XCodeSourceCodeAccess
LogPluginManager: Mounting plugin AssetManagerEditor
LogPluginManager: Mounting plugin AudioCapture
LogPluginManager: Mounting plugin FacialAnimation
LogPluginManager: Mounting plugin GameplayTagsEditor
LogPluginManager: Mounting plugin MobileLauncherProfileWizard
LogPluginManager: Mounting plugin PluginBrowser
LogPluginManager: Mounting plugin SpeedTreeImporter
LogPluginManager: Mounting plugin AlembicImporter
LogPluginManager: Mounting plugin CharacterAI
LogPluginManager: Mounting plugin HTML5Networking
LogPluginManager: Mounting plugin AndroidMedia
LogPluginManager: Mounting plugin AvfMedia
LogPluginManager: Mounting plugin MediaPlayerEditor
LogPluginManager: Mounting plugin WmfMedia
LogPluginManager: Mounting plugin TcpMessaging
LogPluginManager: Mounting plugin UdpMessaging
LogPluginManager: Mounting plugin LevelSequenceEditor
LogPluginManager: Mounting plugin MatineeToLevelSequence
LogPluginManager: Mounting plugin OnlineSubsystemGooglePlay
LogPluginManager: Mounting plugin OnlineSubsystemIOS
LogPluginManager: Mounting plugin OnlineSubsystem
LogPluginManager: Mounting plugin OnlineSubsystemNull
LogPluginManager: Mounting plugin OnlineSubsystemUtils
LogPluginManager: Mounting plugin AndroidDeviceProfileSelector
LogPluginManager: Mounting plugin AndroidMoviePlayer
LogPluginManager: Mounting plugin AndroidPermission
LogPluginManager: Mounting plugin AppleMoviePlayer
LogPluginManager: Mounting plugin ArchVisCharacter
LogPluginManager: Mounting plugin CableComponent
LogPluginManager: Mounting plugin CustomMeshComponent
LogPluginManager: Mounting plugin ExampleDeviceProfileSelector
LogPluginManager: Mounting plugin GoogleCloudMessaging
LogPluginManager: Mounting plugin ImmediatePhysics
LogPluginManager: Mounting plugin IOSDeviceProfileSelector
LogPluginManager: Mounting plugin LinuxDeviceProfileSelector
LogPluginManager: Mounting plugin LocationServicesBPLibrary
LogPluginManager: Mounting plugin MobilePatchingUtils
LogPluginManager: Mounting plugin OculusVR
LogPluginManager: Mounting plugin PhysXVehicles
LogPluginManager: Mounting plugin ProceduralMeshComponent
LogPluginManager: Mounting plugin RuntimePhysXCooking
LogPluginManager: Mounting plugin SteamVR
LogPluginManager: Mounting plugin WindowsMoviePlayer
LogInit: Using libcurl 7.47.1
LogInit:  - built for x86_64-pc-win32
LogInit:  - supports SSL with OpenSSL/1.0.2g
LogInit:  - supports HTTP deflate (compression) using libz 1.2.8
LogInit:  - other features:
LogInit:      CURL_VERSION_SSL
LogInit:      CURL_VERSION_LIBZ
LogInit:      CURL_VERSION_IPV6
LogInit:      CURL_VERSION_ASYNCHDNS
LogInit:      CURL_VERSION_LARGEFILE
LogInit:      CURL_VERSION_IDN
LogInit:  CurlRequestOptions (configurable via config and command line):
LogInit:  - bVerifyPeer = false  - Libcurl will NOT verify peer certificate
LogInit:  - bUseHttpProxy = false  - Libcurl will NOT use HTTP proxy
LogInit:  - bDontReuseConnections = false  - Libcurl will reuse connections
LogInit:  - CertBundlePath = nullptr  - Libcurl will use whatever was configured at build time.
LogHMD: Failed initializing OVRPlugin 1.15.0
LogInit: Build: ++UE4+Release-4.17-CL-3658906
LogInit: Engine Version: 4.17.2-3658906+++UE4+Release-4.17
LogInit: Compatible Engine Version: 4.17.0-3573198+++UE4+Release-4.17
LogInit: Net CL: 3573198
LogDevObjectVersion: Number of dev versions registered: 16
LogDevObjectVersion:   Dev-Blueprints (B0D832E4-1F89-4F0D-ACCF-7EB736FD4AA2): 10
LogDevObjectVersion:   Dev-Build (E1C64328-A22C-4D53-A36C-8E866417BD8C): 0
LogDevObjectVersion:   Dev-Core (375EC13C-06E4-48FB-B500-84F0262A717E): 2
LogDevObjectVersion:   Dev-Editor (E4B068ED-F494-42E9-A231-DA0B2E46BB41): 20
LogDevObjectVersion:   Dev-Framework (CFFC743F-43B0-4480-9391-14DF171D2073): 28
LogDevObjectVersion:   Dev-Mobile (B02B49B5-BB20-44E9-A304-32B752E40360): 0
LogDevObjectVersion:   Dev-Networking (A4E4105C-59A1-49B5-A7C5-40C4547EDFEE): 0
LogDevObjectVersion:   Dev-Online (39C831C9-5AE6-47DC-9A44-9C173E1C8E7C): 0
LogDevObjectVersion:   Dev-Physics (78F01B33-EBEA-4F98-B9B4-84EACCB95AA2): 0
LogDevObjectVersion:   Dev-Platform (6631380F-2D4D-43E0-8009-CF276956A95A): 0
LogDevObjectVersion:   Dev-Rendering (12F88B9F-8875-4AFC-A67C-D90C383ABD29): 19
LogDevObjectVersion:   Dev-Sequencer (7B5AE74C-D270-4C10-A958-57980B212A5A): 4
LogDevObjectVersion:   Dev-VR (D7296918-1DD6-4BDD-9DE2-64A83CC13884): 0
LogDevObjectVersion:   Dev-LoadTimes (C2A15278-BFE7-4AFE-6C17-90FF531DF755): 1
LogDevObjectVersion:   Private-Geometry (6EACA3D4-40EC-4CC1-B786-8BED09428FC5): 1
LogDevObjectVersion:   Dev-AnimPhys (29E575DD-E0A3-4627-9D10-D276232CDCEA): 7
LogInit: Compiled (64-bit): Sep 22 2017 13:47:16
LogInit: Compiled with Visual C++: 19.00.24215.01
LogInit: Build Configuration: Development
LogInit: Branch Name: ++UE4+Release-4.17
LogInit: Command line: -EpicPortal 
LogInit: Base directory: C:/Program Files/Epic Games/UE_4.17/Engine/Binaries/Win64/
LogInit: Installed Engine Build: 1
LogInit: Presizing for max 8388607 objects, including 0 objects not considered by GC, pre-allocating 0 bytes for permanent pool.
LogInit: Object subsystem initialized
[2018.01.04-18.48.35:111][  0]LogInit: Selected Device Profile: [Windows]
[2018.01.04-18.48.35:111][  0]LogInit: Applying CVar settings loaded from the selected device profile: [Windows]
[2018.01.04-18.48.35:124][  0]LogInit: Computer: DESKTOP-E1AJGMH
[2018.01.04-18.48.35:124][  0]LogInit: User: Hubinnovation
[2018.01.04-18.48.35:124][  0]LogInit: CPU Page size=4096, Cores=4
[2018.01.04-18.48.35:124][  0]LogInit: High frequency timer resolution =3.914060 MHz
[2018.01.04-18.48.35:125][  0]LogMemory: Memory total: Physical=15.9GB (16GB approx)
[2018.01.04-18.48.35:125][  0]LogMemory: Platform Memory Stats for Windows
[2018.01.04-18.48.35:125][  0]LogMemory: Process Physical Memory: 282.07 MB used, 282.07 MB peak
[2018.01.04-18.48.35:125][  0]LogMemory: Process Virtual Memory: 276.02 MB used, 276.02 MB peak
[2018.01.04-18.48.35:125][  0]LogMemory: Physical Memory: 5040.36 MB used,  11263.97 MB free, 16304.32 MB total
[2018.01.04-18.48.35:125][  0]LogMemory: Virtual Memory: 698.54 MB used,  11263.97 MB free, 134217728.00 MB total
[2018.01.04-18.48.35:246][  0]LogInit: Using OS detected language (fr-FR).
[2018.01.04-18.48.35:246][  0]LogInit: Using OS detected locale (fr-FR).
[2018.01.04-18.48.35:249][  0]LogTextLocalizationManager: No localization for 'fr-FR' exists, so 'en' will be used for the language.
[2018.01.04-18.48.35:249][  0]LogTextLocalizationManager: No localization for 'fr-FR' exists, so 'en' will be used for the locale.
[2018.01.04-18.48.35:835][  0]LogD3D11RHI: D3D11 adapters:
[2018.01.04-18.48.35:868][  0]LogD3D11RHI:    0. 'NVIDIA GeForce GTX 1070' (Feature Level 11_0)
[2018.01.04-18.48.35:868][  0]LogD3D11RHI:       8100/0/8152 MB DedicatedVideo/DedicatedSystem/SharedSystem, Outputs:3, VendorId:0x10de
[2018.01.04-18.48.35:869][  0]LogD3D11RHI:    1. 'Microsoft Basic Render Driver' (Feature Level 11_0)
[2018.01.04-18.48.35:869][  0]LogD3D11RHI:       0/0/8152 MB DedicatedVideo/DedicatedSystem/SharedSystem, Outputs:0, VendorId:0x1414
[2018.01.04-18.48.35:869][  0]LogD3D11RHI: Chosen D3D11 Adapter: 0
[2018.01.04-18.48.35:873][  0]LogD3D11RHI: Creating new Direct3DDevice
[2018.01.04-18.48.35:873][  0]LogD3D11RHI:     GPU DeviceId: 0x1b81 (for the marketing name, search the web for "GPU Device Id")
[2018.01.04-18.48.35:873][  0]LogWindows: EnumDisplayDevices:
[2018.01.04-18.48.35:873][  0]LogWindows:    0. 'NVIDIA GeForce GTX 1070' (P:0 D:1)
[2018.01.04-18.48.35:873][  0]LogWindows:    1. 'NVIDIA GeForce GTX 1070' (P:0 D:1)
[2018.01.04-18.48.35:873][  0]LogWindows:    2. 'NVIDIA GeForce GTX 1070' (P:1 D:1)
[2018.01.04-18.48.35:873][  0]LogWindows:    3. 'NVIDIA GeForce GTX 1070' (P:0 D:0)
[2018.01.04-18.48.35:873][  0]LogWindows: DebugString: FoundDriverCount:4 
[2018.01.04-18.48.35:873][  0]LogD3D11RHI:     Adapter Name: NVIDIA GeForce GTX 1070
[2018.01.04-18.48.35:873][  0]LogD3D11RHI:   Driver Version: 388.13 (internal:23.21.13.8813, unified:388.13)
[2018.01.04-18.48.35:873][  0]LogD3D11RHI:      Driver Date: 10-27-2017
[2018.01.04-18.48.35:873][  0]LogRHI: Texture pool is 1361 MB (70% of 1945 MB)
[2018.01.04-18.48.35:900][  0]LogD3D11RHI: Async texture creation enabled
[2018.01.04-18.48.35:949][  0]LogD3D11RHI: GPU Timing Frequency: 1000.000000 (Debug: 2 1)
[2018.01.04-18.48.36:076][  0]LogShaderCompilers: Guid format shader working directory is -25 characters bigger than the processId version (../../../../../../Users/Hub-innovation/Documents/Unreal Projects/VR_Interaction/Intermediate/Shaders/WorkingDirectory/11972/).
[2018.01.04-18.48.36:076][  0]LogShaderCompilers: Cleaned the shader compiler working directory 'C:/Users/Hub-innovation/AppData/Local/Temp/UnrealShaderWorkingDir/24C308C24E5C76531B4436873CCEE9C7/'.
[2018.01.04-18.48.36:076][  0]LogShaderCompilers: Display: Using Local Shader Compiler.
[2018.01.04-18.48.37:162][  0]LogTemp: Display: Loaded TP AllDesktopTargetPlatform
[2018.01.04-18.48.37:207][  0]LogTemp: Display: Loaded TP MacClientTargetPlatform
[2018.01.04-18.48.37:253][  0]LogTemp: Display: Loaded TP MacNoEditorTargetPlatform
[2018.01.04-18.48.37:305][  0]LogTemp: Display: Loaded TP MacServerTargetPlatform
[2018.01.04-18.48.37:347][  0]LogTemp: Display: Loaded TP MacTargetPlatform
[2018.01.04-18.48.37:388][  0]LogTemp: Display: Loaded TP WindowsClientTargetPlatform
[2018.01.04-18.48.37:430][  0]LogTemp: Display: Loaded TP WindowsNoEditorTargetPlatform
[2018.01.04-18.48.37:472][  0]LogTemp: Display: Loaded TP WindowsServerTargetPlatform
[2018.01.04-18.48.37:509][  0]LogTemp: Display: Loaded TP WindowsTargetPlatform
[2018.01.04-18.48.37:551][  0]LogTemp: Display: Loaded TP AndroidTargetPlatform
[2018.01.04-18.48.37:592][  0]LogTemp: Display: Loaded TP Android_ASTCTargetPlatform
[2018.01.04-18.48.37:633][  0]LogTemp: Display: Loaded TP Android_ATCTargetPlatform
[2018.01.04-18.48.37:673][  0]LogTemp: Display: Loaded TP Android_DXTTargetPlatform
[2018.01.04-18.48.37:714][  0]LogTemp: Display: Loaded TP Android_ETC1TargetPlatform
[2018.01.04-18.48.37:755][  0]LogTemp: Display: Loaded TP Android_ETC2TargetPlatform
[2018.01.04-18.48.37:837][  0]LogTemp: Display: Loaded TP Android_MultiTargetPlatform
[2018.01.04-18.48.37:837][  0]LogTemp: Display: Loaded TP Android_PVRTCTargetPlatform
[2018.01.04-18.48.37:869][  0]LogTemp: Display: Loaded TP HTML5TargetPlatform
[2018.01.04-18.48.37:947][  0]LogTemp: Display: Loaded TP IOSTargetPlatform
[2018.01.04-18.48.37:971][  0]LogTemp: Display: Loaded TP TVOSTargetPlatform
[2018.01.04-18.48.38:010][  0]LogTemp: Display: Loaded TP LinuxClientTargetPlatform
[2018.01.04-18.48.38:051][  0]LogTemp: Display: Loaded TP LinuxNoEditorTargetPlatform
[2018.01.04-18.48.38:092][  0]LogTemp: Display: Loaded TP LinuxServerTargetPlatform
[2018.01.04-18.48.38:132][  0]LogTemp: Display: Loaded TP LinuxTargetPlatform
[2018.01.04-18.48.38:132][  0]LogTargetPlatformManager: Display: Building Assets For Windows
[2018.01.04-18.48.38:577][  0]LogDerivedDataCache: Display: Max Cache Size: 512 MB
[2018.01.04-18.48.38:662][  0]LogDerivedDataCache: Loaded boot cache 0.08s 106MB C:/Users/Hub-innovation/AppData/Local/UnrealEngine/4.17/DerivedDataCache/Boot.ddc.
[2018.01.04-18.48.38:662][  0]LogDerivedDataCache: Display: Loaded Boot cache: C:/Users/Hub-innovation/AppData/Local/UnrealEngine/4.17/DerivedDataCache/Boot.ddc
[2018.01.04-18.48.38:662][  0]LogDerivedDataCache: FDerivedDataBackendGraph:  Pak pak cache file ../../../../../../Users/Hub-innovation/Documents/Unreal Projects/VR_Interaction/DerivedDataCache/DDC.ddp not found, will not use a pak cache.
[2018.01.04-18.48.38:662][  0]LogDerivedDataCache: Unable to find inner node Pak for hierarchical cache Hierarchy.
[2018.01.04-18.48.38:662][  0]LogDerivedDataCache: FDerivedDataBackendGraph:  CompressedPak pak cache file ../../../../../../Users/Hub-innovation/Documents/Unreal Projects/VR_Interaction/DerivedDataCache/Compressed.ddp not found, will not use a pak cache.
[2018.01.04-18.48.38:663][  0]LogDerivedDataCache: Unable to find inner node CompressedPak for hierarchical cache Hierarchy.
[2018.01.04-18.48.38:679][  0]LogDerivedDataCache: Display: Pak cache opened for reading ../../../Engine/DerivedDataCache/Compressed.ddp.
[2018.01.04-18.48.38:690][  0]LogDerivedDataCache: Using Local data cache path C:/Users/Hub-innovation/AppData/Local/UnrealEngine/Common/DerivedDataCache: Writable
[2018.01.04-18.48.38:720][  0]LogMaterial: Verifying Global Shaders for PCD3D_SM5
[2018.01.04-18.48.38:720][  0]LogSlate: Using Freetype 2.6.0
[2018.01.04-18.48.38:721][  0]LogSlate: SlateFontCache - WITH_FREETYPE: 1, WITH_HARFBUZZ: 1
[2018.01.04-18.48.38:721][  0]LogSlate: SlateFontCache - WITH_FREETYPE: 1, WITH_HARFBUZZ: 1
[2018.01.04-18.48.38:974][  0]LogAssetRegistry: FAssetRegistry took 0.0254 seconds to start up
[2018.01.04-18.48.39:082][  0]LogInit: Selected Device Profile: [Windows]
[2018.01.04-18.48.39:220][  0]LogContentStreaming: Texture pool size is 0.00 MB
[2018.01.04-18.48.39:570][  0]LogSimplygon: Simplygon DLL not present - disabling.
[2018.01.04-18.48.39:610][  0]LogMeshReduction: Using SimplygonSwarm for distributed automatic mesh merging
[2018.01.04-18.48.39:610][  0]LogMeshReduction: Using QuadricMeshReduction for automatic static mesh reduction
[2018.01.04-18.48.39:610][  0]LogMeshReduction: No automatic skeletal mesh reduction module available
[2018.01.04-18.48.39:610][  0]LogMeshReduction: No automatic mesh merging module available
[2018.01.04-18.48.39:610][  0]LogMeshMerging: No automatic mesh merging module available
[2018.01.04-18.48.40:029][  0]LogNetVersion: VR_Interaction , NetCL: 3573198, EngineNetVer: 2, GameNetVer: 0 (Checksum: 1169913075)
[2018.01.04-18.48.40:236][  0]LogPackageLocalizationCache: Processed 5 localized package path(s) for 1 prioritized culture(s) in 0.031748 seconds
[2018.01.04-18.48.40:244][  0]LogUObjectArray: 35825 objects as part of root set at end of initial load.
[2018.01.04-18.48.40:244][  0]LogUObjectAllocator: 7529112 out of 0 bytes used by permanent object pool.
[2018.01.04-18.48.40:244][  0]LogUObjectArray: CloseDisregardForGC: 0/0 objects in disregard for GC pool
[2018.01.04-18.48.40:320][  0]LogInit: WinSock: version 1.1 (2.2), MaxSocks=32767, MaxUdp=65467
[2018.01.04-18.48.42:599][  0]LogTcpMessaging: Initializing TcpMessaging bridge
[2018.01.04-18.48.42:633][  0]LogUdpMessaging: Initializing bridge on interface 0.0.0.0:0 to multicast group 230.0.0.1:6666.
[2018.01.04-18.48.43:210][  0]LogMaterial: Uniform references updated for custom material expression Custom.
[2018.01.04-18.48.43:655][  0]SourceControl: Source control is disabled
[2018.01.04-18.48.43:655][  0]SourceControl: Source control is disabled
[2018.01.04-18.48.43:695][  0]SourceControl: Source control is disabled
[2018.01.04-18.48.43:733][  0]SourceControl: Source control is disabled
[2018.01.04-18.48.44:212][  0]LogAndroidPermission: UAndroidPermissionCallbackProxy::GetInstance
[2018.01.04-18.48.44:423][  0]LogOcInput: OculusInput pre-init called
[2018.01.04-18.48.44:661][  0]LogEngine: Initializing Engine...
[2018.01.04-18.48.45:219][  0]LogHMD: SteamVR initialized.  Driver: lighthouse  Display: LHR-005CE5B3
[2018.01.04-18.48.45:578][  0]LogStats: UGameplayTagsManager::ConstructGameplayTagTree: Construct from data asset -  0.000 s
[2018.01.04-18.48.45:578][  0]LogStats: UGameplayTagsManager::ConstructGameplayTagTree: GameplayTagTreeChangedEvent.Broadcast -  0.000 s
[2018.01.04-18.48.45:679][  0]LogAIModule: Creating AISystem for world Untitled
[2018.01.04-18.48.45:691][  0]LogInit: XAudio2 using 'Haut-parleurs (USB Audio Device)' : 2 channels at 44.1 kHz using 16 bits per sample (channel mask 0x3)
[2018.01.04-18.48.45:700][  0]LogInit: FAudioDevice initialized.
[2018.01.04-18.48.45:775][  0]LogDerivedDataCache: Saved boot cache 0.08s 106MB C:/Users/Hub-innovation/AppData/Local/UnrealEngine/4.17/DerivedDataCache/Boot.ddc.
[2018.01.04-18.48.45:786][  0]LogInit: Texture streaming: Enabled
[2018.01.04-18.48.45:875][  0]LogEngineSessionManager: EngineSessionManager initialized
[2018.01.04-18.48.46:047][  0]LogInit: Transaction tracking system initialized
[2018.01.04-18.48.46:287][  0]BlueprintLog: New page: Editor Load
[2018.01.04-18.48.46:978][  0]LocalizationService: Localization service is disabled
[2018.01.04-18.48.47:516][  0]LogConsoleResponse: Display: 
[2018.01.04-18.48.47:772][  0]LogCook: Display: Max memory allowance for cook 16384mb min free memory 0mb
[2018.01.04-18.48.47:772][  0]LogCook: Display: Mobile HDR setting 1
[2018.01.04-18.48.47:772][  0]LogGameplayTags: Display: UGameplayTagsManager::DoneAddingNativeTags. DelegateIsBound: 0
[2018.01.04-18.48.48:592][  0]LogFileCache: Scanning file cache for directory 'C:/Users/Hub-innovation/Documents/Unreal Projects/VR_Interaction/Content/' took 0.02s
[2018.01.04-18.48.48:592][  0]SourceControl: Source control is disabled
[2018.01.04-18.48.48:592][  0]Cmd: MAP LOAD FILE="../../../../../../Users/Hub-innovation/Documents/Unreal Projects/VR_Interaction/Content/VirtualRealityBP/Maps/MotionControllerMap.umap" TEMPLATE=0 SHOWPROGRESS=1 FEATURELEVEL=3
[2018.01.04-18.48.48:593][  0]LightingResults: New page: Lighting Build
[2018.01.04-18.48.48:626][  0]MapCheck: New page: Map Check
[2018.01.04-18.48.48:626][  0]LightingResults: New page: Lighting Build
[2018.01.04-18.48.49:390][  0]LogBlueprint: Warning: Node '/Game/VirtualRealityBP/Blueprints/BP_Tree.BP_Tree:EventGraph.K2Node_Event_16' missing NodeGuid, this can cause deterministic cooking issues please resave package.
[2018.01.04-18.48.49:607][  0]LogAIModule: Creating AISystem for world MotionControllerMap
[2018.01.04-18.48.49:615][  0]LogEditorServer: Finished looking for orphan Actors (0.000 secs)
[2018.01.04-18.48.49:627][  0]Cmd: MAP CHECKDEP NOCLEARLOG
[2018.01.04-18.48.49:669][  0]MapCheck: Map check complete: 0 Error(s), 0 Warning(s), took 41.209ms to complete.
[2018.01.04-18.48.49:669][  0]LogFileHelpers: Loading map 'MotionControllerMap' took 1.077
[2018.01.04-18.48.49:741][  0]LogWindowsTextInputMethodSystem: Display: IME system now deactivated.
[2018.01.04-18.48.49:860][  0]LogCollectionManager: Loaded 0 collections in 0.001235 seconds
[2018.01.04-18.48.49:956][  0]LogFileCache: Scanning file cache for directory 'C:/Users/Hub-innovation/Documents/Unreal Projects/VR_Interaction/Saved/Collections/' took 0.01s
[2018.01.04-18.48.49:956][  0]LogFileCache: Scanning file cache for directory 'C:/Users/Hub-innovation/Documents/Unreal Projects/VR_Interaction/Content/Developers/Hubinnovation/Collections/' took 0.01s
[2018.01.04-18.48.49:956][  0]LogFileCache: Scanning file cache for directory 'C:/Users/Hub-innovation/Documents/Unreal Projects/VR_Interaction/Content/Collections/' took 0.01s
[2018.01.04-18.48.49:956][  0]LogCollectionManager: Rebuilt the GUID cache for 0 collections in 0.000000 seconds
[2018.01.04-18.48.49:965][  0]LogContentBrowser: Native class hierarchy populated in 0.0072 seconds. Added 2386 classes and 500 folders.
[2018.01.04-18.48.50:019][  0]LogContentBrowser: Native class hierarchy updated for 'WidgetCarousel' in 0.0008 seconds. Added 0 classes and 0 folders.
[2018.01.04-18.48.50:363][  0]LogContentBrowser: Native class hierarchy updated for 'AddContentDialog' in 0.0005 seconds. Added 0 classes and 0 folders.
[2018.01.04-18.48.50:514][  0]LogSlate: Took 0.000199 seconds to synchronously load lazily loaded font '../../../Engine/Content/Slate/Fonts/Roboto-Regular.ttf' (155K)
[2018.01.04-18.48.50:516][  0]LogSlate: Took 0.000212 seconds to synchronously load lazily loaded font '../../../Engine/Content/Slate/Fonts/Roboto-Bold.ttf' (160K)
[2018.01.04-18.48.50:527][  0]LogSlate: Took 0.004727 seconds to synchronously load lazily loaded font '../../../Engine/Content/Editor/Slate/Fonts/FontAwesome.ttf' (139K)
[2018.01.04-18.48.50:667][  0]LogRenderer: Reallocating scene render targets to support 1208x576 Format 26 NumSamples 1 (Frame:1).
[2018.01.04-18.48.50:865][  0]LogContentBrowser: Native class hierarchy updated for 'HierarchicalLODOutliner' in 0.0005 seconds. Added 1 classes and 2 folders.
[2018.01.04-18.48.50:866][  0]LogLoad: (Engine Initialization) Total time: 17.72 seconds
[2018.01.04-18.48.50:866][  0]LogLoad: (Engine Initialization) Total Blueprint compile time: 0.00 seconds
[2018.01.04-18.48.50:866][  0]LogExternalProfiler: Found external profiler: VSPerf
[2018.01.04-18.48.50:866][  0]LogExternalProfiler: Using external profiler: VSPerf
[2018.01.04-18.48.50:895][  0]LogContentStreaming: Texture pool size now 1000 MB
[2018.01.04-18.48.50:931][  0]LogSlate: Took 0.004977 seconds to synchronously load lazily loaded font '../../../Engine/Content/Slate/Fonts/Roboto-Light.ttf' (159K)
[2018.01.04-18.48.50:960][  1]LogAssetRegistry: Asset discovery search completed in 12.0073 seconds
[2018.01.04-18.48.50:962][  1]LogCollectionManager: Rebuilt the object cache for 0 collections in 0.000001 seconds (found 0 objects)
[2018.01.04-18.48.50:962][  1]LogCollectionManager: Fixed up redirectors for 0 collections in 0.000064 seconds (updated 0 objects)
[2018.01.04-18.48.51:903][106]LogSlate: Took 0.000196 seconds to synchronously load lazily loaded font '../../../Engine/Content/Slate/Fonts/Roboto-Light.ttf' (159K)
[2018.01.04-18.58.16:268][661]LogSlate: Took 0.000122 seconds to synchronously load lazily loaded font '../../../Engine/Content/Slate/Fonts/Roboto-Light.ttf' (159K)
[2018.01.04-18.58.16:638][661]LogContentBrowser: Native class hierarchy updated for 'BlueprintGraph' in 0.0008 seconds. Added 113 classes and 0 folders.
[2018.01.04-18.58.17:179][661]LogSlate: Took 0.000106 seconds to synchronously load lazily loaded font '../../../Engine/Content/Slate/Fonts/Roboto-Regular.ttf' (155K)
[2018.01.04-18.58.17:291][661]LogSlate: Took 0.003984 seconds to synchronously load lazily loaded font '../../../Engine/Content/Editor/Slate/Fonts/Roboto-BoldCondensed.ttf' (158K)
[2018.01.04-18.58.17:428][662]LogSlate: Took 0.004178 seconds to synchronously load lazily loaded font '../../../Engine/Content/Editor/Slate/Fonts/Roboto-Italic.ttf' (157K)
[2018.01.04-18.58.25:832][546]BlueprintLog: New page: Compile BP_Axe
[2018.01.04-18.58.26:913][602]LogSavePackage: Save=49.70ms
[2018.01.04-18.58.26:913][602]LogSavePackage: Moving '../../../../../../Users/Hub-innovation/Documents/Unreal Projects/VR_Interaction/Saved/BP_AxeB21D6BD64EBAA4B2F93B8FB6EAAAD425.tmp' to '../../../../../../Users/Hub-innovation/Documents/Unreal Projects/VR_Interaction/Content/VirtualRealityBP/Blueprints/BP_Axe.uasset'
[2018.01.04-18.58.26:917][602]LogSavePackage: Display: Finished SavePackage ../../../../../../Users/Hub-innovation/Documents/Unreal Projects/VR_Interaction/Content/VirtualRealityBP/Blueprints/BP_Axe.uasset
[2018.01.04-18.59.52:620][963]BlueprintLog: New page: Compile BP_Axe
[2018.01.04-18.59.52:635][963]LogBlueprint: Error: [Compiler BP_Axe] Message node  Harvest
Using Interface BP_Ressource_C  must have a valid target or reference to self.
[2018.01.04-18.59.52:889][963]LogBlueprint: Warning: [Compiler BP_Axe] [0679.74] Compile of BP_Axe failed. 1 Fatal Issue(s) 0 Warning(s) [in 268 ms] (/Game/VirtualRealityBP/Blueprints/BP_Axe.BP_Axe)
[2018.01.04-18.59.53:378][992]LogSavePackage: Save=44.95ms
[2018.01.04-18.59.53:378][992]LogSavePackage: Moving '../../../../../../Users/Hub-innovation/Documents/Unreal Projects/VR_Interaction/Saved/BP_Axe9851959748846336F115B5B1575AE2C9.tmp' to '../../../../../../Users/Hub-innovation/Documents/Unreal Projects/VR_Interaction/Content/VirtualRealityBP/Blueprints/BP_Axe.uasset'
[2018.01.04-18.59.53:380][992]LogSavePackage: Display: Finished SavePackage ../../../../../../Users/Hub-innovation/Documents/Unreal Projects/VR_Interaction/Content/VirtualRealityBP/Blueprints/BP_Axe.uasset
[2018.01.04-19.00.00:737][628]LogSlate: Warning: Prevented a slow task dialog from being summoned while a context menu was open
[2018.01.04-19.01.27:854][482]LogBlueprint: Error: [Compiler BP_Axe] Message node  Harvest
Using Interface BP_Ressource_C  must have a valid target or reference to self.
[2018.01.04-19.01.27:881][482]LogBlueprint: Warning: [Compiler BP_Axe] [0774.73] Compile of BP_Axe failed. 1 Fatal Issue(s) 0 Warning(s) [in 145 ms] (/Game/VirtualRealityBP/Blueprints/BP_Axe.BP_Axe)
[2018.01.04-19.01.29:453][482]LogBlueprint: Error: [Compiler BP_Axe] Message node  Harvest
Using Interface BP_Ressource_C  must have a valid target or reference to self.
[2018.01.04-19.01.29:455][482]LogBlueprint: Warning: [Compiler BP_Axe] [0776.31] Compile of BP_Axe failed. 1 Fatal Issue(s) 0 Warning(s) [in 9 ms] (/Game/VirtualRealityBP/Blueprints/BP_Axe.BP_Axe)
[2018.01.04-19.01.29:927][482]LogMetaData: Removing '/Game/VirtualRealityBP/Blueprints/RessourceInterface.RessourceInterface_C' ref from Metadata '/Game/VirtualRealityBP/Blueprints/BP_Ressource.PackageMetaData'
[2018.01.04-19.01.29:927][482]LogMetaData: Removing '/Game/VirtualRealityBP/Blueprints/RessourceInterface.RessourceInterface:Harvest.K2Node_FunctionEntry_0' ref from Metadata '/Game/VirtualRealityBP/Blueprints/BP_Ressource.PackageMetaData'
[2018.01.04-19.01.29:927][482]LogMetaData: Removing '/Game/VirtualRealityBP/Blueprints/RessourceInterface.SKEL_RessourceInterface_C' ref from Metadata '/Game/VirtualRealityBP/Blueprints/BP_Ressource.PackageMetaData'
[2018.01.04-19.01.29:966][482]LogSavePackage: Save=6.72ms
[2018.01.04-19.01.29:966][482]LogSavePackage: Moving '../../../../../../Users/Hub-innovation/Documents/Unreal Projects/VR_Interaction/Saved/RessourceInterface5BEFD3344934AA87C45C8CA77EDE3156.tmp' to '../../../../../../Users/Hub-innovation/Documents/Unreal Projects/VR_Interaction/Content/VirtualRealityBP/Blueprints/RessourceInterface.uasset'
[2018.01.04-19.01.29:968][482]LogSavePackage: Display: Finished SavePackage ../../../../../../Users/Hub-innovation/Documents/Unreal Projects/VR_Interaction/Content/VirtualRealityBP/Blueprints/RessourceInterface.uasset
[2018.01.04-19.01.30:467][482]LogSavePackage: Save=327.59ms
[2018.01.04-19.01.30:467][482]LogSavePackage: Moving '../../../../../../Users/Hub-innovation/Documents/Unreal Projects/VR_Interaction/Saved/BP_MotionController9FBCA6D548E2735839FF2B9E6D99CA5B.tmp' to '../../../../../../Users/Hub-innovation/Documents/Unreal Projects/VR_Interaction/Content/VirtualRealityBP/Blueprints/BP_MotionController.uasset'
[2018.01.04-19.01.30:470][482]LogSavePackage: Display: Finished SavePackage ../../../../../../Users/Hub-innovation/Documents/Unreal Projects/VR_Interaction/Content/VirtualRealityBP/Blueprints/BP_MotionController.uasset
[2018.01.04-19.01.30:526][482]LogSavePackage: Save=29.02ms
[2018.01.04-19.01.30:526][482]LogSavePackage: Moving '../../../../../../Users/Hub-innovation/Documents/Unreal Projects/VR_Interaction/Saved/BP_TreeBF17F40A4010479969C5F5969D262ACD.tmp' to '../../../../../../Users/Hub-innovation/Documents/Unreal Projects/VR_Interaction/Content/VirtualRealityBP/Blueprints/BP_Tree.uasset'
[2018.01.04-19.01.30:529][482]LogSavePackage: Display: Finished SavePackage ../../../../../../Users/Hub-innovation/Documents/Unreal Projects/VR_Interaction/Content/VirtualRealityBP/Blueprints/BP_Tree.uasset
[2018.01.04-19.01.30:594][482]LogSavePackage: Save=44.80ms
[2018.01.04-19.01.30:594][482]LogSavePackage: Moving '../../../../../../Users/Hub-innovation/Documents/Unreal Projects/VR_Interaction/Saved/BP_Axe6F25007A458E66D9002A8C8C4B9B77C6.tmp' to '../../../../../../Users/Hub-innovation/Documents/Unreal Projects/VR_Interaction/Content/VirtualRealityBP/Blueprints/BP_Axe.uasset'
[2018.01.04-19.01.30:596][482]LogSavePackage: Display: Finished SavePackage ../../../../../../Users/Hub-innovation/Documents/Unreal Projects/VR_Interaction/Content/VirtualRealityBP/Blueprints/BP_Axe.uasset
[2018.01.04-19.01.42:238][458]BlueprintLog: New page: Compile BP_Axe
[2018.01.04-19.01.42:253][458]LogBlueprint: Error: [Compiler BP_Axe] Message node  Harvest
Using Interface BP_Ressource_C  must have a valid target or reference to self.
[2018.01.04-19.01.42:517][458]LogBlueprint: Warning: [Compiler BP_Axe] [0789.37] Compile of BP_Axe failed. 1 Fatal Issue(s) 0 Warning(s) [in 279 ms] (/Game/VirtualRealityBP/Blueprints/BP_Axe.BP_Axe)
[2018.01.04-19.02.12:550][478]BlueprintLog: New page: Compile BP_Axe
[2018.01.04-19.02.12:565][478]LogBlueprint: Error: [Compiler BP_Axe] Message node  Harvest
Using Interface BP_Ressource_C  must have a valid target or reference to self.
[2018.01.04-19.02.12:828][478]LogBlueprint: Warning: [Compiler BP_Axe] [0819.68] Compile of BP_Axe failed. 1 Fatal Issue(s) 0 Warning(s) [in 278 ms] (/Game/VirtualRealityBP/Blueprints/BP_Axe.BP_Axe)
[2018.01.04-19.02.13:794][544]LogSavePackage: Save=44.88ms
[2018.01.04-19.02.13:794][544]LogSavePackage: Moving '../../../../../../Users/Hub-innovation/Documents/Unreal Projects/VR_Interaction/Saved/BP_Axe73DF051543848679779760BC34176B3D.tmp' to '../../../../../../Users/Hub-innovation/Documents/Unreal Projects/VR_Interaction/Content/VirtualRealityBP/Blueprints/BP_Axe.uasset'
[2018.01.04-19.02.13:796][544]LogSavePackage: Display: Finished SavePackage ../../../../../../Users/Hub-innovation/Documents/Unreal Projects/VR_Interaction/Content/VirtualRealityBP/Blueprints/BP_Axe.uasset
[2018.01.04-19.02.26:031][578]BlueprintLog: New page: Compile BP_Axe
[2018.01.04-19.02.27:055][612]LogSavePackage: Save=46.43ms
[2018.01.04-19.02.27:055][612]LogSavePackage: Moving '../../../../../../Users/Hub-innovation/Documents/Unreal Projects/VR_Interaction/Saved/BP_AxeC761EFB249CF924536F8C29FCC90B613.tmp' to '../../../../../../Users/Hub-innovation/Documents/Unreal Projects/VR_Interaction/Content/VirtualRealityBP/Blueprints/BP_Axe.uasset'
[2018.01.04-19.02.27:057][612]LogSavePackage: Display: Finished SavePackage ../../../../../../Users/Hub-innovation/Documents/Unreal Projects/VR_Interaction/Content/VirtualRealityBP/Blueprints/BP_Axe.uasset
[2018.01.04-19.02.41:549][160]LogTemp: Repeating last play command: VR Preview
[2018.01.04-19.02.41:612][160]LogBlueprintUserMessages: Early PlayInEditor Detection: Level '/Game/VirtualRealityBP/Maps/MotionControllerMap.MotionControllerMap:PersistentLevel' has LevelScriptBlueprint '/Game/VirtualRealityBP/Maps/MotionControllerMap.MotionControllerMap:PersistentLevel.MotionControllerMap' with GeneratedClass '/Game/VirtualRealityBP/Maps/MotionControllerMap.MotionControllerMap_C' with ClassGeneratedBy '/Game/VirtualRealityBP/Maps/MotionControllerMap.MotionControllerMap:PersistentLevel.MotionControllerMap'
[2018.01.04-19.02.41:612][160]BlueprintLog: New page: Pre-Play auto-recompile
[2018.01.04-19.02.41:674][160]LogPlayLevel: [PlayLevel] Compiling BP_MotionController before play...
[2018.01.04-19.02.41:727][160]LogPlayLevel: [PlayLevel]   Compiling BP_Axe as a dependent...
[2018.01.04-19.02.41:733][160]LogPlayLevel: [PlayLevel]   Compiling BP_PickupCube as a dependent...
[2018.01.04-19.02.41:738][160]LogPlayLevel: [PlayLevel]   Compiling MotionControllerPawn as a dependent...
[2018.01.04-19.02.43:361][160]LogPlayLevel: [PlayLevel] Compiling BP_Tree before play...
[2018.01.04-19.02.43:574][160]LogPlayLevel: PlayLevel: Blueprint regeneration took 1962 ms (5 blueprints)
[2018.01.04-19.02.43:577][160]PIE: New page: PIE session: MotionControllerMap (Jan 4, 2018, 9:02:43 PM)
[2018.01.04-19.02.43:577][160]LogPlayLevel: Creating play world package: /Game/VirtualRealityBP/Maps/UEDPIE_0_MotionControllerMap
[2018.01.04-19.02.43:586][160]LogPlayLevel: PIE: StaticDuplicateObject took: (0.008878s)
[2018.01.04-19.02.43:586][160]LogAIModule: Creating AISystem for world MotionControllerMap
[2018.01.04-19.02.43:586][160]LogPlayLevel: PIE: World Init took: (0.000595s)
[2018.01.04-19.02.43:586][160]LogPlayLevel: PIE: Created PIE world by copying editor world from /Game/VirtualRealityBP/Maps/MotionControllerMap.MotionControllerMap to /Game/VirtualRealityBP/Maps/UEDPIE_0_MotionControllerMap.MotionControllerMap (0.009706s)
[2018.01.04-19.02.43:607][160]LogInit: XAudio2 using 'Haut-parleurs (USB Audio Device)' : 2 channels at 44.1 kHz using 16 bits per sample (channel mask 0x3)
[2018.01.04-19.02.43:615][160]LogInit: FAudioDevice initialized.
[2018.01.04-19.02.43:745][160]LogUObjectGlobals: Warning: Failed to find object 'Class None.'
[2018.01.04-19.02.43:745][160]LogLoad: Game class is 'GameModeBase'
[2018.01.04-19.02.43:748][160]LogWorld: Bringing World /Game/VirtualRealityBP/Maps/UEDPIE_0_MotionControllerMap.MotionControllerMap up for play (max tick rate 0) at 2018.01.04-20.02.43
[2018.01.04-19.02.43:749][160]LogWorld: Bringing up level for play took: 0.001967
[2018.01.04-19.02.43:784][160]LogContentBrowser: Native class hierarchy updated for 'MovieSceneCapture' in 0.0006 seconds. Added 11 classes and 0 folders.
[2018.01.04-19.02.43:794][160]PIE: Play in editor start time for /Game/VirtualRealityBP/Maps/UEDPIE_0_MotionControllerMap 1.622
[2018.01.04-19.02.43:795][160]LogBlueprintUserMessages: Late PlayInEditor Detection: Level '/Game/VirtualRealityBP/Maps/MotionControllerMap.MotionControllerMap:PersistentLevel' has LevelScriptBlueprint '/Game/VirtualRealityBP/Maps/MotionControllerMap.MotionControllerMap:PersistentLevel.MotionControllerMap' with GeneratedClass '/Game/VirtualRealityBP/Maps/MotionControllerMap.MotionControllerMap_C' with ClassGeneratedBy '/Game/VirtualRealityBP/Maps/MotionControllerMap.MotionControllerMap:PersistentLevel.MotionControllerMap'
[2018.01.04-19.02.43:843][161]LogRenderer: Reallocating scene render targets to support 3024x1680 Format 26 NumSamples 1 (Frame:1).
[2018.01.04-19.02.48:438][570]LogSteamVRController: Controller role for device 2 is 0 (invalid=0, left=1, right=2).
[2018.01.04-19.02.48:438][570]LogSteamVRController: Warning: Controller device 2 has no role set.  There is no 'right' controller according to steamvr, so we are pickign that.
[2018.01.04-19.02.51:074][806]LogSteamVRController: Controller role for device 3 is 0 (invalid=0, left=1, right=2).
[2018.01.04-19.02.51:074][806]LogSteamVRController: Putting controller 3 on the left hand because there is already a controller for the right.
[2018.01.04-19.03.21:904][564]LogBlueprintUserMessages: Early EndPlayMap Detection: Level '/Game/VirtualRealityBP/Maps/MotionControllerMap.MotionControllerMap:PersistentLevel' has LevelScriptBlueprint '/Game/VirtualRealityBP/Maps/MotionControllerMap.MotionControllerMap:PersistentLevel.MotionControllerMap' with GeneratedClass '/Game/VirtualRealityBP/Maps/MotionControllerMap.MotionControllerMap_C' with ClassGeneratedBy '/Game/VirtualRealityBP/Maps/MotionControllerMap.MotionControllerMap:PersistentLevel.MotionControllerMap'
[2018.01.04-19.03.22:102][564]LogBlueprintUserMessages: Late EndPlayMap Detection: Level '/Game/VirtualRealityBP/Maps/MotionControllerMap.MotionControllerMap:PersistentLevel' has LevelScriptBlueprint '/Game/VirtualRealityBP/Maps/MotionControllerMap.MotionControllerMap:PersistentLevel.MotionControllerMap' with GeneratedClass '/Game/VirtualRealityBP/Maps/MotionControllerMap.MotionControllerMap_C' with ClassGeneratedBy '/Game/VirtualRealityBP/Maps/MotionControllerMap.MotionControllerMap:PersistentLevel.MotionControllerMap'
[2018.01.04-19.07.30:476][350]LogSavePackage: Save=46.98ms
[2018.01.04-19.07.30:476][350]LogSavePackage: Moving '../../../../../../Users/Hub-innovation/Documents/Unreal Projects/VR_Interaction/Saved/BP_Axe0455963A4F4325B16F1909A943B610E7.tmp' to '../../../../../../Users/Hub-innovation/Documents/Unreal Projects/VR_Interaction/Content/VirtualRealityBP/Blueprints/BP_Axe.uasset'
[2018.01.04-19.07.30:479][350]LogSavePackage: Display: Finished SavePackage ../../../../../../Users/Hub-innovation/Documents/Unreal Projects/VR_Interaction/Content/VirtualRealityBP/Blueprints/BP_Axe.uasset
[2018.01.04-19.07.41:900][623]LogSavePackage: Save=41.28ms
[2018.01.04-19.07.41:900][623]LogSavePackage: Moving '../../../../../../Users/Hub-innovation/Documents/Unreal Projects/VR_Interaction/Saved/BP_AxeA54A512E46CC5BCF88A6FC9689A28E79.tmp' to '../../../../../../Users/Hub-innovation/Documents/Unreal Projects/VR_Interaction/Content/VirtualRealityBP/Blueprints/BP_Axe.uasset'
[2018.01.04-19.07.41:902][623]LogSavePackage: Display: Finished SavePackage ../../../../../../Users/Hub-innovation/Documents/Unreal Projects/VR_Interaction/Content/VirtualRealityBP/Blueprints/BP_Axe.uasset
[2018.01.04-19.07.52:230][611]BlueprintLog: New page: Compile BP_Axe
[2018.01.04-19.07.53:177][645]LogSavePackage: Save=47.52ms
[2018.01.04-19.07.53:177][645]LogSavePackage: Moving '../../../../../../Users/Hub-innovation/Documents/Unreal Projects/VR_Interaction/Saved/BP_AxeEC0D6DE64AA875996352C59E8DFF303E.tmp' to '../../../../../../Users/Hub-innovation/Documents/Unreal Projects/VR_Interaction/Content/VirtualRealityBP/Blueprints/BP_Axe.uasset'
[2018.01.04-19.07.53:178][645]LogSavePackage: Display: Finished SavePackage ../../../../../../Users/Hub-innovation/Documents/Unreal Projects/VR_Interaction/Content/VirtualRealityBP/Blueprints/BP_Axe.uasset
[2018.01.04-19.08.09:359][  0]LogTemp: Repeating last play command: VR Preview
[2018.01.04-19.08.09:387][  0]LogBlueprintUserMessages: Early PlayInEditor Detection: Level '/Game/VirtualRealityBP/Maps/MotionControllerMap.MotionControllerMap:PersistentLevel' has LevelScriptBlueprint '/Game/VirtualRealityBP/Maps/MotionControllerMap.MotionControllerMap:PersistentLevel.MotionControllerMap' with GeneratedClass '/Game/VirtualRealityBP/Maps/MotionControllerMap.MotionControllerMap_C' with ClassGeneratedBy '/Game/VirtualRealityBP/Maps/MotionControllerMap.MotionControllerMap:PersistentLevel.MotionControllerMap'
[2018.01.04-19.08.09:388][  0]LogPlayLevel: PlayLevel: No blueprints needed recompiling
[2018.01.04-19.08.09:388][  0]PIE: New page: PIE session: MotionControllerMap (Jan 4, 2018, 9:08:09 PM)
[2018.01.04-19.08.09:388][  0]LogPlayLevel: Creating play world package: /Game/VirtualRealityBP/Maps/UEDPIE_0_MotionControllerMap
[2018.01.04-19.08.09:396][  0]LogPlayLevel: PIE: StaticDuplicateObject took: (0.008024s)
[2018.01.04-19.08.09:396][  0]LogAIModule: Creating AISystem for world MotionControllerMap
[2018.01.04-19.08.09:396][  0]LogPlayLevel: PIE: World Init took: (0.000563s)
[2018.01.04-19.08.09:397][  0]LogPlayLevel: PIE: Created PIE world by copying editor world from /Game/VirtualRealityBP/Maps/MotionControllerMap.MotionControllerMap to /Game/VirtualRealityBP/Maps/UEDPIE_0_MotionControllerMap.MotionControllerMap (0.008799s)
[2018.01.04-19.08.09:422][  0]LogInit: XAudio2 using 'Haut-parleurs (USB Audio Device)' : 2 channels at 44.1 kHz using 16 bits per sample (channel mask 0x3)
[2018.01.04-19.08.09:429][  0]LogInit: FAudioDevice initialized.
[2018.01.04-19.08.09:536][  0]LogUObjectGlobals: Warning: Failed to find object 'Class None.'
[2018.01.04-19.08.09:536][  0]LogLoad: Game class is 'GameModeBase'
[2018.01.04-19.08.09:538][  0]LogWorld: Bringing World /Game/VirtualRealityBP/Maps/UEDPIE_0_MotionControllerMap.MotionControllerMap up for play (max tick rate 0) at 2018.01.04-20.08.09
[2018.01.04-19.08.09:538][  0]LogWorld: Bringing up level for play took: 0.001900
[2018.01.04-19.08.09:547][  0]PIE: Play in editor start time for /Game/VirtualRealityBP/Maps/UEDPIE_0_MotionControllerMap -0.624
[2018.01.04-19.08.09:548][  0]LogBlueprintUserMessages: Late PlayInEditor Detection: Level '/Game/VirtualRealityBP/Maps/MotionControllerMap.MotionControllerMap:PersistentLevel' has LevelScriptBlueprint '/Game/VirtualRealityBP/Maps/MotionControllerMap.MotionControllerMap:PersistentLevel.MotionControllerMap' with GeneratedClass '/Game/VirtualRealityBP/Maps/MotionControllerMap.MotionControllerMap_C' with ClassGeneratedBy '/Game/VirtualRealityBP/Maps/MotionControllerMap.MotionControllerMap:PersistentLevel.MotionControllerMap'
[2018.01.04-19.08.18:343][785]LogBlueprintUserMessages: Early EndPlayMap Detection: Level '/Game/VirtualRealityBP/Maps/MotionControllerMap.MotionControllerMap:PersistentLevel' has LevelScriptBlueprint '/Game/VirtualRealityBP/Maps/MotionControllerMap.MotionControllerMap:PersistentLevel.MotionControllerMap' with GeneratedClass '/Game/VirtualRealityBP/Maps/MotionControllerMap.MotionControllerMap_C' with ClassGeneratedBy '/Game/VirtualRealityBP/Maps/MotionControllerMap.MotionControllerMap:PersistentLevel.MotionControllerMap'
[2018.01.04-19.08.18:522][785]LogBlueprintUserMessages: Late EndPlayMap Detection: Level '/Game/VirtualRealityBP/Maps/MotionControllerMap.MotionControllerMap:PersistentLevel' has LevelScriptBlueprint '/Game/VirtualRealityBP/Maps/MotionControllerMap.MotionControllerMap:PersistentLevel.MotionControllerMap' with GeneratedClass '/Game/VirtualRealityBP/Maps/MotionControllerMap.MotionControllerMap_C' with ClassGeneratedBy '/Game/VirtualRealityBP/Maps/MotionControllerMap.MotionControllerMap:PersistentLevel.MotionControllerMap'
[2018.01.04-19.08.26:715][398]LogSavePackage: Save=46.30ms
[2018.01.04-19.08.26:715][398]LogSavePackage: Moving '../../../../../../Users/Hub-innovation/Documents/Unreal Projects/VR_Interaction/Saved/BP_Axe2F8BE38541332A9764CC6DA8C40E31D2.tmp' to '../../../../../../Users/Hub-innovation/Documents/Unreal Projects/VR_Interaction/Content/VirtualRealityBP/Blueprints/BP_Axe.uasset'
[2018.01.04-19.08.26:718][398]LogSavePackage: Display: Finished SavePackage ../../../../../../Users/Hub-innovation/Documents/Unreal Projects/VR_Interaction/Content/VirtualRealityBP/Blueprints/BP_Axe.uasset
[2018.01.04-19.08.28:036][528]LogSavePackage: Save=41.80ms
[2018.01.04-19.08.28:036][528]LogSavePackage: Moving '../../../../../../Users/Hub-innovation/Documents/Unreal Projects/VR_Interaction/Saved/BP_AxeB550918740396BFDA67901A39209504E.tmp' to '../../../../../../Users/Hub-innovation/Documents/Unreal Projects/VR_Interaction/Content/VirtualRealityBP/Blueprints/BP_Axe.uasset'
[2018.01.04-19.08.28:038][528]LogSavePackage: Display: Finished SavePackage ../../../../../../Users/Hub-innovation/Documents/Unreal Projects/VR_Interaction/Content/VirtualRealityBP/Blueprints/BP_Axe.uasset
[2018.01.04-19.08.29:340][616]BlueprintLog: New page: Compile BP_Axe
[2018.01.04-19.08.30:273][653]LogTemp: Repeating last play command: VR Preview
[2018.01.04-19.08.30:303][653]LogBlueprintUserMessages: Early PlayInEditor Detection: Level '/Game/VirtualRealityBP/Maps/MotionControllerMap.MotionControllerMap:PersistentLevel' has LevelScriptBlueprint '/Game/VirtualRealityBP/Maps/MotionControllerMap.MotionControllerMap:PersistentLevel.MotionControllerMap' with GeneratedClass '/Game/VirtualRealityBP/Maps/MotionControllerMap.MotionControllerMap_C' with ClassGeneratedBy '/Game/VirtualRealityBP/Maps/MotionControllerMap.MotionControllerMap:PersistentLevel.MotionControllerMap'
[2018.01.04-19.08.30:303][653]LogPlayLevel: PlayLevel: No blueprints needed recompiling
[2018.01.04-19.08.30:303][653]PIE: New page: PIE session: MotionControllerMap (Jan 4, 2018, 9:08:30 PM)
[2018.01.04-19.08.30:303][653]LogPlayLevel: Creating play world package: /Game/VirtualRealityBP/Maps/UEDPIE_0_MotionControllerMap
[2018.01.04-19.08.30:312][653]LogPlayLevel: PIE: StaticDuplicateObject took: (0.008531s)
[2018.01.04-19.08.30:312][653]LogAIModule: Creating AISystem for world MotionControllerMap
[2018.01.04-19.08.30:313][653]LogPlayLevel: PIE: World Init took: (0.000591s)
[2018.01.04-19.08.30:313][653]LogPlayLevel: PIE: Created PIE world by copying editor world from /Game/VirtualRealityBP/Maps/MotionControllerMap.MotionControllerMap to /Game/VirtualRealityBP/Maps/UEDPIE_0_MotionControllerMap.MotionControllerMap (0.009351s)
[2018.01.04-19.08.30:339][653]LogInit: XAudio2 using 'Haut-parleurs (USB Audio Device)' : 2 channels at 44.1 kHz using 16 bits per sample (channel mask 0x3)
[2018.01.04-19.08.30:345][653]LogInit: FAudioDevice initialized.
[2018.01.04-19.08.30:455][653]LogUObjectGlobals: Warning: Failed to find object 'Class None.'
[2018.01.04-19.08.30:455][653]LogLoad: Game class is 'GameModeBase'
[2018.01.04-19.08.30:458][653]LogWorld: Bringing World /Game/VirtualRealityBP/Maps/UEDPIE_0_MotionControllerMap.MotionControllerMap up for play (max tick rate 0) at 2018.01.04-20.08.30
[2018.01.04-19.08.30:459][653]LogWorld: Bringing up level for play took: 0.002948
[2018.01.04-19.08.30:471][653]PIE: Play in editor start time for /Game/VirtualRealityBP/Maps/UEDPIE_0_MotionControllerMap 0.3
[2018.01.04-19.08.30:472][653]LogBlueprintUserMessages: Late PlayInEditor Detection: Level '/Game/VirtualRealityBP/Maps/MotionControllerMap.MotionControllerMap:PersistentLevel' has LevelScriptBlueprint '/Game/VirtualRealityBP/Maps/MotionControllerMap.MotionControllerMap:PersistentLevel.MotionControllerMap' with GeneratedClass '/Game/VirtualRealityBP/Maps/MotionControllerMap.MotionControllerMap_C' with ClassGeneratedBy '/Game/VirtualRealityBP/Maps/MotionControllerMap.MotionControllerMap:PersistentLevel.MotionControllerMap'
[2018.01.04-19.08.42:145][693]LogBlueprintUserMessages: Early EndPlayMap Detection: Level '/Game/VirtualRealityBP/Maps/MotionControllerMap.MotionControllerMap:PersistentLevel' has LevelScriptBlueprint '/Game/VirtualRealityBP/Maps/MotionControllerMap.MotionControllerMap:PersistentLevel.MotionControllerMap' with GeneratedClass '/Game/VirtualRealityBP/Maps/MotionControllerMap.MotionControllerMap_C' with ClassGeneratedBy '/Game/VirtualRealityBP/Maps/MotionControllerMap.MotionControllerMap:PersistentLevel.MotionControllerMap'
[2018.01.04-19.08.42:331][693]LogBlueprintUserMessages: Late EndPlayMap Detection: Level '/Game/VirtualRealityBP/Maps/MotionControllerMap.MotionControllerMap:PersistentLevel' has LevelScriptBlueprint '/Game/VirtualRealityBP/Maps/MotionControllerMap.MotionControllerMap:PersistentLevel.MotionControllerMap' with GeneratedClass '/Game/VirtualRealityBP/Maps/MotionControllerMap.MotionControllerMap_C' with ClassGeneratedBy '/Game/VirtualRealityBP/Maps/MotionControllerMap.MotionControllerMap:PersistentLevel.MotionControllerMap'
[2018.01.04-19.08.47:308][ 33]LogSavePackage: Save=47.37ms
[2018.01.04-19.08.47:308][ 33]LogSavePackage: Moving '../../../../../../Users/Hub-innovation/Documents/Unreal Projects/VR_Interaction/Saved/BP_AxeC4B09B6042D4D6E3D3B7E5B34F364484.tmp' to '../../../../../../Users/Hub-innovation/Documents/Unreal Projects/VR_Interaction/Content/VirtualRealityBP/Blueprints/BP_Axe.uasset'
[2018.01.04-19.08.47:311][ 33]LogSavePackage: Display: Finished SavePackage ../../../../../../Users/Hub-innovation/Documents/Unreal Projects/VR_Interaction/Content/VirtualRealityBP/Blueprints/BP_Axe.uasset
[2018.01.04-19.09.18:942][455]LogSavePackage: Save=45.66ms
[2018.01.04-19.09.18:942][455]LogSavePackage: Moving '../../../../../../Users/Hub-innovation/Documents/Unreal Projects/VR_Interaction/Saved/BP_Axe82952C5E4524A8AEA5B5D28D3DB705C6.tmp' to '../../../../../../Users/Hub-innovation/Documents/Unreal Projects/VR_Interaction/Content/VirtualRealityBP/Blueprints/BP_Axe.uasset'
[2018.01.04-19.09.18:944][455]LogSavePackage: Display: Finished SavePackage ../../../../../../Users/Hub-innovation/Documents/Unreal Projects/VR_Interaction/Content/VirtualRealityBP/Blueprints/BP_Axe.uasset
[2018.01.04-19.09.28:653][460]LogSavePackage: Save=45.81ms
[2018.01.04-19.09.28:653][460]LogSavePackage: Moving '../../../../../../Users/Hub-innovation/Documents/Unreal Projects/VR_Interaction/Saved/BP_Axe7C5CD2F04A17746147A55EB169D29FB9.tmp' to '../../../../../../Users/Hub-innovation/Documents/Unreal Projects/VR_Interaction/Content/VirtualRealityBP/Blueprints/BP_Axe.uasset'
[2018.01.04-19.09.28:656][460]LogSavePackage: Display: Finished SavePackage ../../../../../../Users/Hub-innovation/Documents/Unreal Projects/VR_Interaction/Content/VirtualRealityBP/Blueprints/BP_Axe.uasset
[2018.01.04-19.09.28:962][481]LogSavePackage: Save=37.67ms
[2018.01.04-19.09.28:962][481]LogSavePackage: Moving '../../../../../../Users/Hub-innovation/Documents/Unreal Projects/VR_Interaction/Saved/BP_PickupCubeBAF3DCBC4EC6EABFE5002C8118FADF18.tmp' to '../../../../../../Users/Hub-innovation/Documents/Unreal Projects/VR_Interaction/Content/VirtualRealityBP/Blueprints/BP_PickupCube.uasset'
[2018.01.04-19.09.28:964][481]LogSavePackage: Display: Finished SavePackage ../../../../../../Users/Hub-innovation/Documents/Unreal Projects/VR_Interaction/Content/VirtualRealityBP/Blueprints/BP_PickupCube.uasset
[2018.01.04-19.09.29:786][571]LogTemp: Repeating last play command: VR Preview
[2018.01.04-19.09.29:808][571]LogBlueprintUserMessages: Early PlayInEditor Detection: Level '/Game/VirtualRealityBP/Maps/MotionControllerMap.MotionControllerMap:PersistentLevel' has LevelScriptBlueprint '/Game/VirtualRealityBP/Maps/MotionControllerMap.MotionControllerMap:PersistentLevel.MotionControllerMap' with GeneratedClass '/Game/VirtualRealityBP/Maps/MotionControllerMap.MotionControllerMap_C' with ClassGeneratedBy '/Game/VirtualRealityBP/Maps/MotionControllerMap.MotionControllerMap:PersistentLevel.MotionControllerMap'
[2018.01.04-19.09.29:808][571]BlueprintLog: New page: Pre-Play auto-recompile
[2018.01.04-19.09.29:816][571]LogPlayLevel: [PlayLevel] Compiling BP_Axe before play...
[2018.01.04-19.09.30:099][571]LogPlayLevel: PlayLevel: Blueprint regeneration took 290 ms (1 blueprints)
[2018.01.04-19.09.30:099][571]PIE: New page: PIE session: MotionControllerMap (Jan 4, 2018, 9:09:30 PM)
[2018.01.04-19.09.30:099][571]LogPlayLevel: Creating play world package: /Game/VirtualRealityBP/Maps/UEDPIE_0_MotionControllerMap
[2018.01.04-19.09.30:107][571]LogPlayLevel: PIE: StaticDuplicateObject took: (0.008099s)
[2018.01.04-19.09.30:107][571]LogAIModule: Creating AISystem for world MotionControllerMap
[2018.01.04-19.09.30:108][571]LogPlayLevel: PIE: World Init took: (0.000618s)
[2018.01.04-19.09.30:108][571]LogPlayLevel: PIE: Created PIE world by copying editor world from /Game/VirtualRealityBP/Maps/MotionControllerMap.MotionControllerMap to /Game/VirtualRealityBP/Maps/UEDPIE_0_MotionControllerMap.MotionControllerMap (0.008928s)
[2018.01.04-19.09.30:130][571]LogInit: XAudio2 using 'Haut-parleurs (USB Audio Device)' : 2 channels at 44.1 kHz using 16 bits per sample (channel mask 0x3)
[2018.01.04-19.09.30:137][571]LogInit: FAudioDevice initialized.
[2018.01.04-19.09.30:251][571]LogUObjectGlobals: Warning: Failed to find object 'Class None.'
[2018.01.04-19.09.30:251][571]LogLoad: Game class is 'GameModeBase'
[2018.01.04-19.09.30:254][571]LogWorld: Bringing World /Game/VirtualRealityBP/Maps/UEDPIE_0_MotionControllerMap.MotionControllerMap up for play (max tick rate 0) at 2018.01.04-20.09.30
[2018.01.04-19.09.30:254][571]LogWorld: Bringing up level for play took: 0.001634
[2018.01.04-19.09.30:264][571]PIE: Play in editor start time for /Game/VirtualRealityBP/Maps/UEDPIE_0_MotionControllerMap 0.093
[2018.01.04-19.09.30:265][571]LogBlueprintUserMessages: Late PlayInEditor Detection: Level '/Game/VirtualRealityBP/Maps/MotionControllerMap.MotionControllerMap:PersistentLevel' has LevelScriptBlueprint '/Game/VirtualRealityBP/Maps/MotionControllerMap.MotionControllerMap:PersistentLevel.MotionControllerMap' with GeneratedClass '/Game/VirtualRealityBP/Maps/MotionControllerMap.MotionControllerMap_C' with ClassGeneratedBy '/Game/VirtualRealityBP/Maps/MotionControllerMap.MotionControllerMap:PersistentLevel.MotionControllerMap'
[2018.01.04-19.09.40:341][470]LogBlueprintUserMessages: Early EndPlayMap Detection: Level '/Game/VirtualRealityBP/Maps/MotionControllerMap.MotionControllerMap:PersistentLevel' has LevelScriptBlueprint '/Game/VirtualRealityBP/Maps/MotionControllerMap.MotionControllerMap:PersistentLevel.MotionControllerMap' with GeneratedClass '/Game/VirtualRealityBP/Maps/MotionControllerMap.MotionControllerMap_C' with ClassGeneratedBy '/Game/VirtualRealityBP/Maps/MotionControllerMap.MotionControllerMap:PersistentLevel.MotionControllerMap'
[2018.01.04-19.09.40:501][470]LogBlueprintUserMessages: Late EndPlayMap Detection: Level '/Game/VirtualRealityBP/Maps/MotionControllerMap.MotionControllerMap:PersistentLevel' has LevelScriptBlueprint '/Game/VirtualRealityBP/Maps/MotionControllerMap.MotionControllerMap:PersistentLevel.MotionControllerMap' with GeneratedClass '/Game/VirtualRealityBP/Maps/MotionControllerMap.MotionControllerMap_C' with ClassGeneratedBy '/Game/VirtualRealityBP/Maps/MotionControllerMap.MotionControllerMap:PersistentLevel.MotionControllerMap'
[2018.01.04-19.09.45:293][997]BlueprintLog: New page: Compile BP_Axe
[2018.01.04-19.09.46:288][ 45]LogSavePackage: Save=46.63ms
[2018.01.04-19.09.46:288][ 45]LogSavePackage: Moving '../../../../../../Users/Hub-innovation/Documents/Unreal Projects/VR_Interaction/Saved/BP_AxeBA39FF254DC414FE2A87E1A4DAE52163.tmp' to '../../../../../../Users/Hub-innovation/Documents/Unreal Projects/VR_Interaction/Content/VirtualRealityBP/Blueprints/BP_Axe.uasset'
[2018.01.04-19.09.46:289][ 45]LogSavePackage: Display: Finished SavePackage ../../../../../../Users/Hub-innovation/Documents/Unreal Projects/VR_Interaction/Content/VirtualRealityBP/Blueprints/BP_Axe.uasset
[2018.01.04-19.15.05:933][715]BlueprintLog: New page: Compile BP_Axe
[2018.01.04-19.15.06:832][761]LogSavePackage: Save=46.82ms
[2018.01.04-19.15.06:832][761]LogSavePackage: Moving '../../../../../../Users/Hub-innovation/Documents/Unreal Projects/VR_Interaction/Saved/BP_Axe267C4C1D4AF016004131E4843A3483B1.tmp' to '../../../../../../Users/Hub-innovation/Documents/Unreal Projects/VR_Interaction/Content/VirtualRealityBP/Blueprints/BP_Axe.uasset'
[2018.01.04-19.15.06:835][761]LogSavePackage: Display: Finished SavePackage ../../../../../../Users/Hub-innovation/Documents/Unreal Projects/VR_Interaction/Content/VirtualRealityBP/Blueprints/BP_Axe.uasset
[2018.01.04-19.15.15:212][734]LogTemp: Repeating last play command: VR Preview
[2018.01.04-19.15.15:241][734]LogBlueprintUserMessages: Early PlayInEditor Detection: Level '/Game/VirtualRealityBP/Maps/MotionControllerMap.MotionControllerMap:PersistentLevel' has LevelScriptBlueprint '/Game/VirtualRealityBP/Maps/MotionControllerMap.MotionControllerMap:PersistentLevel.MotionControllerMap' with GeneratedClass '/Game/VirtualRealityBP/Maps/MotionControllerMap.MotionControllerMap_C' with ClassGeneratedBy '/Game/VirtualRealityBP/Maps/MotionControllerMap.MotionControllerMap:PersistentLevel.MotionControllerMap'
[2018.01.04-19.15.15:241][734]LogPlayLevel: PlayLevel: No blueprints needed recompiling
[2018.01.04-19.15.15:242][734]PIE: New page: PIE session: MotionControllerMap (Jan 4, 2018, 9:15:15 PM)
[2018.01.04-19.15.15:242][734]LogPlayLevel: Creating play world package: /Game/VirtualRealityBP/Maps/UEDPIE_0_MotionControllerMap
[2018.01.04-19.15.15:250][734]LogPlayLevel: PIE: StaticDuplicateObject took: (0.008202s)
[2018.01.04-19.15.15:250][734]LogAIModule: Creating AISystem for world MotionControllerMap
[2018.01.04-19.15.15:251][734]LogPlayLevel: PIE: World Init took: (0.000656s)
[2018.01.04-19.15.15:251][734]LogPlayLevel: PIE: Created PIE world by copying editor world from /Game/VirtualRealityBP/Maps/MotionControllerMap.MotionControllerMap to /Game/VirtualRealityBP/Maps/UEDPIE_0_MotionControllerMap.MotionControllerMap (0.009095s)
[2018.01.04-19.15.15:275][734]LogInit: XAudio2 using 'Haut-parleurs (USB Audio Device)' : 2 channels at 44.1 kHz using 16 bits per sample (channel mask 0x3)
[2018.01.04-19.15.15:283][734]LogInit: FAudioDevice initialized.
[2018.01.04-19.15.15:389][734]LogUObjectGlobals: Warning: Failed to find object 'Class None.'
[2018.01.04-19.15.15:389][734]LogLoad: Game class is 'GameModeBase'
[2018.01.04-19.15.15:391][734]LogWorld: Bringing World /Game/VirtualRealityBP/Maps/UEDPIE_0_MotionControllerMap.MotionControllerMap up for play (max tick rate 0) at 2018.01.04-20.15.15
[2018.01.04-19.15.15:391][734]LogWorld: Bringing up level for play took: 0.002077
[2018.01.04-19.15.15:393][734]LogUnrealMath: Error: FMatrix::InverseFast(), trying to invert a NIL matrix, this results in NaNs! Use Inverse() instead.
[2018.01.04-19.15.15:393][734]LogOutputDevice: Warning: 

Script Stack:
BP_MotionController_C.SetupRoomScaleOutline
BP_MotionController_C.ExecuteUbergraph_BP_MotionController
BP_MotionController_C.ReceiveBeginPlay
MotionControllerPawn_C.ExecuteUbergraph_MotionControllerPawn
MotionControllerPawn_C.ReceiveBeginPlay

[2018.01.04-19.15.15:494][734]LogStats: FPlatformStackWalk::StackWalkAndDump -  0.101 s
[2018.01.04-19.15.15:494][734]LogOutputDevice: Error: === Handled ensure: ===
[2018.01.04-19.15.15:494][734]LogOutputDevice: Error: 
[2018.01.04-19.15.15:494][734]LogOutputDevice: Error: Ensure condition failed: false [File:D:\Build\++UE4+Release-4.17+Compile\Sync\Engine\Source\Runtime\Core\Private\Math\Matrix.cpp] [Line: 8]
[2018.01.04-19.15.15:494][734]LogOutputDevice: Error: FMatrix::InverseFast(), trying to invert a NIL matrix, this results in NaNs! Use Inverse() instead.
[2018.01.04-19.15.15:494][734]LogOutputDevice: Error: Stack: 
[2018.01.04-19.15.15:494][734]LogOutputDevice: Error: UE4Editor-Core.dll!0x00000000A8473E36
[2018.01.04-19.15.15:494][734]LogOutputDevice: Error: UE4Editor-Core.dll!0x00000000A81FC2D2
[2018.01.04-19.15.15:494][734]LogOutputDevice: Error: UE4Editor-Core.dll!0x00000000A8214746
[2018.01.04-19.15.15:494][734]LogOutputDevice: Error: UE4Editor-Core.dll!0x00000000A819E1A1
[2018.01.04-19.15.15:494][734]LogOutputDevice: Error: UE4Editor-Engine.dll!0x00000000A4B674EB
[2018.01.04-19.15.15:494][734]LogOutputDevice: Error: UE4Editor-Engine.dll!0x00000000A54BABD3
[2018.01.04-19.15.15:494][734]LogOutputDevice: Error: UE4Editor-Engine.dll!0x00000000A54F06C4
[2018.01.04-19.15.15:494][734]LogOutputDevice: Error: UE4Editor-CoreUObject.dll!0x00000000A964E944
[2018.01.04-19.15.15:494][734]LogOutputDevice: Error: UE4Editor-CoreUObject.dll!0x00000000A980DDA4
[2018.01.04-19.15.15:494][734]LogOutputDevice: Error: UE4Editor-CoreUObject.dll!0x00000000A9823101
[2018.01.04-19.15.15:494][734]LogOutputDevice: Error: UE4Editor-CoreUObject.dll!0x00000000A98252E2
[2018.01.04-19.15.15:494][734]LogOutputDevice: Error: UE4Editor-CoreUObject.dll!0x00000000A980E7AE
[2018.01.04-19.15.15:494][734]LogOutputDevice: Error: UE4Editor-CoreUObject.dll!0x00000000A98252E2
[2018.01.04-19.15.15:494][734]LogOutputDevice: Error: UE4Editor-CoreUObject.dll!0x00000000A980E7AE
[2018.01.04-19.15.15:494][734]LogOutputDevice: Error: UE4Editor-CoreUObject.dll!0x00000000A98252E2
[2018.01.04-19.15.15:494][734]LogOutputDevice: Error: UE4Editor-CoreUObject.dll!0x00000000A964E944
[2018.01.04-19.15.15:494][734]LogOutputDevice: Error: UE4Editor-CoreUObject.dll!0x00000000A9824675
[2018.01.04-19.15.15:494][734]LogOutputDevice: Error: UE4Editor-Engine.dll!0x00000000A4C4B247
[2018.01.04-19.15.15:494][734]LogOutputDevice: Error: UE4Editor-Engine.dll!0x00000000A5DF5B47
[2018.01.04-19.15.15:494][734]LogOutputDevice: Error: UE4Editor-Engine.dll!0x00000000A4C0DC2F
[2018.01.04-19.15.15:494][734]LogOutputDevice: Error: UE4Editor-Engine.dll!0x00000000A4C1ABCB
[2018.01.04-19.15.15:494][734]LogOutputDevice: Error: UE4Editor-Engine.dll!0x00000000A4C46959
[2018.01.04-19.15.15:494][734]LogOutputDevice: Error: UE4Editor-Engine.dll!0x00000000A4C27E03
[2018.01.04-19.15.15:494][734]LogOutputDevice: Error: UE4Editor-Engine.dll!0x00000000A534BE89
[2018.01.04-19.15.15:494][734]LogOutputDevice: Error: UE4Editor-Engine.dll!0x00000000A4C805B6
[2018.01.04-19.15.15:494][734]LogOutputDevice: Error: UE4Editor-CoreUObject.dll!0x00000000A964E944
[2018.01.04-19.15.15:494][734]LogOutputDevice: Error: UE4Editor-CoreUObject.dll!0x00000000A980DDA4
[2018.01.04-19.15.15:494][734]LogOutputDevice: Error: UE4Editor-CoreUObject.dll!0x00000000A9823101
[2018.01.04-19.15.15:494][734]LogOutputDevice: Error: UE4Editor-CoreUObject.dll!0x00000000A984CDA4
[2018.01.04-19.15.15:494][734]LogOutputDevice: Error: UE4Editor-CoreUObject.dll!0x00000000A98252E2
[2018.01.04-19.15.15:494][734]LogOutputDevice: Error: UE4Editor-CoreUObject.dll!0x00000000A980E7AE
[2018.01.04-19.15.15:494][734]LogOutputDevice: Error: UE4Editor-CoreUObject.dll!0x00000000A98252E2
[2018.01.04-19.15.15:494][734]LogOutputDevice: Error: UE4Editor-CoreUObject.dll!0x00000000A964E944
[2018.01.04-19.15.15:494][734]LogOutputDevice: Error: UE4Editor-CoreUObject.dll!0x00000000A9824675
[2018.01.04-19.15.15:494][734]LogOutputDevice: Error: UE4Editor-Engine.dll!0x00000000A4C4B247
[2018.01.04-19.15.15:494][734]LogOutputDevice: Error: UE4Editor-Engine.dll!0x00000000A5DF5B47
[2018.01.04-19.15.15:495][734]LogOutputDevice: Error: UE4Editor-Engine.dll!0x00000000A4C0DC2F
[2018.01.04-19.15.15:495][734]LogOutputDevice: Error: UE4Editor-Engine.dll!0x00000000A4C1ABCB
[2018.01.04-19.15.15:495][734]LogOutputDevice: Error: UE4Editor-Engine.dll!0x00000000A5DDA871
[2018.01.04-19.15.15:495][734]LogOutputDevice: Error: UE4Editor-Engine.dll!0x00000000A5354991
[2018.01.04-19.15.15:495][734]LogOutputDevice: Error: UE4Editor-Engine.dll!0x00000000A5DC601E
[2018.01.04-19.15.15:495][734]LogOutputDevice: Error: UE4Editor-Engine.dll!0x00000000A5377CF6
[2018.01.04-19.15.15:495][734]LogOutputDevice: Error: UE4Editor-UnrealEd.dll!0x00000000A3BAAE6C
[2018.01.04-19.15.15:495][734]LogOutputDevice: Error: UE4Editor-UnrealEd.dll!0x00000000A3BD584E
[2018.01.04-19.15.15:495][734]LogOutputDevice: Error: UE4Editor-UnrealEd.dll!0x00000000A3BF1394
[2018.01.04-19.15.15:495][734]LogOutputDevice: Error: UE4Editor-UnrealEd.dll!0x00000000A365BDF8
[2018.01.04-19.15.15:495][734]LogOutputDevice: Error: UE4Editor-UnrealEd.dll!0x00000000A3EED646
[2018.01.04-19.15.15:495][734]LogOutputDevice: Error: UE4Editor.exe!0x00000000F8C3534A
[2018.01.04-19.15.15:495][734]LogOutputDevice: Error: UE4Editor.exe!0x00000000F8C43970
[2018.01.04-19.15.15:495][734]LogOutputDevice: Error: UE4Editor.exe!0x00000000F8C439EA
[2018.01.04-19.15.15:495][734]LogOutputDevice: Error: UE4Editor.exe!0x00000000F8C502D9
[2018.01.04-19.15.15:495][734]LogOutputDevice: Error: UE4Editor.exe!0x00000000F8C51C47
[2018.01.04-19.15.15:495][734]LogOutputDevice: Error: KERNEL32.DLL!0x00000000E5688364
[2018.01.04-19.15.15:495][734]LogOutputDevice: Error: ntdll.dll!0x00000000E8157091
[2018.01.04-19.15.15:495][734]LogOutputDevice: Error: 
[2018.01.04-19.15.15:499][734]LogStats:                SubmitErrorReport -  0.000 s
[2018.01.04-19.15.15:813][734]LogStats:                    SendNewReport -  0.314 s
[2018.01.04-19.15.15:813][734]LogStats:             FDebug::EnsureFailed -  0.420 s
[2018.01.04-19.15.15:813][734]LogUnrealMath: Error: FMatrix::InverseFast(), trying to invert a NIL matrix, this results in NaNs! Use Inverse() instead.
[2018.01.04-19.15.15:813][734]LogUnrealMath: Error: FMatrix::InverseFast(), trying to invert a NIL matrix, this results in NaNs! Use Inverse() instead.
[2018.01.04-19.15.15:813][734]LogUnrealMath: Error: FMatrix::InverseFast(), trying to invert a NIL matrix, this results in NaNs! Use Inverse() instead.
[2018.01.04-19.15.15:813][734]LogBlueprint: Warning: SetRelativeScale3D : Invalid Scale entered (X=0.000 Y=-nan(ind) Z=70.000). Resetting to 1.f.
[2018.01.04-19.15.15:814][734]LogUnrealMath: Error: FMatrix::InverseFast(), trying to invert a NIL matrix, this results in NaNs! Use Inverse() instead.
[2018.01.04-19.15.15:814][734]LogUnrealMath: Error: FMatrix::InverseFast(), trying to invert a NIL matrix, this results in NaNs! Use Inverse() instead.
[2018.01.04-19.15.15:814][734]LogUnrealMath: Error: FMatrix::InverseFast(), trying to invert a NIL matrix, this results in NaNs! Use Inverse() instead.
[2018.01.04-19.15.15:814][734]LogUnrealMath: Error: FMatrix::InverseFast(), trying to invert a NIL matrix, this results in NaNs! Use Inverse() instead.
[2018.01.04-19.15.15:814][734]LogBlueprint: Warning: SetRelativeScale3D : Invalid Scale entered (X=0.000 Y=-nan(ind) Z=70.000). Resetting to 1.f.
[2018.01.04-19.15.15:820][734]PIE: Play in editor start time for /Game/VirtualRealityBP/Maps/UEDPIE_0_MotionControllerMap -0.351
[2018.01.04-19.15.15:821][734]LogBlueprintUserMessages: Late PlayInEditor Detection: Level '/Game/VirtualRealityBP/Maps/MotionControllerMap.MotionControllerMap:PersistentLevel' has LevelScriptBlueprint '/Game/VirtualRealityBP/Maps/MotionControllerMap.MotionControllerMap:PersistentLevel.MotionControllerMap' with GeneratedClass '/Game/VirtualRealityBP/Maps/MotionControllerMap.MotionControllerMap_C' with ClassGeneratedBy '/Game/VirtualRealityBP/Maps/MotionControllerMap.MotionControllerMap:PersistentLevel.MotionControllerMap'
[2018.01.04-19.15.54:879][228]LogBlueprintUserMessages: Early EndPlayMap Detection: Level '/Game/VirtualRealityBP/Maps/MotionControllerMap.MotionControllerMap:PersistentLevel' has LevelScriptBlueprint '/Game/VirtualRealityBP/Maps/MotionControllerMap.MotionControllerMap:PersistentLevel.MotionControllerMap' with GeneratedClass '/Game/VirtualRealityBP/Maps/MotionControllerMap.MotionControllerMap_C' with ClassGeneratedBy '/Game/VirtualRealityBP/Maps/MotionControllerMap.MotionControllerMap:PersistentLevel.MotionControllerMap'
[2018.01.04-19.15.55:062][228]LogBlueprintUserMessages: Late EndPlayMap Detection: Level '/Game/VirtualRealityBP/Maps/MotionControllerMap.MotionControllerMap:PersistentLevel' has LevelScriptBlueprint '/Game/VirtualRealityBP/Maps/MotionControllerMap.MotionControllerMap:PersistentLevel.MotionControllerMap' with GeneratedClass '/Game/VirtualRealityBP/Maps/MotionControllerMap.MotionControllerMap_C' with ClassGeneratedBy '/Game/VirtualRealityBP/Maps/MotionControllerMap.MotionControllerMap:PersistentLevel.MotionControllerMap'
[2018.01.04-19.16.03:336][ 65]LogEditorViewport: Clicking on Actor (LMB): BP_Axe_C (BP_Axe)
[2018.01.04-19.16.18:006][353]LogEditorViewport: Clicking on Actor (context menu): BP_Axe_C (BP_Axe)
[2018.01.04-19.16.37:069][774]LogSavePackage: Save=110.83ms
[2018.01.04-19.16.37:069][774]LogSavePackage: Moving '../../../../../../Users/Hub-innovation/Documents/Unreal Projects/VR_Interaction/Saved/MotionControllerMap22D9C7B64B1CDA8FD33C1A86938EC147.tmp' to '../../../../../../Users/Hub-innovation/Documents/Unreal Projects/VR_Interaction/Content/VirtualRealityBP/Maps/MotionControllerMap.umap'
[2018.01.04-19.16.37:071][774]LogSavePackage: Display: Finished SavePackage ../../../../../../Users/Hub-innovation/Documents/Unreal Projects/VR_Interaction/Content/VirtualRealityBP/Maps/MotionControllerMap.umap
[2018.01.04-19.16.37:298][774]LogSavePackage: Save=179.80ms
[2018.01.04-19.16.37:298][774]LogSavePackage: Moving '../../../../../../Users/Hub-innovation/Documents/Unreal Projects/VR_Interaction/Saved/MotionControllerMap_BuiltData0E221D3D469E9496F379E596D9F412F3.tmp' to '../../../../../../Users/Hub-innovation/Documents/Unreal Projects/VR_Interaction/Content/VirtualRealityBP/Maps/MotionControllerMap_BuiltData.uasset'
[2018.01.04-19.16.37:299][774]LogSavePackage: Display: Finished SavePackage ../../../../../../Users/Hub-innovation/Documents/Unreal Projects/VR_Interaction/Content/VirtualRealityBP/Maps/MotionControllerMap_BuiltData.uasset
[2018.01.04-19.16.38:447][857]LogActorComponent: UnregisterComponent: (/Engine/Transient.EditorFloorComp) Not registered. Aborting.
[2018.01.04-19.16.38:520][857]LogActorComponent: UnregisterComponent: (/Engine/Transient.EditorFloorComp) Not registered. Aborting.
[2018.01.04-19.16.38:567][857]LogWindowsTextInputMethodSystem: Display: IME system now deactivated.
[2018.01.04-19.16.38:744][858]Cmd: QUIT_EDITOR
[2018.01.04-19.16.39:619][858]LogExit: Preparing to exit.
[2018.01.04-19.16.40:428][858]LogDirectoryWatcher: A directory notification for 'C:/Users/Hub-innovation/Documents/Unreal Projects/VR_Interaction/Content/' was aborted.
[2018.01.04-19.16.40:457][858]LogExit: Editor shut down
[2018.01.04-19.16.40:460][858]LogExit: Transaction tracking system shut down
[2018.01.04-19.16.40:687][858]LogDirectoryWatcher: A directory notification for '../../../Engine/Content/' was aborted.
[2018.01.04-19.16.40:687][858]LogDirectoryWatcher: A directory notification for '../../../../../../Users/Hub-innovation/Documents/Unreal Projects/VR_Interaction/Content/' was aborted.
[2018.01.04-19.16.40:687][858]LogDirectoryWatcher: A directory notification for '../../../Engine/Plugins/2D/Paper2D/Content/' was aborted.
[2018.01.04-19.16.40:687][858]LogDirectoryWatcher: A directory notification for '../../../Engine/Plugins/Runtime/Oculus/OculusVR/Content/' was aborted.
[2018.01.04-19.16.40:687][858]LogDirectoryWatcher: A directory notification for '../../../Engine/Plugins/Runtime/Steam/SteamVR/Content/' was aborted.
[2018.01.04-19.16.40:750][858]LogExit: Object subsystem successfully closed.
[2018.01.04-19.16.40:773][858]LogD3D11RHI: Shutdown
[2018.01.04-19.16.40:773][858]LogD3D11RHI: CleanupD3DDevice
[2018.01.04-19.16.40:775][858]LogD3D11RHI: ~FD3D11DynamicRHI
[2018.01.04-19.16.40:788][858]LogModuleManager: Shutting down and abandoning module MovieSceneCapture (534)
[2018.01.04-19.16.40:788][858]LogModuleManager: Shutting down and abandoning module BlueprintGraph (532)
[2018.01.04-19.16.40:788][858]LogModuleManager: Shutting down and abandoning module BlueprintProfiler (530)
[2018.01.04-19.16.40:788][858]LogModuleManager: Shutting down and abandoning module HierarchicalLODOutliner (528)
[2018.01.04-19.16.40:788][858]LogModuleManager: Shutting down and abandoning module AddContentDialog (526)
[2018.01.04-19.16.40:789][858]LogDirectoryWatcher: A directory notification for 'C:/Program Files/Epic Games/UE_4.17/FeaturePacks/' was aborted.
[2018.01.04-19.16.40:790][858]LogModuleManager: Shutting down and abandoning module WidgetCarousel (525)
[2018.01.04-19.16.40:790][858]LogModuleManager: Shutting down and abandoning module EditorWidgets (522)
[2018.01.04-19.16.40:790][858]LogModuleManager: Shutting down and abandoning module CollectionManager (520)
[2018.01.04-19.16.40:790][858]LogDirectoryWatcher: A directory notification for 'C:/Users/Hub-innovation/Documents/Unreal Projects/VR_Interaction/Content/Collections/' was aborted.
[2018.01.04-19.16.40:790][858]LogDirectoryWatcher: A directory notification for 'C:/Users/Hub-innovation/Documents/Unreal Projects/VR_Interaction/Content/Developers/Hubinnovation/Collections/' was aborted.
[2018.01.04-19.16.40:790][858]LogDirectoryWatcher: A directory notification for 'C:/Users/Hub-innovation/Documents/Unreal Projects/VR_Interaction/Saved/Collections/' was aborted.
[2018.01.04-19.16.40:790][858]LogModuleManager: Shutting down and abandoning module StatsViewer (518)
[2018.01.04-19.16.40:790][858]LogModuleManager: Shutting down and abandoning module FoliageEdit (516)
[2018.01.04-19.16.40:790][858]LogModuleManager: Shutting down and abandoning module LandscapeEditor (514)
[2018.01.04-19.16.40:790][858]LogModuleManager: Shutting down and abandoning module MeshPaintMode (512)
[2018.01.04-19.16.40:790][858]LogModuleManager: Shutting down and abandoning module SceneDepthPickerMode (510)
[2018.01.04-19.16.40:790][858]LogModuleManager: Shutting down and abandoning module ActorPickerMode (508)
[2018.01.04-19.16.40:790][858]LogModuleManager: Shutting down and abandoning module GeometryMode (506)
[2018.01.04-19.16.40:790][858]LogModuleManager: Shutting down and abandoning module TextureAlignMode (504)
[2018.01.04-19.16.40:790][858]LogModuleManager: Shutting down and abandoning module BspMode (502)
[2018.01.04-19.16.40:790][858]LogModuleManager: Shutting down and abandoning module PIEPreviewDeviceProfileSelector (500)
[2018.01.04-19.16.40:790][858]LogModuleManager: Shutting down and abandoning module HardwareSurvey (498)
[2018.01.04-19.16.40:790][858]LogModuleManager: Shutting down and abandoning module SequenceRecorderSections (496)
[2018.01.04-19.16.40:790][858]LogModuleManager: Shutting down and abandoning module AutomationWorker (494)
[2018.01.04-19.16.40:791][858]LogModuleManager: Shutting down and abandoning module MatineeToLevelSequence (492)
[2018.01.04-19.16.40:791][858]LogModuleManager: Shutting down and abandoning module LevelSequenceEditor (490)
[2018.01.04-19.16.40:791][858]LogModuleManager: Shutting down and abandoning module PlacementMode (489)
[2018.01.04-19.16.40:791][858]LogModuleManager: Shutting down and abandoning module WmfMediaFactory (486)
[2018.01.04-19.16.40:791][858]LogModuleManager: Shutting down and abandoning module WmfMediaEditor (484)
[2018.01.04-19.16.40:791][858]LogModuleManager: Shutting down and abandoning module AvfMediaFactory (482)
[2018.01.04-19.16.40:791][858]LogModuleManager: Shutting down and abandoning module AvfMediaEditor (480)
[2018.01.04-19.16.40:791][858]LogModuleManager: Shutting down and abandoning module AndroidMediaFactory (478)
[2018.01.04-19.16.40:791][858]LogModuleManager: Shutting down and abandoning module Media (477)
[2018.01.04-19.16.40:791][858]LogModuleManager: Shutting down and abandoning module AndroidMediaEditor (474)
[2018.01.04-19.16.40:791][858]LogModuleManager: Shutting down and abandoning module CharacterAI (472)
[2018.01.04-19.16.40:791][858]LogModuleManager: Shutting down and abandoning module AudioCapture (470)
[2018.01.04-19.16.40:791][858]LogModuleManager: Shutting down and abandoning module SequenceRecorder (469)
[2018.01.04-19.16.40:791][858]LogModuleManager: Shutting down and abandoning module SmartSnapping (466)
[2018.01.04-19.16.40:791][858]LogModuleManager: Shutting down and abandoning module SessionServices (464)
[2018.01.04-19.16.40:791][858]LogModuleManager: Shutting down and abandoning module ViewportSnapping (462)
[2018.01.04-19.16.40:791][858]LogModuleManager: Shutting down and abandoning module ViewportInteraction (460)
[2018.01.04-19.16.40:791][858]LogModuleManager: Shutting down and abandoning module ClothPainter (458)
[2018.01.04-19.16.40:791][858]LogModuleManager: Shutting down and abandoning module LogVisualizer (456)
[2018.01.04-19.16.40:791][858]LogModuleManager: Shutting down and abandoning module IntroTutorials (454)
[2018.01.04-19.16.40:791][858]LogModuleManager: Shutting down and abandoning module GameProjectGeneration (453)
[2018.01.04-19.16.40:791][858]LogModuleManager: Shutting down and abandoning module IOSPlatformEditor (450)
[2018.01.04-19.16.40:791][858]LogModuleManager: Shutting down and abandoning module HTML5PlatformEditor (448)
[2018.01.04-19.16.40:791][858]LogModuleManager: Shutting down and abandoning module AndroidPlatformEditor (446)
[2018.01.04-19.16.40:791][858]LogModuleManager: Shutting down and abandoning module AndroidDeviceDetection (445)
[2018.01.04-19.16.41:205][858]LogModuleManager: Shutting down and abandoning module WindowsPlatformEditor (442)
[2018.01.04-19.16.41:206][858]LogModuleManager: Shutting down and abandoning module IOSRuntimeSettings (440)
[2018.01.04-19.16.41:206][858]LogModuleManager: Shutting down and abandoning module AndroidRuntimeSettings (438)
[2018.01.04-19.16.41:206][858]LogModuleManager: Shutting down and abandoning module InputBindingEditor (436)
[2018.01.04-19.16.41:206][858]LogModuleManager: Shutting down and abandoning module MergeActors (434)
[2018.01.04-19.16.41:206][858]LogModuleManager: Shutting down and abandoning module SizeMap (432)
[2018.01.04-19.16.41:206][858]LogModuleManager: Shutting down and abandoning module TreeMap (430)
[2018.01.04-19.16.41:206][858]LogModuleManager: Shutting down and abandoning module ReferenceViewer (428)
[2018.01.04-19.16.41:206][858]LogModuleManager: Shutting down and abandoning module LocalizationDashboard (426)
[2018.01.04-19.16.41:206][858]LogModuleManager: Shutting down and abandoning module LocalizationService (425)
[2018.01.04-19.16.41:206][858]LogModuleManager: Shutting down and abandoning module HardwareTargeting (422)
[2018.01.04-19.16.41:206][858]LogModuleManager: Shutting down and abandoning module DeviceProfileEditor (420)
[2018.01.04-19.16.41:206][858]LogModuleManager: Shutting down and abandoning module UndoHistory (418)
[2018.01.04-19.16.41:206][858]LogModuleManager: Shutting down and abandoning module XmlParser (416)
[2018.01.04-19.16.41:206][858]LogModuleManager: Shutting down and abandoning module Blutility (414)
[2018.01.04-19.16.41:206][858]LogModuleManager: Shutting down and abandoning module ProjectSettingsViewer (412)
[2018.01.04-19.16.41:206][858]LogModuleManager: Shutting down and abandoning module ProjectTargetPlatformEditor (411)
[2018.01.04-19.16.41:206][858]LogModuleManager: Shutting down and abandoning module EditorSettingsViewer (408)
[2018.01.04-19.16.41:206][858]LogModuleManager: Shutting down and abandoning module SettingsEditor (406)
[2018.01.04-19.16.41:206][858]LogModuleManager: Shutting down and abandoning module ProjectLauncher (404)
[2018.01.04-19.16.41:206][858]LogModuleManager: Shutting down and abandoning module SessionFrontend (402)
[2018.01.04-19.16.41:206][858]LogModuleManager: Shutting down and abandoning module ProfilerClient (400)
[2018.01.04-19.16.41:206][858]LogModuleManager: Shutting down and abandoning module DeviceManager (398)
[2018.01.04-19.16.41:206][858]LogModuleManager: Shutting down and abandoning module TargetDeviceServices (397)
[2018.01.04-19.16.41:259][858]LogModuleManager: Shutting down and abandoning module AutomationController (394)
[2018.01.04-19.16.41:259][858]LogModuleManager: Shutting down and abandoning module AutomationWindow (392)
[2018.01.04-19.16.41:259][858]LogModuleManager: Shutting down and abandoning module Layers (390)
[2018.01.04-19.16.41:259][858]LogModuleManager: Shutting down and abandoning module ComponentVisualizers (388)
[2018.01.04-19.16.41:259][858]LogModuleManager: Shutting down and abandoning module DetailCustomizations (386)
[2018.01.04-19.16.41:259][858]LogModuleManager: Shutting down and abandoning module PackagesDialog (384)
[2018.01.04-19.16.41:259][858]LogModuleManager: Shutting down and abandoning module Persona (382)
[2018.01.04-19.16.41:259][858]LogModuleManager: Shutting down and abandoning module AdvancedPreviewScene (381)
[2018.01.04-19.16.41:259][858]LogModuleManager: Shutting down and abandoning module AnimGraph (379)
[2018.01.04-19.16.41:259][858]LogModuleManager: Shutting down and abandoning module Kismet (376)
[2018.01.04-19.16.41:265][858]LogModuleManager: Shutting down and abandoning module ClassViewer (374)
[2018.01.04-19.16.41:266][858]LogModuleManager: Shutting down and abandoning module Toolbox (372)
[2018.01.04-19.16.41:266][858]LogModuleManager: Shutting down and abandoning module ModuleUI (370)
[2018.01.04-19.16.41:266][858]LogModuleManager: Shutting down and abandoning module MovieSceneTools (368)
[2018.01.04-19.16.41:266][858]LogModuleManager: Shutting down and abandoning module OutputLog (366)
[2018.01.04-19.16.41:266][858]LogModuleManager: Shutting down and abandoning module GammaUI (364)
[2018.01.04-19.16.41:266][858]LogModuleManager: Shutting down and abandoning module Documentation (362)
[2018.01.04-19.16.41:266][858]LogModuleManager: Shutting down and abandoning module MovieSceneTracks (360)
[2018.01.04-19.16.41:267][858]LogModuleManager: Shutting down and abandoning module MovieScene (358)
[2018.01.04-19.16.41:267][858]LogModuleManager: Shutting down and abandoning module Niagara (356)
[2018.01.04-19.16.41:267][858]LogModuleManager: Shutting down and abandoning module NiagaraEditor (355)
[2018.01.04-19.16.41:267][858]LogModuleManager: Shutting down and abandoning module StreamingPauseRendering (352)
[2018.01.04-19.16.41:267][858]LogModuleManager: Shutting down and abandoning module LauncherPlatform (350)
[2018.01.04-19.16.41:267][858]LogModuleManager: Shutting down and abandoning module AnalyticsET (348)
[2018.01.04-19.16.41:267][858]LogModuleManager: Shutting down and abandoning module PortalServices (346)
[2018.01.04-19.16.41:267][858]LogModuleManager: Shutting down and abandoning module PortalRpc (344)
[2018.01.04-19.16.41:267][858]LogModuleManager: Shutting down and abandoning module MessagingRpc (342)
[2018.01.04-19.16.41:267][858]LogModuleManager: Shutting down and abandoning module AIModule (340)
[2018.01.04-19.16.41:267][858]LogModuleManager: Shutting down and abandoning module GameplayDebugger (339)
[2018.01.04-19.16.41:267][858]LogModuleManager: Shutting down and abandoning module AITestSuite (337)
[2018.01.04-19.16.41:267][858]LogModuleManager: Shutting down and abandoning module ProfilerService (334)
[2018.01.04-19.16.41:426][858]LogModuleManager: Shutting down and abandoning module TaskGraph (332)
[2018.01.04-19.16.41:426][858]LogModuleManager: Shutting down and abandoning module SteamVRController (330)
[2018.01.04-19.16.41:426][858]LogModuleManager: Shutting down and abandoning module ProceduralMeshComponentEditor (328)
[2018.01.04-19.16.41:426][858]LogModuleManager: Shutting down and abandoning module ProceduralMeshComponent (326)
[2018.01.04-19.16.41:426][858]LogModuleManager: Shutting down and abandoning module OculusInput (324)
[2018.01.04-19.16.41:426][858]LogModuleManager: Shutting down and abandoning module MobilePatchingUtils (322)
[2018.01.04-19.16.41:426][858]LogModuleManager: Shutting down and abandoning module CustomMeshComponent (320)
[2018.01.04-19.16.41:426][858]LogModuleManager: Shutting down and abandoning module CableComponent (318)
[2018.01.04-19.16.41:426][858]LogModuleManager: Shutting down and abandoning module ArchVisCharacter (316)
[2018.01.04-19.16.41:426][858]LogModuleManager: Shutting down and abandoning module AndroidPermission (314)
[2018.01.04-19.16.41:426][858]LogModuleManager: Shutting down and abandoning module MediaPlayerEditor (310)
[2018.01.04-19.16.41:426][858]LogModuleManager: Shutting down and abandoning module HTML5Networking (308)
[2018.01.04-19.16.41:426][858]LogModuleManager: Shutting down and abandoning module AlembicImporter (306)
[2018.01.04-19.16.41:426][858]LogModuleManager: Shutting down and abandoning module AlembicLibrary (305)
[2018.01.04-19.16.41:426][858]LogModuleManager: Shutting down and abandoning module GeometryCache (304)
[2018.01.04-19.16.41:426][858]LogModuleManager: Shutting down and abandoning module GeometryCacheEd (303)
[2018.01.04-19.16.41:426][858]LogModuleManager: Shutting down and abandoning module SpeedTreeImporter (298)
[2018.01.04-19.16.41:426][858]LogModuleManager: Shutting down and abandoning module PluginBrowser (296)
[2018.01.04-19.16.41:426][858]LogModuleManager: Shutting down and abandoning module MobileLauncherProfileWizard (294)
[2018.01.04-19.16.41:426][858]LogModuleManager: Shutting down and abandoning module VisualStudioSourceCodeAccess (292)
[2018.01.04-19.16.41:426][858]LogModuleManager: Shutting down and abandoning module DesktopPlatform (291)
[2018.01.04-19.16.41:427][858]LogModuleManager: Shutting down and abandoning module UObjectPlugin (288)
[2018.01.04-19.16.41:427][858]LogModuleManager: Shutting down and abandoning module SubversionSourceControl (286)
[2018.01.04-19.16.41:427][858]LogModuleManager: Shutting down and abandoning module PerforceSourceControl (284)
[2018.01.04-19.16.41:427][858]LogModuleManager: Shutting down and abandoning module GitSourceControl (282)
[2018.01.04-19.16.41:427][858]LogModuleManager: Shutting down and abandoning module SourceControl (281)
[2018.01.04-19.16.41:427][858]LogModuleManager: Shutting down and abandoning module LightPropagationVolumeEditor (278)
[2018.01.04-19.16.41:427][858]LogModuleManager: Shutting down and abandoning module PaperTiledImporter (276)
[2018.01.04-19.16.41:427][858]LogModuleManager: Shutting down and abandoning module PaperSpriteSheetImporter (274)
[2018.01.04-19.16.41:427][858]LogModuleManager: Shutting down and abandoning module Paper2DEditor (272)
[2018.01.04-19.16.41:427][858]LogModuleManager: Shutting down and abandoning module MeshPaint (271)
[2018.01.04-19.16.41:427][858]LogModuleManager: Shutting down and abandoning module LevelEditor (269)
[2018.01.04-19.16.41:428][858]LogModuleManager: Shutting down and abandoning module PixelInspectorModule (268)
[2018.01.04-19.16.41:428][858]LogModuleManager: Shutting down and abandoning module MainFrame (266)
[2018.01.04-19.16.41:428][858]LogModuleManager: Shutting down and abandoning module HotReload (265)
[2018.01.04-19.16.41:428][858]LogModuleManager: Shutting down and abandoning module RuntimePhysXCooking (260)
[2018.01.04-19.16.41:428][858]LogModuleManager: Shutting down and abandoning module PhysXVehiclesEditor (258)
[2018.01.04-19.16.41:428][858]LogModuleManager: Shutting down and abandoning module PhysXVehicles (256)
[2018.01.04-19.16.41:428][858]LogModuleManager: Shutting down and abandoning module OculusEditor (254)
[2018.01.04-19.16.41:428][858]LogModuleManager: Shutting down and abandoning module LocationServicesBPLibrary (252)
[2018.01.04-19.16.41:428][858]LogModuleManager: Shutting down and abandoning module ImmediatePhysicsEditor (250)
[2018.01.04-19.16.41:428][858]LogModuleManager: Shutting down and abandoning module ImmediatePhysics (248)
[2018.01.04-19.16.41:428][858]LogModuleManager: Shutting down and abandoning module UdpMessaging (246)
[2018.01.04-19.16.41:529][858]LogModuleManager: Shutting down and abandoning module TcpMessaging (244)
[2018.01.04-19.16.41:629][858]LogModuleManager: Shutting down and abandoning module GameplayTagsEditor (242)
[2018.01.04-19.16.41:629][858]LogModuleManager: Shutting down and abandoning module FacialAnimationEditor (240)
[2018.01.04-19.16.41:629][858]LogModuleManager: Shutting down and abandoning module FacialAnimation (238)
[2018.01.04-19.16.41:629][858]LogModuleManager: Shutting down and abandoning module AssetManagerEditor (236)
[2018.01.04-19.16.41:629][858]LogModuleManager: Shutting down and abandoning module GraphEditor (235)
[2018.01.04-19.16.41:629][858]LogModuleManager: Shutting down and abandoning module ContentBrowser (233)
[2018.01.04-19.16.41:630][858]LogModuleManager: Shutting down and abandoning module LightPropagationVolumeRuntime (230)
[2018.01.04-19.16.41:630][858]LogModuleManager: Shutting down and abandoning module Paper2D (228)
[2018.01.04-19.16.41:630][858]LogModuleManager: Shutting down and abandoning module WindowsMoviePlayer (226)
[2018.01.04-19.16.41:630][858]LogModuleManager: Shutting down and abandoning module WmfMedia (224)
[2018.01.04-19.16.41:630][858]LogModuleManager: Shutting down and abandoning module PacketHandler (222)
[2018.01.04-19.16.41:630][858]LogModuleManager: Shutting down and abandoning module ClothingSystemEditor (220)
[2018.01.04-19.16.41:630][858]LogModuleManager: Shutting down and abandoning module ClothingSystemRuntime (218)
[2018.01.04-19.16.41:630][858]LogModuleManager: Shutting down and abandoning module Overlay (216)
[2018.01.04-19.16.41:630][858]LogModuleManager: Shutting down and abandoning module OverlayEditor (215)
[2018.01.04-19.16.41:630][858]LogModuleManager: Shutting down and abandoning module MediaAssets (212)
[2018.01.04-19.16.41:630][858]LogModuleManager: Shutting down and abandoning module VREditor (210)
[2018.01.04-19.16.41:630][858]LogModuleManager: Shutting down and abandoning module StringTableEditor (208)
[2018.01.04-19.16.41:630][858]LogModuleManager: Shutting down and abandoning module GameplayTasksEditor (206)
[2018.01.04-19.16.41:630][858]LogModuleManager: Shutting down and abandoning module BehaviorTreeEditor (204)
[2018.01.04-19.16.41:630][858]LogModuleManager: Shutting down and abandoning module FunctionalTesting (202)
[2018.01.04-19.16.41:630][858]LogModuleManager: Shutting down and abandoning module CollisionAnalyzer (200)
[2018.01.04-19.16.41:630][858]LogModuleManager: Shutting down and abandoning module WorkspaceMenuStructure (199)
[2018.01.04-19.16.41:631][858]LogModuleManager: Shutting down and abandoning module UMG (196)
[2018.01.04-19.16.41:631][858]LogModuleManager: Shutting down and abandoning module UMGEditor (195)
[2018.01.04-19.16.41:631][858]LogModuleManager: Shutting down and abandoning module Sequencer (194)
[2018.01.04-19.16.41:631][858]LogModuleManager: Shutting down and abandoning module MessageLog (191)
[2018.01.04-19.16.41:631][858]LogModuleManager: Shutting down and abandoning module SlateReflector (186)
[2018.01.04-19.16.41:631][858]LogModuleManager: Shutting down and abandoning module Slate (184)
[2018.01.04-19.16.41:631][858]LogModuleManager: Shutting down and abandoning module EditorStyle (182)
[2018.01.04-19.16.41:633][858]LogModuleManager: Shutting down and abandoning module MRMesh (180)
[2018.01.04-19.16.41:633][858]LogModuleManager: Shutting down and abandoning module SourceCodeAccess (178)
[2018.01.04-19.16.41:633][858]LogModuleManager: Shutting down and abandoning module HeadMountedDisplay (176)
[2018.01.04-19.16.41:633][858]LogModuleManager: Shutting down and abandoning module XAudio2 (174)
[2018.01.04-19.16.41:633][858]LogModuleManager: Shutting down and abandoning module Networking (172)
[2018.01.04-19.16.41:633][858]LogModuleManager: Shutting down and abandoning module Core (168)
[2018.01.04-19.16.41:633][858]LogModuleManager: Shutting down and abandoning module KismetCompiler (164)
[2018.01.04-19.16.41:633][858]LogModuleManager: Shutting down and abandoning module LevelSequence (162)
[2018.01.04-19.16.41:633][858]LogModuleManager: Shutting down and abandoning module MeshUtilities (160)
[2018.01.04-19.16.41:633][858]LogModuleManager: Shutting down and abandoning module MeshMergeUtilities (159)
[2018.01.04-19.16.41:633][858]LogModuleManager: Shutting down and abandoning module MeshReductionInterface (158)
[2018.01.04-19.16.41:633][858]LogModuleManager: Shutting down and abandoning module SimplygonSwarm (157)
[2018.01.04-19.16.41:633][858]LogModuleManager: Shutting down and abandoning module SimplygonMeshReduction (155)
[2018.01.04-19.16.41:633][858]LogModuleManager: Shutting down and abandoning module QuadricMeshReduction (153)
[2018.01.04-19.16.41:633][858]LogModuleManager: Shutting down and abandoning module MaterialBaking (149)
[2018.01.04-19.16.41:633][858]LogModuleManager: Shutting down and abandoning module DirectoryWatcher (146)
[2018.01.04-19.16.41:633][858]LogModuleManager: Shutting down and abandoning module DerivedDataCache (144)
[2018.01.04-19.16.41:673][858]LogDerivedDataCache: Shutdown
[2018.01.04-19.16.41:673][858]LogModuleManager: Shutting down and abandoning module TargetPlatform (142)
[2018.01.04-19.16.41:673][858]LogModuleManager: Shutting down and abandoning module VulkanShaderFormat (141)
[2018.01.04-19.16.41:673][858]LogModuleManager: Shutting down and abandoning module ShaderFormatVectorVM (139)
[2018.01.04-19.16.41:673][858]LogModuleManager: Shutting down and abandoning module ShaderFormatOpenGL (137)
[2018.01.04-19.16.41:673][858]LogModuleManager: Shutting down and abandoning module ShaderFormatD3D (135)
[2018.01.04-19.16.41:673][858]LogModuleManager: Shutting down and abandoning module MetalShaderFormat (133)
[2018.01.04-19.16.41:673][858]LogModuleManager: Shutting down and abandoning module TextureFormatUncompressed (131)
[2018.01.04-19.16.41:673][858]LogModuleManager: Shutting down and abandoning module TextureFormatPVR (129)
[2018.01.04-19.16.41:673][858]LogModuleManager: Shutting down and abandoning module TextureFormatDXT (127)
[2018.01.04-19.16.41:673][858]LogModuleManager: Shutting down and abandoning module TextureFormatIntelISPCTexComp (125)
[2018.01.04-19.16.41:673][858]LogModuleManager: Shutting down and abandoning module TextureFormatASTC (123)
[2018.01.04-19.16.41:673][858]LogModuleManager: Shutting down and abandoning module ImageWrapper (122)
[2018.01.04-19.16.41:673][858]LogModuleManager: Shutting down and abandoning module TextureFormatAndroid (119)
[2018.01.04-19.16.41:673][858]LogModuleManager: Shutting down and abandoning module AudioFormatOpus (117)
[2018.01.04-19.16.41:673][858]LogModuleManager: Shutting down and abandoning module AudioFormatOgg (115)
[2018.01.04-19.16.41:673][858]LogModuleManager: Shutting down and abandoning module AudioFormatADPCM (113)
[2018.01.04-19.16.41:673][858]LogModuleManager: Shutting down and abandoning module LinuxTargetPlatform (111)
[2018.01.04-19.16.41:673][858]LogModuleManager: Shutting down and abandoning module LinuxServerTargetPlatform (109)
[2018.01.04-19.16.41:673][858]LogModuleManager: Shutting down and abandoning module LinuxNoEditorTargetPlatform (107)
[2018.01.04-19.16.41:673][858]LogModuleManager: Shutting down and abandoning module LinuxClientTargetPlatform (105)
[2018.01.04-19.16.41:673][858]LogModuleManager: Shutting down and abandoning module TVOSTargetPlatform (103)
[2018.01.04-19.16.41:673][858]LogModuleManager: Shutting down and abandoning module Messaging (101)
[2018.01.04-19.16.41:673][858]LogModuleManager: Shutting down and abandoning module IOSTargetPlatform (99)
[2018.01.04-19.16.41:673][858]LogModuleManager: Shutting down and abandoning module HTML5TargetPlatform (97)
[2018.01.04-19.16.41:673][858]LogModuleManager: Shutting down and abandoning module Android_PVRTCTargetPlatform (95)
[2018.01.04-19.16.41:673][858]LogModuleManager: Shutting down and abandoning module Android_MultiTargetPlatform (93)
[2018.01.04-19.16.41:673][858]LogModuleManager: Shutting down and abandoning module Android_ETC2TargetPlatform (91)
[2018.01.04-19.16.41:673][858]LogModuleManager: Shutting down and abandoning module Android_ETC1TargetPlatform (89)
[2018.01.04-19.16.41:674][858]LogModuleManager: Shutting down and abandoning module Android_DXTTargetPlatform (87)
[2018.01.04-19.16.41:674][858]LogModuleManager: Shutting down and abandoning module Android_ATCTargetPlatform (85)
[2018.01.04-19.16.41:674][858]LogModuleManager: Shutting down and abandoning module Android_ASTCTargetPlatform (83)
[2018.01.04-19.16.41:674][858]LogModuleManager: Shutting down and abandoning module AndroidTargetPlatform (81)
[2018.01.04-19.16.41:674][858]LogModuleManager: Shutting down and abandoning module WindowsTargetPlatform (79)
[2018.01.04-19.16.41:674][858]LogModuleManager: Shutting down and abandoning module WindowsServerTargetPlatform (77)
[2018.01.04-19.16.41:674][858]LogModuleManager: Shutting down and abandoning module WindowsNoEditorTargetPlatform (75)
[2018.01.04-19.16.41:674][858]LogModuleManager: Shutting down and abandoning module WindowsClientTargetPlatform (73)
[2018.01.04-19.16.41:674][858]LogModuleManager: Shutting down and abandoning module MacTargetPlatform (71)
[2018.01.04-19.16.41:674][858]LogModuleManager: Shutting down and abandoning module MacServerTargetPlatform (69)
[2018.01.04-19.16.41:674][858]LogModuleManager: Shutting down and abandoning module MacNoEditorTargetPlatform (67)
[2018.01.04-19.16.41:674][858]LogModuleManager: Shutting down and abandoning module MacClientTargetPlatform (65)
[2018.01.04-19.16.41:674][858]LogModuleManager: Shutting down and abandoning module AllDesktopTargetPlatform (63)
[2018.01.04-19.16.41:674][858]LogModuleManager: Shutting down and abandoning module InputCore (60)
[2018.01.04-19.16.41:674][858]LogModuleManager: Shutting down and abandoning module Settings (58)
[2018.01.04-19.16.41:674][858]LogModuleManager: Shutting down and abandoning module PhysXCooking (56)
[2018.01.04-19.16.41:674][858]LogModuleManager: Shutting down and abandoning module SteamVR (54)
[2018.01.04-19.16.41:674][858]LogModuleManager: Shutting down and abandoning module OculusHMD (52)
[2018.01.04-19.16.41:674][858]LogModuleManager: Shutting down and abandoning module ExampleDeviceProfileSelector (50)
[2018.01.04-19.16.41:674][858]LogModuleManager: Shutting down and abandoning module OnlineBlueprintSupport (48)
[2018.01.04-19.16.41:674][858]LogModuleManager: Shutting down and abandoning module OnlineSubsystem (44)
[2018.01.04-19.16.41:674][858]LogOnline: Display: Unloading online subsystem: NULL
[2018.01.04-19.16.41:674][858]LogModuleManager: Shutting down and abandoning module XMPP (43)
[2018.01.04-19.16.41:674][858]LogModuleManager: Shutting down and abandoning module HTTP (41)
[2018.01.04-19.16.41:674][858]LogHttp: Display: Http module shutting down, but needs to wait on 2 outstanding Http requests:
[2018.01.04-19.16.41:674][858]LogHttp: Display: 	verb=[POST] url=[https://datarouter.ol.epicgames.com/datarouter/api/v1/public/data?SessionID=%7BF15FA8AE-4D02-71B4-1F01-67ACDFDD15A1%7D&AppID=UEEditor.Rocket.Release&AppVersion=4.17.2-3658906%2B%2B%2BUE4%2BRelease-4.17&UserID=90a2bdb54d27b93006d18a9d18a7861e%7C752d84695b4c4d26b217a36ab1d0f8d6%7Ca055ffbf-20cd-489f-9d46-e369275821ba&AppEnvironment=datacollector-binary&UploadType=eteventstream] status=Processing
[2018.01.04-19.16.41:674][858]LogHttp: Display: 	verb=[POST] url=[https://datarouter.ol.epicgames.com/datarouter/api/v1/public/data?SessionID=%7BF15FA8AE-4D02-71B4-1F01-67ACDFDD15A1%7D&AppID=UEEditor.Rocket.Release&AppVersion=4.17.2-3658906%2B%2B%2BUE4%2BRelease-4.17&UserID=90a2bdb54d27b93006d18a9d18a7861e%7C752d84695b4c4d26b217a36ab1d0f8d6%7Ca055ffbf-20cd-489f-9d46-e369275821ba&AppEnvironment=datacollector-binary&UploadType=eteventstream] status=Processing
[2018.01.04-19.16.41:698][858]LogModuleManager: Shutting down and abandoning module SSL (40)
[2018.01.04-19.16.41:699][858]LogModuleManager: Shutting down and abandoning module AnimationModifiers (36)
[2018.01.04-19.16.41:699][858]LogModuleManager: Shutting down and abandoning module PropertyEditor (35)
[2018.01.04-19.16.41:699][858]LogModuleManager: Shutting down and abandoning module AudioEditor (32)
[2018.01.04-19.16.41:699][858]LogModuleManager: Shutting down and abandoning module TextureCompressor (30)
[2018.01.04-19.16.41:699][858]LogModuleManager: Shutting down and abandoning module ShaderCore (28)
[2018.01.04-19.16.41:699][858]LogModuleManager: Shutting down and abandoning module Landscape (26)
[2018.01.04-19.16.41:699][858]LogModuleManager: Shutting down and abandoning module SlateRHIRenderer (24)
[2018.01.04-19.16.41:700][858]LogModuleManager: Shutting down and abandoning module OpenGLDrv (22)
[2018.01.04-19.16.41:700][858]LogModuleManager: Shutting down and abandoning module D3D11RHI (20)
[2018.01.04-19.16.41:700][858]LogModuleManager: Shutting down and abandoning module AnimGraphRuntime (18)
[2018.01.04-19.16.41:700][858]LogModuleManager: Shutting down and abandoning module Renderer (16)
[2018.01.04-19.16.41:700][858]LogModuleManager: Shutting down and abandoning module Engine (14)
[2018.01.04-19.16.41:700][858]LogModuleManager: Shutting down and abandoning module CoreUObject (12)
[2018.01.04-19.16.41:700][858]LogModuleManager: Shutting down and abandoning module NetworkFile (10)
[2018.01.04-19.16.41:700][858]LogModuleManager: Shutting down and abandoning module CookedIterativeFile (8)
[2018.01.04-19.16.41:700][858]LogModuleManager: Shutting down and abandoning module StreamingFile (6)
[2018.01.04-19.16.41:700][858]LogModuleManager: Shutting down and abandoning module SandboxFile (4)
[2018.01.04-19.16.41:700][858]LogModuleManager: Shutting down and abandoning module PakFile (2)
[2018.01.04-19.16.41:702][858]LogExit: Exiting.
[2018.01.04-19.16.41:717][858]Log file closed, 01/04/18 20:16:41
