Log file open, 12/20/17 19:10:45
LogWindows: Failed to load 'aqProf.dll' (GetLastError=126)
LogWindows: File 'aqProf.dll' does not exist
LogWindows: Failed to load 'VtuneApi.dll' (GetLastError=126)
LogWindows: File 'VtuneApi.dll' does not exist
LogWindows: Failed to load 'VtuneApi32e.dll' (GetLastError=126)
LogWindows: File 'VtuneApi32e.dll' does not exist
LogInit: Display: Running engine for game: VR_Interaction
LogPlatformFile: Not using cached read wrapper
LogInit: Display: RandInit(-289499667) SRandInit(-289499667).
LogTaskGraph: Started task graph with 5 named threads and 14 total threads with 3 sets of task threads.
LogStats: Stats thread started at 0.157664
LogD3D11RHI: Aftermath initialized
LogPluginManager: Mounting plugin Paper2D
LogPluginManager: Mounting plugin LightPropagationVolume
LogPluginManager: Mounting plugin CodeLiteSourceCodeAccess
LogPluginManager: Mounting plugin GitSourceControl
LogPluginManager: Mounting plugin KDevelopSourceCodeAccess
LogPluginManager: Mounting plugin NullSourceCodeAccess
LogPluginManager: Mounting plugin PerforceSourceControl
LogPluginManager: Mounting plugin SubversionSourceControl
LogPluginManager: Mounting plugin UObjectPlugin
LogPluginManager: Mounting plugin VisualStudioSourceCodeAccess
LogPluginManager: Mounting plugin XCodeSourceCodeAccess
LogPluginManager: Mounting plugin AssetManagerEditor
LogPluginManager: Mounting plugin AudioCapture
LogPluginManager: Mounting plugin FacialAnimation
LogPluginManager: Mounting plugin GameplayTagsEditor
LogPluginManager: Mounting plugin MobileLauncherProfileWizard
LogPluginManager: Mounting plugin PluginBrowser
LogPluginManager: Mounting plugin SpeedTreeImporter
LogPluginManager: Mounting plugin AlembicImporter
LogPluginManager: Mounting plugin CharacterAI
LogPluginManager: Mounting plugin HTML5Networking
LogPluginManager: Mounting plugin AndroidMedia
LogPluginManager: Mounting plugin AvfMedia
LogPluginManager: Mounting plugin MediaPlayerEditor
LogPluginManager: Mounting plugin WmfMedia
LogPluginManager: Mounting plugin TcpMessaging
LogPluginManager: Mounting plugin UdpMessaging
LogPluginManager: Mounting plugin LevelSequenceEditor
LogPluginManager: Mounting plugin MatineeToLevelSequence
LogPluginManager: Mounting plugin OnlineSubsystemGooglePlay
LogPluginManager: Mounting plugin OnlineSubsystemIOS
LogPluginManager: Mounting plugin OnlineSubsystem
LogPluginManager: Mounting plugin OnlineSubsystemNull
LogPluginManager: Mounting plugin OnlineSubsystemUtils
LogPluginManager: Mounting plugin AndroidDeviceProfileSelector
LogPluginManager: Mounting plugin AndroidMoviePlayer
LogPluginManager: Mounting plugin AndroidPermission
LogPluginManager: Mounting plugin AppleMoviePlayer
LogPluginManager: Mounting plugin ArchVisCharacter
LogPluginManager: Mounting plugin CableComponent
LogPluginManager: Mounting plugin CustomMeshComponent
LogPluginManager: Mounting plugin ExampleDeviceProfileSelector
LogPluginManager: Mounting plugin GoogleCloudMessaging
LogPluginManager: Mounting plugin ImmediatePhysics
LogPluginManager: Mounting plugin IOSDeviceProfileSelector
LogPluginManager: Mounting plugin LinuxDeviceProfileSelector
LogPluginManager: Mounting plugin LocationServicesBPLibrary
LogPluginManager: Mounting plugin MobilePatchingUtils
LogPluginManager: Mounting plugin OculusVR
LogPluginManager: Mounting plugin PhysXVehicles
LogPluginManager: Mounting plugin ProceduralMeshComponent
LogPluginManager: Mounting plugin RuntimePhysXCooking
LogPluginManager: Mounting plugin SteamVR
LogPluginManager: Mounting plugin WindowsMoviePlayer
LogInit: Using libcurl 7.47.1
LogInit:  - built for x86_64-pc-win32
LogInit:  - supports SSL with OpenSSL/1.0.2g
LogInit:  - supports HTTP deflate (compression) using libz 1.2.8
LogInit:  - other features:
LogInit:      CURL_VERSION_SSL
LogInit:      CURL_VERSION_LIBZ
LogInit:      CURL_VERSION_IPV6
LogInit:      CURL_VERSION_ASYNCHDNS
LogInit:      CURL_VERSION_LARGEFILE
LogInit:      CURL_VERSION_IDN
LogInit:  CurlRequestOptions (configurable via config and command line):
LogInit:  - bVerifyPeer = false  - Libcurl will NOT verify peer certificate
LogInit:  - bUseHttpProxy = false  - Libcurl will NOT use HTTP proxy
LogInit:  - bDontReuseConnections = false  - Libcurl will reuse connections
LogInit:  - CertBundlePath = nullptr  - Libcurl will use whatever was configured at build time.
LogHMD: Failed initializing OVRPlugin 1.15.0
LogInit: Build: ++UE4+Release-4.17-CL-3658906
LogInit: Engine Version: 4.17.2-3658906+++UE4+Release-4.17
LogInit: Compatible Engine Version: 4.17.0-3573198+++UE4+Release-4.17
LogInit: Net CL: 3573198
LogDevObjectVersion: Number of dev versions registered: 16
LogDevObjectVersion:   Dev-Blueprints (B0D832E4-1F89-4F0D-ACCF-7EB736FD4AA2): 10
LogDevObjectVersion:   Dev-Build (E1C64328-A22C-4D53-A36C-8E866417BD8C): 0
LogDevObjectVersion:   Dev-Core (375EC13C-06E4-48FB-B500-84F0262A717E): 2
LogDevObjectVersion:   Dev-Editor (E4B068ED-F494-42E9-A231-DA0B2E46BB41): 20
LogDevObjectVersion:   Dev-Framework (CFFC743F-43B0-4480-9391-14DF171D2073): 28
LogDevObjectVersion:   Dev-Mobile (B02B49B5-BB20-44E9-A304-32B752E40360): 0
LogDevObjectVersion:   Dev-Networking (A4E4105C-59A1-49B5-A7C5-40C4547EDFEE): 0
LogDevObjectVersion:   Dev-Online (39C831C9-5AE6-47DC-9A44-9C173E1C8E7C): 0
LogDevObjectVersion:   Dev-Physics (78F01B33-EBEA-4F98-B9B4-84EACCB95AA2): 0
LogDevObjectVersion:   Dev-Platform (6631380F-2D4D-43E0-8009-CF276956A95A): 0
LogDevObjectVersion:   Dev-Rendering (12F88B9F-8875-4AFC-A67C-D90C383ABD29): 19
LogDevObjectVersion:   Dev-Sequencer (7B5AE74C-D270-4C10-A958-57980B212A5A): 4
LogDevObjectVersion:   Dev-VR (D7296918-1DD6-4BDD-9DE2-64A83CC13884): 0
LogDevObjectVersion:   Dev-LoadTimes (C2A15278-BFE7-4AFE-6C17-90FF531DF755): 1
LogDevObjectVersion:   Private-Geometry (6EACA3D4-40EC-4CC1-B786-8BED09428FC5): 1
LogDevObjectVersion:   Dev-AnimPhys (29E575DD-E0A3-4627-9D10-D276232CDCEA): 7
LogInit: Compiled (64-bit): Sep 22 2017 13:47:16
LogInit: Compiled with Visual C++: 19.00.24215.01
LogInit: Build Configuration: Development
LogInit: Branch Name: ++UE4+Release-4.17
LogInit: Command line: -EpicPortal 
LogInit: Base directory: C:/Program Files/Epic Games/UE_4.17/Engine/Binaries/Win64/
LogInit: Installed Engine Build: 1
LogInit: Presizing for max 8388607 objects, including 0 objects not considered by GC, pre-allocating 0 bytes for permanent pool.
LogInit: Object subsystem initialized
[2017.12.20-18.10.46:633][  0]LogInit: Selected Device Profile: [Windows]
[2017.12.20-18.10.46:634][  0]LogInit: Applying CVar settings loaded from the selected device profile: [Windows]
[2017.12.20-18.10.46:643][  0]LogInit: Computer: DESKTOP-E1AJGMH
[2017.12.20-18.10.46:643][  0]LogInit: User: Hubinnovation
[2017.12.20-18.10.46:643][  0]LogInit: CPU Page size=4096, Cores=4
[2017.12.20-18.10.46:643][  0]LogInit: High frequency timer resolution =3.914059 MHz
[2017.12.20-18.10.46:643][  0]LogMemory: Memory total: Physical=15.9GB (16GB approx)
[2017.12.20-18.10.46:643][  0]LogMemory: Platform Memory Stats for Windows
[2017.12.20-18.10.46:643][  0]LogMemory: Process Physical Memory: 282.39 MB used, 282.39 MB peak
[2017.12.20-18.10.46:643][  0]LogMemory: Process Virtual Memory: 288.09 MB used, 288.09 MB peak
[2017.12.20-18.10.46:643][  0]LogMemory: Physical Memory: 5485.98 MB used,  10818.34 MB free, 16304.32 MB total
[2017.12.20-18.10.46:643][  0]LogMemory: Virtual Memory: 710.54 MB used,  10818.34 MB free, 134217728.00 MB total
[2017.12.20-18.10.46:759][  0]LogInit: Using OS detected language (fr-FR).
[2017.12.20-18.10.46:759][  0]LogInit: Using OS detected locale (fr-FR).
[2017.12.20-18.10.46:761][  0]LogTextLocalizationManager: No localization for 'fr-FR' exists, so 'en' will be used for the language.
[2017.12.20-18.10.46:761][  0]LogTextLocalizationManager: No localization for 'fr-FR' exists, so 'en' will be used for the locale.
[2017.12.20-18.10.47:342][  0]LogD3D11RHI: D3D11 adapters:
[2017.12.20-18.10.47:382][  0]LogD3D11RHI:    0. 'NVIDIA GeForce GTX 1070' (Feature Level 11_0)
[2017.12.20-18.10.47:382][  0]LogD3D11RHI:       8100/0/8152 MB DedicatedVideo/DedicatedSystem/SharedSystem, Outputs:3, VendorId:0x10de
[2017.12.20-18.10.47:383][  0]LogD3D11RHI:    1. 'Microsoft Basic Render Driver' (Feature Level 11_0)
[2017.12.20-18.10.47:383][  0]LogD3D11RHI:       0/0/8152 MB DedicatedVideo/DedicatedSystem/SharedSystem, Outputs:0, VendorId:0x1414
[2017.12.20-18.10.47:383][  0]LogD3D11RHI: Chosen D3D11 Adapter: 0
[2017.12.20-18.10.47:385][  0]LogD3D11RHI: Creating new Direct3DDevice
[2017.12.20-18.10.47:386][  0]LogD3D11RHI:     GPU DeviceId: 0x1b81 (for the marketing name, search the web for "GPU Device Id")
[2017.12.20-18.10.47:386][  0]LogWindows: EnumDisplayDevices:
[2017.12.20-18.10.47:386][  0]LogWindows:    0. 'NVIDIA GeForce GTX 1070' (P:0 D:1)
[2017.12.20-18.10.47:386][  0]LogWindows:    1. 'NVIDIA GeForce GTX 1070' (P:1 D:1)
[2017.12.20-18.10.47:386][  0]LogWindows:    2. 'NVIDIA GeForce GTX 1070' (P:0 D:1)
[2017.12.20-18.10.47:386][  0]LogWindows:    3. 'NVIDIA GeForce GTX 1070' (P:0 D:0)
[2017.12.20-18.10.47:386][  0]LogWindows: DebugString: FoundDriverCount:4 
[2017.12.20-18.10.47:386][  0]LogD3D11RHI:     Adapter Name: NVIDIA GeForce GTX 1070
[2017.12.20-18.10.47:386][  0]LogD3D11RHI:   Driver Version: 388.13 (internal:23.21.13.8813, unified:388.13)
[2017.12.20-18.10.47:386][  0]LogD3D11RHI:      Driver Date: 10-27-2017
[2017.12.20-18.10.47:386][  0]LogRHI: Texture pool is 1361 MB (70% of 1945 MB)
[2017.12.20-18.10.47:410][  0]LogD3D11RHI: Async texture creation enabled
[2017.12.20-18.10.47:421][  0]LogD3D11RHI: GPU Timing Frequency: 1000.000000 (Debug: 2 1)
[2017.12.20-18.10.47:548][  0]LogShaderCompilers: Guid format shader working directory is -25 characters bigger than the processId version (../../../../../../Users/Hub-innovation/Documents/Unreal Projects/VR_Interaction/Intermediate/Shaders/WorkingDirectory/13960/).
[2017.12.20-18.10.47:548][  0]LogShaderCompilers: Cleaned the shader compiler working directory 'C:/Users/Hub-innovation/AppData/Local/Temp/UnrealShaderWorkingDir/2CFE2A3543C4F3C4EC195498BE669062/'.
[2017.12.20-18.10.47:548][  0]LogShaderCompilers: Display: Using Local Shader Compiler.
[2017.12.20-18.10.48:257][  0]LogTemp: Display: Loaded TP AllDesktopTargetPlatform
[2017.12.20-18.10.48:299][  0]LogTemp: Display: Loaded TP MacClientTargetPlatform
[2017.12.20-18.10.48:340][  0]LogTemp: Display: Loaded TP MacNoEditorTargetPlatform
[2017.12.20-18.10.48:379][  0]LogTemp: Display: Loaded TP MacServerTargetPlatform
[2017.12.20-18.10.48:418][  0]LogTemp: Display: Loaded TP MacTargetPlatform
[2017.12.20-18.10.48:459][  0]LogTemp: Display: Loaded TP WindowsClientTargetPlatform
[2017.12.20-18.10.48:500][  0]LogTemp: Display: Loaded TP WindowsNoEditorTargetPlatform
[2017.12.20-18.10.48:540][  0]LogTemp: Display: Loaded TP WindowsServerTargetPlatform
[2017.12.20-18.10.48:575][  0]LogTemp: Display: Loaded TP WindowsTargetPlatform
[2017.12.20-18.10.48:615][  0]LogTemp: Display: Loaded TP AndroidTargetPlatform
[2017.12.20-18.10.48:654][  0]LogTemp: Display: Loaded TP Android_ASTCTargetPlatform
[2017.12.20-18.10.48:695][  0]LogTemp: Display: Loaded TP Android_ATCTargetPlatform
[2017.12.20-18.10.48:734][  0]LogTemp: Display: Loaded TP Android_DXTTargetPlatform
[2017.12.20-18.10.48:773][  0]LogTemp: Display: Loaded TP Android_ETC1TargetPlatform
[2017.12.20-18.10.48:812][  0]LogTemp: Display: Loaded TP Android_ETC2TargetPlatform
[2017.12.20-18.10.48:893][  0]LogTemp: Display: Loaded TP Android_MultiTargetPlatform
[2017.12.20-18.10.48:893][  0]LogTemp: Display: Loaded TP Android_PVRTCTargetPlatform
[2017.12.20-18.10.48:925][  0]LogTemp: Display: Loaded TP HTML5TargetPlatform
[2017.12.20-18.10.49:001][  0]LogTemp: Display: Loaded TP IOSTargetPlatform
[2017.12.20-18.10.49:026][  0]LogTemp: Display: Loaded TP TVOSTargetPlatform
[2017.12.20-18.10.49:066][  0]LogTemp: Display: Loaded TP LinuxClientTargetPlatform
[2017.12.20-18.10.49:105][  0]LogTemp: Display: Loaded TP LinuxNoEditorTargetPlatform
[2017.12.20-18.10.49:144][  0]LogTemp: Display: Loaded TP LinuxServerTargetPlatform
[2017.12.20-18.10.49:182][  0]LogTemp: Display: Loaded TP LinuxTargetPlatform
[2017.12.20-18.10.49:182][  0]LogTargetPlatformManager: Display: Building Assets For Windows
[2017.12.20-18.10.49:545][  0]LogDerivedDataCache: Display: Max Cache Size: 512 MB
[2017.12.20-18.10.49:613][  0]LogDerivedDataCache: Loaded boot cache 0.07s 106MB C:/Users/Hub-innovation/AppData/Local/UnrealEngine/4.17/DerivedDataCache/Boot.ddc.
[2017.12.20-18.10.49:613][  0]LogDerivedDataCache: Display: Loaded Boot cache: C:/Users/Hub-innovation/AppData/Local/UnrealEngine/4.17/DerivedDataCache/Boot.ddc
[2017.12.20-18.10.49:613][  0]LogDerivedDataCache: FDerivedDataBackendGraph:  Pak pak cache file ../../../../../../Users/Hub-innovation/Documents/Unreal Projects/VR_Interaction/DerivedDataCache/DDC.ddp not found, will not use a pak cache.
[2017.12.20-18.10.49:613][  0]LogDerivedDataCache: Unable to find inner node Pak for hierarchical cache Hierarchy.
[2017.12.20-18.10.49:613][  0]LogDerivedDataCache: FDerivedDataBackendGraph:  CompressedPak pak cache file ../../../../../../Users/Hub-innovation/Documents/Unreal Projects/VR_Interaction/DerivedDataCache/Compressed.ddp not found, will not use a pak cache.
[2017.12.20-18.10.49:613][  0]LogDerivedDataCache: Unable to find inner node CompressedPak for hierarchical cache Hierarchy.
[2017.12.20-18.10.49:627][  0]LogDerivedDataCache: Display: Pak cache opened for reading ../../../Engine/DerivedDataCache/Compressed.ddp.
[2017.12.20-18.10.49:639][  0]LogDerivedDataCache: Using Local data cache path C:/Users/Hub-innovation/AppData/Local/UnrealEngine/Common/DerivedDataCache: Writable
[2017.12.20-18.10.49:647][  0]LogMaterial: Verifying Global Shaders for PCD3D_SM5
[2017.12.20-18.10.49:647][  0]LogSlate: Using Freetype 2.6.0
[2017.12.20-18.10.49:648][  0]LogSlate: SlateFontCache - WITH_FREETYPE: 1, WITH_HARFBUZZ: 1
[2017.12.20-18.10.49:648][  0]LogSlate: SlateFontCache - WITH_FREETYPE: 1, WITH_HARFBUZZ: 1
[2017.12.20-18.10.49:857][  0]LogAssetRegistry: FAssetRegistry took 0.0253 seconds to start up
[2017.12.20-18.10.49:946][  0]LogInit: Selected Device Profile: [Windows]
[2017.12.20-18.10.50:062][  0]LogContentStreaming: Texture pool size is 0.00 MB
[2017.12.20-18.10.50:293][  0]LogSimplygon: Simplygon DLL not present - disabling.
[2017.12.20-18.10.50:324][  0]LogMeshReduction: Using SimplygonSwarm for distributed automatic mesh merging
[2017.12.20-18.10.50:325][  0]LogMeshReduction: Using QuadricMeshReduction for automatic static mesh reduction
[2017.12.20-18.10.50:325][  0]LogMeshReduction: No automatic skeletal mesh reduction module available
[2017.12.20-18.10.50:325][  0]LogMeshReduction: No automatic mesh merging module available
[2017.12.20-18.10.50:325][  0]LogMeshMerging: No automatic mesh merging module available
[2017.12.20-18.10.50:618][  0]LogNetVersion: VR_Interaction , NetCL: 3573198, EngineNetVer: 2, GameNetVer: 0 (Checksum: 1169913075)
[2017.12.20-18.10.50:773][  0]LogPackageLocalizationCache: Processed 5 localized package path(s) for 1 prioritized culture(s) in 0.021145 seconds
[2017.12.20-18.10.50:778][  0]LogUObjectArray: 35825 objects as part of root set at end of initial load.
[2017.12.20-18.10.50:779][  0]LogUObjectAllocator: 7529112 out of 0 bytes used by permanent object pool.
[2017.12.20-18.10.50:779][  0]LogUObjectArray: CloseDisregardForGC: 0/0 objects in disregard for GC pool
[2017.12.20-18.10.50:824][  0]LogInit: WinSock: version 1.1 (2.2), MaxSocks=32767, MaxUdp=65467
[2017.12.20-18.10.52:772][  0]LogTcpMessaging: Initializing TcpMessaging bridge
[2017.12.20-18.10.52:803][  0]LogUdpMessaging: Initializing bridge on interface 0.0.0.0:0 to multicast group 230.0.0.1:6666.
[2017.12.20-18.10.53:292][  0]LogMaterial: Uniform references updated for custom material expression Custom.
[2017.12.20-18.10.53:604][  0]SourceControl: Source control is disabled
[2017.12.20-18.10.53:604][  0]SourceControl: Source control is disabled
[2017.12.20-18.10.53:639][  0]SourceControl: Source control is disabled
[2017.12.20-18.10.53:672][  0]SourceControl: Source control is disabled
[2017.12.20-18.10.54:097][  0]LogAndroidPermission: UAndroidPermissionCallbackProxy::GetInstance
[2017.12.20-18.10.54:275][  0]LogOcInput: OculusInput pre-init called
[2017.12.20-18.10.54:469][  0]LogEngine: Initializing Engine...
[2017.12.20-18.10.54:514][  0]LogHMD: SteamVR initialized.  Driver: lighthouse  Display: LHR-005CE5B3
[2017.12.20-18.10.54:694][  0]LogStats: UGameplayTagsManager::ConstructGameplayTagTree: Construct from data asset -  0.000 s
[2017.12.20-18.10.54:694][  0]LogStats: UGameplayTagsManager::ConstructGameplayTagTree: GameplayTagTreeChangedEvent.Broadcast -  0.000 s
[2017.12.20-18.10.54:795][  0]LogAIModule: Creating AISystem for world Untitled
[2017.12.20-18.10.54:807][  0]LogInit: XAudio2 using 'Haut-parleurs (USB Audio Device)' : 2 channels at 44.1 kHz using 16 bits per sample (channel mask 0x3)
[2017.12.20-18.10.54:815][  0]LogInit: FAudioDevice initialized.
[2017.12.20-18.10.54:895][  0]LogDerivedDataCache: Saved boot cache 0.08s 106MB C:/Users/Hub-innovation/AppData/Local/UnrealEngine/4.17/DerivedDataCache/Boot.ddc.
[2017.12.20-18.10.54:906][  0]LogInit: Texture streaming: Enabled
[2017.12.20-18.10.54:991][  0]LogEngineSessionManager: EngineSessionManager initialized
[2017.12.20-18.10.55:154][  0]LogInit: Transaction tracking system initialized
[2017.12.20-18.10.55:392][  0]BlueprintLog: New page: Editor Load
[2017.12.20-18.10.56:058][  0]LocalizationService: Localization service is disabled
[2017.12.20-18.10.56:582][  0]LogConsoleResponse: Display: 
[2017.12.20-18.10.56:734][  0]LogCook: Display: Max memory allowance for cook 16384mb min free memory 0mb
[2017.12.20-18.10.56:734][  0]LogCook: Display: Mobile HDR setting 1
[2017.12.20-18.10.56:734][  0]LogGameplayTags: Display: UGameplayTagsManager::DoneAddingNativeTags. DelegateIsBound: 0
[2017.12.20-18.10.57:484][  0]LogFileCache: Scanning file cache for directory 'C:/Users/Hub-innovation/Documents/Unreal Projects/VR_Interaction/Content/' took 0.01s
[2017.12.20-18.10.57:520][  0]SourceControl: Source control is disabled
[2017.12.20-18.10.57:520][  0]Cmd: MAP LOAD FILE="../../../../../../Users/Hub-innovation/Documents/Unreal Projects/VR_Interaction/Content/VirtualRealityBP/Maps/StartupMap.umap" TEMPLATE=0 SHOWPROGRESS=1 FEATURELEVEL=3
[2017.12.20-18.10.57:521][  0]LogEditorServer: Warning: Can't find file '../../../../../../Users/Hub-innovation/Documents/Unreal Projects/VR_Interaction/Content/VirtualRealityBP/Maps/StartupMap.umap'
[2017.12.20-18.10.57:521][  0]Cmd: MAP CHECKDEP NOCLEARLOG
[2017.12.20-18.10.57:555][  0]MapCheck: Map check complete: 0 Error(s), 0 Warning(s), took 34.043ms to complete.
[2017.12.20-18.10.57:555][  0]LogFileHelpers: Loading map 'StartupMap' took 0.034
[2017.12.20-18.10.57:634][  0]LogWindowsTextInputMethodSystem: Display: IME system now deactivated.
[2017.12.20-18.10.57:708][  0]LogCollectionManager: Loaded 0 collections in 0.001165 seconds
[2017.12.20-18.10.57:787][  0]LogFileCache: Scanning file cache for directory 'C:/Users/Hub-innovation/Documents/Unreal Projects/VR_Interaction/Saved/Collections/' took 0.01s
[2017.12.20-18.10.57:787][  0]LogFileCache: Scanning file cache for directory 'C:/Users/Hub-innovation/Documents/Unreal Projects/VR_Interaction/Content/Developers/Hubinnovation/Collections/' took 0.01s
[2017.12.20-18.10.57:787][  0]LogFileCache: Scanning file cache for directory 'C:/Users/Hub-innovation/Documents/Unreal Projects/VR_Interaction/Content/Collections/' took 0.01s
[2017.12.20-18.10.57:787][  0]LogCollectionManager: Rebuilt the GUID cache for 0 collections in 0.000001 seconds
[2017.12.20-18.10.57:794][  0]LogContentBrowser: Native class hierarchy populated in 0.0066 seconds. Added 2386 classes and 500 folders.
[2017.12.20-18.10.57:841][  0]LogContentBrowser: Native class hierarchy updated for 'WidgetCarousel' in 0.0005 seconds. Added 0 classes and 0 folders.
[2017.12.20-18.10.57:866][  0]LogContentBrowser: Native class hierarchy updated for 'AddContentDialog' in 0.0005 seconds. Added 0 classes and 0 folders.
[2017.12.20-18.10.57:972][  0]LogContentBrowser: Native class hierarchy updated for 'HierarchicalLODOutliner' in 0.0005 seconds. Added 1 classes and 2 folders.
[2017.12.20-18.10.57:972][  0]LogLoad: (Engine Initialization) Total time: 13.20 seconds
[2017.12.20-18.10.57:972][  0]LogLoad: (Engine Initialization) Total Blueprint compile time: 0.00 seconds
[2017.12.20-18.10.57:972][  0]LogExternalProfiler: Found external profiler: VSPerf
[2017.12.20-18.10.57:972][  0]LogExternalProfiler: Using external profiler: VSPerf
[2017.12.20-18.10.57:982][  0]LogSteamVRController: Controller role for device 3 is 1 (invalid=0, left=1, right=2).
[2017.12.20-18.10.57:983][  0]LogSteamVRController: Warning: Controller device 3 is being assigned to its prefered role 'left'.
[2017.12.20-18.10.57:983][  0]LogSteamVRController: Controller role for device 4 is 2 (invalid=0, left=1, right=2).
[2017.12.20-18.10.57:983][  0]LogSteamVRController: Putting controller 4 on the right hand because there is already a controller for the left.
[2017.12.20-18.10.57:999][  0]LogAssetRegistry: Asset discovery search completed in 8.1630 seconds
[2017.12.20-18.10.58:000][  0]LogCollectionManager: Rebuilt the object cache for 0 collections in 0.000000 seconds (found 0 objects)
[2017.12.20-18.10.58:000][  0]LogCollectionManager: Fixed up redirectors for 0 collections in 0.000042 seconds (updated 0 objects)
[2017.12.20-18.10.58:002][  0]LogContentStreaming: Texture pool size now 1000 MB
[2017.12.20-18.10.58:009][  0]LogSlate: Took 0.000502 seconds to synchronously load lazily loaded font '../../../Engine/Content/Slate/Fonts/Roboto-Regular.ttf' (155K)
[2017.12.20-18.10.58:011][  0]LogSlate: Took 0.000145 seconds to synchronously load lazily loaded font '../../../Engine/Content/Slate/Fonts/Roboto-Bold.ttf' (160K)
[2017.12.20-18.10.58:014][  0]LogSlate: Took 0.000132 seconds to synchronously load lazily loaded font '../../../Engine/Content/Editor/Slate/Fonts/FontAwesome.ttf' (139K)
[2017.12.20-18.10.58:105][  0]LogSlate: Took 0.000107 seconds to synchronously load lazily loaded font '../../../Engine/Content/Slate/Fonts/Roboto-Light.ttf' (159K)
[2017.12.20-18.10.58:147][  2]LogRenderer: Reallocating scene render targets to support 804x360 Format 26 NumSamples 1 (Frame:1).
[2017.12.20-18.11.02:030][376]LogRenderer: Reallocating scene render targets to support 1208x576 Format 26 NumSamples 1 (Frame:378).
[2017.12.20-18.11.11:486][507]LogSlate: Took 0.000108 seconds to synchronously load lazily loaded font '../../../Engine/Content/Slate/Fonts/Roboto-Light.ttf' (159K)
[2017.12.20-18.11.11:952][507]LogAIModule: Creating AISystem for world MotionControllerMap
[2017.12.20-18.11.11:976][507]Cmd: MAP LOAD FILE="../../../../../../Users/Hub-innovation/Documents/Unreal Projects/VR_Interaction/Content/VirtualRealityBP/Maps/MotionControllerMap.umap" TEMPLATE=0 SHOWPROGRESS=1 FEATURELEVEL=3
[2017.12.20-18.11.11:976][507]LightingResults: New page: Lighting Build
[2017.12.20-18.11.12:009][507]LogContentBrowser: Native class hierarchy updated for 'StatsViewer' in 0.0005 seconds. Added 5 classes and 0 folders.
[2017.12.20-18.11.12:009][507]LoadErrors: New page: Loading map: MotionControllerMap.umap
[2017.12.20-18.11.12:010][507]MapCheck: New page: Map Check
[2017.12.20-18.11.12:010][507]LightingResults: New page: Lighting Build
[2017.12.20-18.11.12:061][507]LogEditorServer: Finished looking for orphan Actors (0.000 secs)
[2017.12.20-18.11.12:094][507]Cmd: MAP CHECKDEP NOCLEARLOG
[2017.12.20-18.11.12:134][507]MapCheck: Map check complete: 0 Error(s), 0 Warning(s), took 39.903ms to complete.
[2017.12.20-18.11.12:134][507]LogFileHelpers: Loading map 'MotionControllerMap' took 0.159
[2017.12.20-18.11.22:466][738]LogBlueprintUserMessages: Early PlayInEditor Detection: Level '/Game/VirtualRealityBP/Maps/MotionControllerMap.MotionControllerMap:PersistentLevel' has LevelScriptBlueprint '/Game/VirtualRealityBP/Maps/MotionControllerMap.MotionControllerMap:PersistentLevel.MotionControllerMap' with GeneratedClass '/Game/VirtualRealityBP/Maps/MotionControllerMap.MotionControllerMap_C' with ClassGeneratedBy '/Game/VirtualRealityBP/Maps/MotionControllerMap.MotionControllerMap:PersistentLevel.MotionControllerMap'
[2017.12.20-18.11.22:466][738]LogPlayLevel: PlayLevel: No blueprints needed recompiling
[2017.12.20-18.11.22:466][738]PIE: New page: PIE session: MotionControllerMap (Dec 20, 2017, 8:11:22 PM)
[2017.12.20-18.11.22:466][738]LogPlayLevel: Creating play world package: /Game/VirtualRealityBP/Maps/UEDPIE_0_MotionControllerMap
[2017.12.20-18.11.22:473][738]LogPlayLevel: PIE: StaticDuplicateObject took: (0.006559s)
[2017.12.20-18.11.22:473][738]LogAIModule: Creating AISystem for world MotionControllerMap
[2017.12.20-18.11.22:474][738]LogPlayLevel: PIE: World Init took: (0.000543s)
[2017.12.20-18.11.22:474][738]LogPlayLevel: PIE: Created PIE world by copying editor world from /Game/VirtualRealityBP/Maps/MotionControllerMap.MotionControllerMap to /Game/VirtualRealityBP/Maps/UEDPIE_0_MotionControllerMap.MotionControllerMap (0.007339s)
[2017.12.20-18.11.22:487][738]LogInit: XAudio2 using 'Haut-parleurs (USB Audio Device)' : 2 channels at 44.1 kHz using 16 bits per sample (channel mask 0x3)
[2017.12.20-18.11.22:493][738]LogInit: FAudioDevice initialized.
[2017.12.20-18.11.22:618][738]LogUObjectGlobals: Warning: Failed to find object 'Class None.'
[2017.12.20-18.11.22:618][738]LogLoad: Game class is 'GameModeBase'
[2017.12.20-18.11.22:621][738]LogWorld: Bringing World /Game/VirtualRealityBP/Maps/UEDPIE_0_MotionControllerMap.MotionControllerMap up for play (max tick rate 0) at 2017.12.20-19.11.22
[2017.12.20-18.11.22:622][738]LogWorld: Bringing up level for play took: 0.001759
[2017.12.20-18.11.22:654][738]LogContentBrowser: Native class hierarchy updated for 'MovieSceneCapture' in 0.0005 seconds. Added 11 classes and 0 folders.
[2017.12.20-18.11.22:660][738]PIE: Play in editor start time for /Game/VirtualRealityBP/Maps/UEDPIE_0_MotionControllerMap -0.514
[2017.12.20-18.11.22:661][738]LogBlueprintUserMessages: Late PlayInEditor Detection: Level '/Game/VirtualRealityBP/Maps/MotionControllerMap.MotionControllerMap:PersistentLevel' has LevelScriptBlueprint '/Game/VirtualRealityBP/Maps/MotionControllerMap.MotionControllerMap:PersistentLevel.MotionControllerMap' with GeneratedClass '/Game/VirtualRealityBP/Maps/MotionControllerMap.MotionControllerMap_C' with ClassGeneratedBy '/Game/VirtualRealityBP/Maps/MotionControllerMap.MotionControllerMap:PersistentLevel.MotionControllerMap'
[2017.12.20-18.11.22:708][739]LogRenderer: Reallocating scene render targets to support 3024x1680 Format 26 NumSamples 1 (Frame:1).
[2017.12.20-18.11.52:196][178]LogHMD: Warning:  SteamVR Compositor had an error on present (108)
[2017.12.20-18.11.52:196][178]LogHMD: Warning:  SteamVR Compositor had an error on present (108)
[2017.12.20-18.11.52:200][179]LogHMD: Warning:  SteamVR Compositor had an error on present (108)
[2017.12.20-18.11.52:204][180]LogHMD: Warning:  SteamVR Compositor had an error on present (108)
[2017.12.20-18.11.52:207][181]LogHMD: Warning:  SteamVR Compositor had an error on present (108)
[2017.12.20-18.11.52:211][182]LogHMD: Warning:  SteamVR Compositor had an error on present (108)
[2017.12.20-18.11.52:214][183]LogHMD: Warning:  SteamVR Compositor had an error on present (108)
[2017.12.20-18.11.52:218][184]LogHMD: Warning:  SteamVR Compositor had an error on present (108)
[2017.12.20-18.11.52:221][185]LogHMD: Warning:  SteamVR Compositor had an error on present (108)
[2017.12.20-18.11.52:225][186]LogHMD: Warning:  SteamVR Compositor had an error on present (108)
[2017.12.20-18.11.53:280][283]LogHMD: Warning:  SteamVR Compositor had an error on present (108)
[2017.12.20-18.11.53:280][283]LogHMD: Warning:  SteamVR Compositor had an error on present (108)
[2017.12.20-18.11.53:283][284]LogHMD: Warning:  SteamVR Compositor had an error on present (108)
[2017.12.20-18.11.53:286][285]LogHMD: Warning:  SteamVR Compositor had an error on present (108)
[2017.12.20-18.11.53:290][286]LogHMD: Warning:  SteamVR Compositor had an error on present (108)
[2017.12.20-18.11.53:294][287]LogHMD: Warning:  SteamVR Compositor had an error on present (108)
[2017.12.20-18.11.53:298][288]LogHMD: Warning:  SteamVR Compositor had an error on present (108)
[2017.12.20-18.11.53:302][289]LogHMD: Warning:  SteamVR Compositor had an error on present (108)
[2017.12.20-18.11.53:306][290]LogHMD: Warning:  SteamVR Compositor had an error on present (108)
[2017.12.20-18.11.53:310][291]LogHMD: Warning:  SteamVR Compositor had an error on present (108)
[2017.12.20-18.11.53:314][292]LogHMD: Warning:  SteamVR Compositor had an error on present (108)
[2017.12.20-18.11.59:000][804]LogHMD: Warning:  SteamVR Compositor had an error on present (108)
[2017.12.20-18.11.59:000][804]LogHMD: Warning:  SteamVR Compositor had an error on present (108)
[2017.12.20-18.11.59:011][806]LogHMD: Warning:  SteamVR Compositor had an error on present (108)
[2017.12.20-18.11.59:016][807]LogHMD: Warning:  SteamVR Compositor had an error on present (108)
[2017.12.20-18.11.59:016][807]LogHMD: Warning:  SteamVR Compositor had an error on present (108)
[2017.12.20-18.11.59:020][808]LogHMD: Warning:  SteamVR Compositor had an error on present (108)
[2017.12.20-18.11.59:025][809]LogHMD: Warning:  SteamVR Compositor had an error on present (108)
[2017.12.20-18.11.59:030][810]LogHMD: Warning:  SteamVR Compositor had an error on present (108)
[2017.12.20-18.11.59:034][811]LogHMD: Warning:  SteamVR Compositor had an error on present (108)
[2017.12.20-18.11.59:039][812]LogHMD: Warning:  SteamVR Compositor had an error on present (108)
[2017.12.20-18.11.59:043][813]LogHMD: Warning:  SteamVR Compositor had an error on present (108)
[2017.12.20-18.11.59:047][814]LogHMD: Warning:  SteamVR Compositor had an error on present (108)
[2017.12.20-18.11.59:052][815]LogHMD: Warning:  SteamVR Compositor had an error on present (108)
[2017.12.20-18.11.59:056][816]LogHMD: Warning:  SteamVR Compositor had an error on present (108)
[2017.12.20-18.11.59:061][817]LogHMD: Warning:  SteamVR Compositor had an error on present (108)
[2017.12.20-18.11.59:062][817]LogBlueprintUserMessages: Early EndPlayMap Detection: Level '/Game/VirtualRealityBP/Maps/MotionControllerMap.MotionControllerMap:PersistentLevel' has LevelScriptBlueprint '/Game/VirtualRealityBP/Maps/MotionControllerMap.MotionControllerMap:PersistentLevel.MotionControllerMap' with GeneratedClass '/Game/VirtualRealityBP/Maps/MotionControllerMap.MotionControllerMap_C' with ClassGeneratedBy '/Game/VirtualRealityBP/Maps/MotionControllerMap.MotionControllerMap:PersistentLevel.MotionControllerMap'
[2017.12.20-18.11.59:209][817]LogBlueprintUserMessages: Late EndPlayMap Detection: Level '/Game/VirtualRealityBP/Maps/MotionControllerMap.MotionControllerMap:PersistentLevel' has LevelScriptBlueprint '/Game/VirtualRealityBP/Maps/MotionControllerMap.MotionControllerMap:PersistentLevel.MotionControllerMap' with GeneratedClass '/Game/VirtualRealityBP/Maps/MotionControllerMap.MotionControllerMap_C' with ClassGeneratedBy '/Game/VirtualRealityBP/Maps/MotionControllerMap.MotionControllerMap:PersistentLevel.MotionControllerMap'
[2017.12.20-18.12.30:994][732]LogBlueprintUserMessages: Early PlayInEditor Detection: Level '/Game/VirtualRealityBP/Maps/MotionControllerMap.MotionControllerMap:PersistentLevel' has LevelScriptBlueprint '/Game/VirtualRealityBP/Maps/MotionControllerMap.MotionControllerMap:PersistentLevel.MotionControllerMap' with GeneratedClass '/Game/VirtualRealityBP/Maps/MotionControllerMap.MotionControllerMap_C' with ClassGeneratedBy '/Game/VirtualRealityBP/Maps/MotionControllerMap.MotionControllerMap:PersistentLevel.MotionControllerMap'
[2017.12.20-18.12.30:994][732]LogPlayLevel: PlayLevel: No blueprints needed recompiling
[2017.12.20-18.12.30:995][732]PIE: New page: PIE session: MotionControllerMap (Dec 20, 2017, 8:12:30 PM)
[2017.12.20-18.12.30:995][732]LogPlayLevel: Creating play world package: /Game/VirtualRealityBP/Maps/UEDPIE_0_MotionControllerMap
[2017.12.20-18.12.31:003][732]LogPlayLevel: PIE: StaticDuplicateObject took: (0.008305s)
[2017.12.20-18.12.31:003][732]LogAIModule: Creating AISystem for world MotionControllerMap
[2017.12.20-18.12.31:004][732]LogPlayLevel: PIE: World Init took: (0.000688s)
[2017.12.20-18.12.31:004][732]LogPlayLevel: PIE: Created PIE world by copying editor world from /Game/VirtualRealityBP/Maps/MotionControllerMap.MotionControllerMap to /Game/VirtualRealityBP/Maps/UEDPIE_0_MotionControllerMap.MotionControllerMap (0.009321s)
[2017.12.20-18.12.31:020][732]LogInit: XAudio2 using 'Haut-parleurs (USB Audio Device)' : 2 channels at 44.1 kHz using 16 bits per sample (channel mask 0x3)
[2017.12.20-18.12.31:026][732]LogInit: FAudioDevice initialized.
[2017.12.20-18.12.31:641][732]LogHMD: SteamVR initialized.  Driver: lighthouse  Display: LHR-005CE5B3
[2017.12.20-18.12.31:673][732]LogUObjectGlobals: Warning: Failed to find object 'Class None.'
[2017.12.20-18.12.31:673][732]LogLoad: Game class is 'GameModeBase'
[2017.12.20-18.12.31:675][732]LogWorld: Bringing World /Game/VirtualRealityBP/Maps/UEDPIE_0_MotionControllerMap.MotionControllerMap up for play (max tick rate 0) at 2017.12.20-19.12.31
[2017.12.20-18.12.31:676][732]LogWorld: Bringing up level for play took: 0.001711
[2017.12.20-18.12.31:678][732]LogUnrealMath: Error: FMatrix::InverseFast(), trying to invert a NIL matrix, this results in NaNs! Use Inverse() instead.
[2017.12.20-18.12.31:678][732]LogOutputDevice: Warning: 

Script Stack:
BP_MotionController_C.SetupRoomScaleOutline
BP_MotionController_C.ExecuteUbergraph_BP_MotionController
BP_MotionController_C.ReceiveBeginPlay
MotionControllerPawn_C.ExecuteUbergraph_MotionControllerPawn
MotionControllerPawn_C.ReceiveBeginPlay

[2017.12.20-18.12.31:716][732]LogStats: FPlatformStackWalk::StackWalkAndDump -  0.039 s
[2017.12.20-18.12.31:717][732]LogOutputDevice: Error: === Handled ensure: ===
[2017.12.20-18.12.31:717][732]LogOutputDevice: Error: 
[2017.12.20-18.12.31:717][732]LogOutputDevice: Error: Ensure condition failed: false [File:D:\Build\++UE4+Release-4.17+Compile\Sync\Engine\Source\Runtime\Core\Private\Math\Matrix.cpp] [Line: 8]
[2017.12.20-18.12.31:717][732]LogOutputDevice: Error: FMatrix::InverseFast(), trying to invert a NIL matrix, this results in NaNs! Use Inverse() instead.
[2017.12.20-18.12.31:717][732]LogOutputDevice: Error: Stack: 
[2017.12.20-18.12.31:717][732]LogOutputDevice: Error: UE4Editor-Core.dll!0x000000003C3C3E36
[2017.12.20-18.12.31:717][732]LogOutputDevice: Error: UE4Editor-Core.dll!0x000000003C14C2D2
[2017.12.20-18.12.31:717][732]LogOutputDevice: Error: UE4Editor-Core.dll!0x000000003C164746
[2017.12.20-18.12.31:717][732]LogOutputDevice: Error: UE4Editor-Core.dll!0x000000003C0EE1A1
[2017.12.20-18.12.31:717][732]LogOutputDevice: Error: UE4Editor-Engine.dll!0x000000003DB774EB
[2017.12.20-18.12.31:717][732]LogOutputDevice: Error: UE4Editor-Engine.dll!0x000000003E4CABD3
[2017.12.20-18.12.31:717][732]LogOutputDevice: Error: UE4Editor-Engine.dll!0x000000003E5006C4
[2017.12.20-18.12.31:717][732]LogOutputDevice: Error: UE4Editor-CoreUObject.dll!0x000000003D59E944
[2017.12.20-18.12.31:717][732]LogOutputDevice: Error: UE4Editor-CoreUObject.dll!0x000000003D75DDA4
[2017.12.20-18.12.31:717][732]LogOutputDevice: Error: UE4Editor-CoreUObject.dll!0x000000003D773101
[2017.12.20-18.12.31:717][732]LogOutputDevice: Error: UE4Editor-CoreUObject.dll!0x000000003D7752E2
[2017.12.20-18.12.31:717][732]LogOutputDevice: Error: UE4Editor-CoreUObject.dll!0x000000003D75E7AE
[2017.12.20-18.12.31:717][732]LogOutputDevice: Error: UE4Editor-CoreUObject.dll!0x000000003D7752E2
[2017.12.20-18.12.31:717][732]LogOutputDevice: Error: UE4Editor-CoreUObject.dll!0x000000003D75E7AE
[2017.12.20-18.12.31:717][732]LogOutputDevice: Error: UE4Editor-CoreUObject.dll!0x000000003D7752E2
[2017.12.20-18.12.31:717][732]LogOutputDevice: Error: UE4Editor-CoreUObject.dll!0x000000003D59E944
[2017.12.20-18.12.31:717][732]LogOutputDevice: Error: UE4Editor-CoreUObject.dll!0x000000003D774675
[2017.12.20-18.12.31:717][732]LogOutputDevice: Error: UE4Editor-Engine.dll!0x000000003DC5B247
[2017.12.20-18.12.31:717][732]LogOutputDevice: Error: UE4Editor-Engine.dll!0x000000003EE05B47
[2017.12.20-18.12.31:717][732]LogOutputDevice: Error: UE4Editor-Engine.dll!0x000000003DC1DC2F
[2017.12.20-18.12.31:717][732]LogOutputDevice: Error: UE4Editor-Engine.dll!0x000000003DC2ABCB
[2017.12.20-18.12.31:717][732]LogOutputDevice: Error: UE4Editor-Engine.dll!0x000000003DC56959
[2017.12.20-18.12.31:717][732]LogOutputDevice: Error: UE4Editor-Engine.dll!0x000000003DC37E03
[2017.12.20-18.12.31:717][732]LogOutputDevice: Error: UE4Editor-Engine.dll!0x000000003E35BE89
[2017.12.20-18.12.31:717][732]LogOutputDevice: Error: UE4Editor-Engine.dll!0x000000003DC905B6
[2017.12.20-18.12.31:717][732]LogOutputDevice: Error: UE4Editor-CoreUObject.dll!0x000000003D59E944
[2017.12.20-18.12.31:717][732]LogOutputDevice: Error: UE4Editor-CoreUObject.dll!0x000000003D75DDA4
[2017.12.20-18.12.31:717][732]LogOutputDevice: Error: UE4Editor-CoreUObject.dll!0x000000003D773101
[2017.12.20-18.12.31:717][732]LogOutputDevice: Error: UE4Editor-CoreUObject.dll!0x000000003D79CDA4
[2017.12.20-18.12.31:717][732]LogOutputDevice: Error: UE4Editor-CoreUObject.dll!0x000000003D7752E2
[2017.12.20-18.12.31:717][732]LogOutputDevice: Error: UE4Editor-CoreUObject.dll!0x000000003D75E7AE
[2017.12.20-18.12.31:717][732]LogOutputDevice: Error: UE4Editor-CoreUObject.dll!0x000000003D7752E2
[2017.12.20-18.12.31:717][732]LogOutputDevice: Error: UE4Editor-CoreUObject.dll!0x000000003D59E944
[2017.12.20-18.12.31:717][732]LogOutputDevice: Error: UE4Editor-CoreUObject.dll!0x000000003D774675
[2017.12.20-18.12.31:717][732]LogOutputDevice: Error: UE4Editor-Engine.dll!0x000000003DC5B247
[2017.12.20-18.12.31:717][732]LogOutputDevice: Error: UE4Editor-Engine.dll!0x000000003EE05B47
[2017.12.20-18.12.31:717][732]LogOutputDevice: Error: UE4Editor-Engine.dll!0x000000003DC1DC2F
[2017.12.20-18.12.31:717][732]LogOutputDevice: Error: UE4Editor-Engine.dll!0x000000003DC2ABCB
[2017.12.20-18.12.31:717][732]LogOutputDevice: Error: UE4Editor-Engine.dll!0x000000003EDEA871
[2017.12.20-18.12.31:717][732]LogOutputDevice: Error: UE4Editor-Engine.dll!0x000000003E364991
[2017.12.20-18.12.31:717][732]LogOutputDevice: Error: UE4Editor-Engine.dll!0x000000003EDD601E
[2017.12.20-18.12.31:717][732]LogOutputDevice: Error: UE4Editor-Engine.dll!0x000000003E387CF6
[2017.12.20-18.12.31:717][732]LogOutputDevice: Error: UE4Editor-UnrealEd.dll!0x000000003AB5AE6C
[2017.12.20-18.12.31:717][732]LogOutputDevice: Error: UE4Editor-UnrealEd.dll!0x000000003AB8584E
[2017.12.20-18.12.31:717][732]LogOutputDevice: Error: UE4Editor-UnrealEd.dll!0x000000003ABA1394
[2017.12.20-18.12.31:717][732]LogOutputDevice: Error: UE4Editor-UnrealEd.dll!0x000000003A60BDF8
[2017.12.20-18.12.31:717][732]LogOutputDevice: Error: UE4Editor-UnrealEd.dll!0x000000003AE9D646
[2017.12.20-18.12.31:717][732]LogOutputDevice: Error: UE4Editor.exe!0x000000006967534A
[2017.12.20-18.12.31:717][732]LogOutputDevice: Error: UE4Editor.exe!0x0000000069683970
[2017.12.20-18.12.31:717][732]LogOutputDevice: Error: UE4Editor.exe!0x00000000696839EA
[2017.12.20-18.12.31:717][732]LogOutputDevice: Error: UE4Editor.exe!0x00000000696902D9
[2017.12.20-18.12.31:717][732]LogOutputDevice: Error: UE4Editor.exe!0x0000000069691C47
[2017.12.20-18.12.31:717][732]LogOutputDevice: Error: KERNEL32.DLL!0x000000008BCD8364
[2017.12.20-18.12.31:717][732]LogOutputDevice: Error: ntdll.dll!0x000000008C167091
[2017.12.20-18.12.31:717][732]LogOutputDevice: Error: 
[2017.12.20-18.12.31:725][732]LogStats:                SubmitErrorReport -  0.000 s
[2017.12.20-18.12.31:899][732]LogStats:                    SendNewReport -  0.175 s
[2017.12.20-18.12.31:899][732]LogStats:             FDebug::EnsureFailed -  0.222 s
[2017.12.20-18.12.31:899][732]LogUnrealMath: Error: FMatrix::InverseFast(), trying to invert a NIL matrix, this results in NaNs! Use Inverse() instead.
[2017.12.20-18.12.31:899][732]LogUnrealMath: Error: FMatrix::InverseFast(), trying to invert a NIL matrix, this results in NaNs! Use Inverse() instead.
[2017.12.20-18.12.31:899][732]LogUnrealMath: Error: FMatrix::InverseFast(), trying to invert a NIL matrix, this results in NaNs! Use Inverse() instead.
[2017.12.20-18.12.31:899][732]LogBlueprint: Warning: SetRelativeScale3D : Invalid Scale entered (X=0.000 Y=-nan(ind) Z=70.000). Resetting to 1.f.
[2017.12.20-18.12.31:901][732]LogUnrealMath: Error: FMatrix::InverseFast(), trying to invert a NIL matrix, this results in NaNs! Use Inverse() instead.
[2017.12.20-18.12.31:901][732]LogUnrealMath: Error: FMatrix::InverseFast(), trying to invert a NIL matrix, this results in NaNs! Use Inverse() instead.
[2017.12.20-18.12.31:901][732]LogUnrealMath: Error: FMatrix::InverseFast(), trying to invert a NIL matrix, this results in NaNs! Use Inverse() instead.
[2017.12.20-18.12.31:901][732]LogUnrealMath: Error: FMatrix::InverseFast(), trying to invert a NIL matrix, this results in NaNs! Use Inverse() instead.
[2017.12.20-18.12.31:901][732]LogBlueprint: Warning: SetRelativeScale3D : Invalid Scale entered (X=0.000 Y=-nan(ind) Z=70.000). Resetting to 1.f.
[2017.12.20-18.12.31:904][732]PIE: Play in editor start time for /Game/VirtualRealityBP/Maps/UEDPIE_0_MotionControllerMap 0.731
[2017.12.20-18.12.31:905][732]LogBlueprintUserMessages: Late PlayInEditor Detection: Level '/Game/VirtualRealityBP/Maps/MotionControllerMap.MotionControllerMap:PersistentLevel' has LevelScriptBlueprint '/Game/VirtualRealityBP/Maps/MotionControllerMap.MotionControllerMap:PersistentLevel.MotionControllerMap' with GeneratedClass '/Game/VirtualRealityBP/Maps/MotionControllerMap.MotionControllerMap_C' with ClassGeneratedBy '/Game/VirtualRealityBP/Maps/MotionControllerMap.MotionControllerMap:PersistentLevel.MotionControllerMap'
[2017.12.20-18.13.02:925][478]LogHMD: Warning:  SteamVR Compositor had an error on present (108)
[2017.12.20-18.13.02:925][478]LogHMD: Warning:  SteamVR Compositor had an error on present (108)
[2017.12.20-18.13.02:929][479]LogHMD: Warning:  SteamVR Compositor had an error on present (108)
[2017.12.20-18.13.02:933][480]LogHMD: Warning:  SteamVR Compositor had an error on present (108)
[2017.12.20-18.13.02:937][481]LogHMD: Warning:  SteamVR Compositor had an error on present (108)
[2017.12.20-18.13.02:940][482]LogHMD: Warning:  SteamVR Compositor had an error on present (108)
[2017.12.20-18.13.02:945][483]LogHMD: Warning:  SteamVR Compositor had an error on present (108)
[2017.12.20-18.13.02:949][484]LogHMD: Warning:  SteamVR Compositor had an error on present (108)
[2017.12.20-18.13.02:954][485]LogHMD: Warning:  SteamVR Compositor had an error on present (108)
[2017.12.20-18.13.02:958][486]LogHMD: Warning:  SteamVR Compositor had an error on present (108)
[2017.12.20-18.13.02:963][487]LogHMD: Warning:  SteamVR Compositor had an error on present (108)
[2017.12.20-18.13.02:967][488]LogHMD: Warning:  SteamVR Compositor had an error on present (108)
[2017.12.20-18.13.02:970][489]LogHMD: Warning:  SteamVR Compositor had an error on present (108)
[2017.12.20-18.13.02:975][490]LogHMD: Warning:  SteamVR Compositor had an error on present (108)
[2017.12.20-18.13.02:978][491]LogHMD: Warning:  SteamVR Compositor had an error on present (108)
[2017.12.20-18.13.02:980][491]LogBlueprintUserMessages: Early EndPlayMap Detection: Level '/Game/VirtualRealityBP/Maps/MotionControllerMap.MotionControllerMap:PersistentLevel' has LevelScriptBlueprint '/Game/VirtualRealityBP/Maps/MotionControllerMap.MotionControllerMap:PersistentLevel.MotionControllerMap' with GeneratedClass '/Game/VirtualRealityBP/Maps/MotionControllerMap.MotionControllerMap_C' with ClassGeneratedBy '/Game/VirtualRealityBP/Maps/MotionControllerMap.MotionControllerMap:PersistentLevel.MotionControllerMap'
[2017.12.20-18.13.03:127][491]LogBlueprintUserMessages: Late EndPlayMap Detection: Level '/Game/VirtualRealityBP/Maps/MotionControllerMap.MotionControllerMap:PersistentLevel' has LevelScriptBlueprint '/Game/VirtualRealityBP/Maps/MotionControllerMap.MotionControllerMap:PersistentLevel.MotionControllerMap' with GeneratedClass '/Game/VirtualRealityBP/Maps/MotionControllerMap.MotionControllerMap_C' with ClassGeneratedBy '/Game/VirtualRealityBP/Maps/MotionControllerMap.MotionControllerMap:PersistentLevel.MotionControllerMap'
[2017.12.20-18.13.07:617][  3]LogBlueprintUserMessages: Early PlayInEditor Detection: Level '/Game/VirtualRealityBP/Maps/MotionControllerMap.MotionControllerMap:PersistentLevel' has LevelScriptBlueprint '/Game/VirtualRealityBP/Maps/MotionControllerMap.MotionControllerMap:PersistentLevel.MotionControllerMap' with GeneratedClass '/Game/VirtualRealityBP/Maps/MotionControllerMap.MotionControllerMap_C' with ClassGeneratedBy '/Game/VirtualRealityBP/Maps/MotionControllerMap.MotionControllerMap:PersistentLevel.MotionControllerMap'
[2017.12.20-18.13.07:617][  3]LogPlayLevel: PlayLevel: No blueprints needed recompiling
[2017.12.20-18.13.07:617][  3]PIE: New page: PIE session: MotionControllerMap (Dec 20, 2017, 8:13:07 PM)
[2017.12.20-18.13.07:617][  3]LogPlayLevel: Creating play world package: /Game/VirtualRealityBP/Maps/UEDPIE_0_MotionControllerMap
[2017.12.20-18.13.07:623][  3]LogPlayLevel: PIE: StaticDuplicateObject took: (0.006259s)
[2017.12.20-18.13.07:624][  3]LogAIModule: Creating AISystem for world MotionControllerMap
[2017.12.20-18.13.07:624][  3]LogPlayLevel: PIE: World Init took: (0.000551s)
[2017.12.20-18.13.07:624][  3]LogPlayLevel: PIE: Created PIE world by copying editor world from /Game/VirtualRealityBP/Maps/MotionControllerMap.MotionControllerMap to /Game/VirtualRealityBP/Maps/UEDPIE_0_MotionControllerMap.MotionControllerMap (0.007071s)
[2017.12.20-18.13.07:637][  3]LogInit: XAudio2 using 'Haut-parleurs (USB Audio Device)' : 2 channels at 44.1 kHz using 16 bits per sample (channel mask 0x3)
[2017.12.20-18.13.07:644][  3]LogInit: FAudioDevice initialized.
[2017.12.20-18.13.07:747][  3]LogUObjectGlobals: Warning: Failed to find object 'Class None.'
[2017.12.20-18.13.07:747][  3]LogLoad: Game class is 'GameModeBase'
[2017.12.20-18.13.07:749][  3]LogWorld: Bringing World /Game/VirtualRealityBP/Maps/UEDPIE_0_MotionControllerMap.MotionControllerMap up for play (max tick rate 0) at 2017.12.20-19.13.07
[2017.12.20-18.13.07:749][  3]LogWorld: Bringing up level for play took: 0.001600
[2017.12.20-18.13.07:755][  3]PIE: Play in editor start time for /Game/VirtualRealityBP/Maps/UEDPIE_0_MotionControllerMap 0.581
[2017.12.20-18.13.07:755][  3]LogBlueprintUserMessages: Late PlayInEditor Detection: Level '/Game/VirtualRealityBP/Maps/MotionControllerMap.MotionControllerMap:PersistentLevel' has LevelScriptBlueprint '/Game/VirtualRealityBP/Maps/MotionControllerMap.MotionControllerMap:PersistentLevel.MotionControllerMap' with GeneratedClass '/Game/VirtualRealityBP/Maps/MotionControllerMap.MotionControllerMap_C' with ClassGeneratedBy '/Game/VirtualRealityBP/Maps/MotionControllerMap.MotionControllerMap:PersistentLevel.MotionControllerMap'
[2017.12.20-18.13.28:470][690]LogHMD: Warning:  SteamVR Compositor had an error on present (108)
[2017.12.20-18.13.28:470][690]LogHMD: Warning:  SteamVR Compositor had an error on present (108)
[2017.12.20-18.13.28:474][691]LogHMD: Warning:  SteamVR Compositor had an error on present (108)
[2017.12.20-18.13.28:478][692]LogHMD: Warning:  SteamVR Compositor had an error on present (108)
[2017.12.20-18.13.28:482][693]LogHMD: Warning:  SteamVR Compositor had an error on present (108)
[2017.12.20-18.13.28:486][694]LogHMD: Warning:  SteamVR Compositor had an error on present (108)
[2017.12.20-18.13.28:490][695]LogHMD: Warning:  SteamVR Compositor had an error on present (108)
[2017.12.20-18.13.28:495][696]LogHMD: Warning:  SteamVR Compositor had an error on present (108)
[2017.12.20-18.13.28:499][697]LogHMD: Warning:  SteamVR Compositor had an error on present (108)
[2017.12.20-18.13.28:503][698]LogHMD: Warning:  SteamVR Compositor had an error on present (108)
[2017.12.20-18.13.28:507][699]LogHMD: Warning:  SteamVR Compositor had an error on present (108)
[2017.12.20-18.13.28:511][700]LogHMD: Warning:  SteamVR Compositor had an error on present (108)
[2017.12.20-18.13.28:514][701]LogHMD: Warning:  SteamVR Compositor had an error on present (108)
[2017.12.20-18.13.28:518][702]LogHMD: Warning:  SteamVR Compositor had an error on present (108)
[2017.12.20-18.13.28:521][703]LogHMD: Warning:  SteamVR Compositor had an error on present (108)
[2017.12.20-18.13.28:525][704]LogHMD: Warning:  SteamVR Compositor had an error on present (108)
[2017.12.20-18.13.28:529][705]LogHMD: Warning:  SteamVR Compositor had an error on present (108)
[2017.12.20-18.13.28:532][706]LogHMD: Warning:  SteamVR Compositor had an error on present (108)
[2017.12.20-18.13.28:536][707]LogHMD: Warning:  SteamVR Compositor had an error on present (108)
[2017.12.20-18.13.28:540][708]LogHMD: Warning:  SteamVR Compositor had an error on present (108)
[2017.12.20-18.13.28:544][709]LogHMD: Warning:  SteamVR Compositor had an error on present (108)
[2017.12.20-18.13.28:548][710]LogHMD: Warning:  SteamVR Compositor had an error on present (108)
[2017.12.20-18.13.28:550][710]LogBlueprintUserMessages: Early EndPlayMap Detection: Level '/Game/VirtualRealityBP/Maps/MotionControllerMap.MotionControllerMap:PersistentLevel' has LevelScriptBlueprint '/Game/VirtualRealityBP/Maps/MotionControllerMap.MotionControllerMap:PersistentLevel.MotionControllerMap' with GeneratedClass '/Game/VirtualRealityBP/Maps/MotionControllerMap.MotionControllerMap_C' with ClassGeneratedBy '/Game/VirtualRealityBP/Maps/MotionControllerMap.MotionControllerMap:PersistentLevel.MotionControllerMap'
[2017.12.20-18.13.28:694][710]LogBlueprintUserMessages: Late EndPlayMap Detection: Level '/Game/VirtualRealityBP/Maps/MotionControllerMap.MotionControllerMap:PersistentLevel' has LevelScriptBlueprint '/Game/VirtualRealityBP/Maps/MotionControllerMap.MotionControllerMap:PersistentLevel.MotionControllerMap' with GeneratedClass '/Game/VirtualRealityBP/Maps/MotionControllerMap.MotionControllerMap_C' with ClassGeneratedBy '/Game/VirtualRealityBP/Maps/MotionControllerMap.MotionControllerMap:PersistentLevel.MotionControllerMap'
[2017.12.20-18.13.34:190][351]LogBlueprintUserMessages: Early PlayInEditor Detection: Level '/Game/VirtualRealityBP/Maps/MotionControllerMap.MotionControllerMap:PersistentLevel' has LevelScriptBlueprint '/Game/VirtualRealityBP/Maps/MotionControllerMap.MotionControllerMap:PersistentLevel.MotionControllerMap' with GeneratedClass '/Game/VirtualRealityBP/Maps/MotionControllerMap.MotionControllerMap_C' with ClassGeneratedBy '/Game/VirtualRealityBP/Maps/MotionControllerMap.MotionControllerMap:PersistentLevel.MotionControllerMap'
[2017.12.20-18.13.34:190][351]LogPlayLevel: PlayLevel: No blueprints needed recompiling
[2017.12.20-18.13.34:190][351]PIE: New page: PIE session: MotionControllerMap (Dec 20, 2017, 8:13:34 PM)
[2017.12.20-18.13.34:190][351]LogPlayLevel: Creating play world package: /Game/VirtualRealityBP/Maps/UEDPIE_0_MotionControllerMap
[2017.12.20-18.13.34:197][351]LogPlayLevel: PIE: StaticDuplicateObject took: (0.006498s)
[2017.12.20-18.13.34:197][351]LogAIModule: Creating AISystem for world MotionControllerMap
[2017.12.20-18.13.34:198][351]LogPlayLevel: PIE: World Init took: (0.000648s)
[2017.12.20-18.13.34:198][351]LogPlayLevel: PIE: Created PIE world by copying editor world from /Game/VirtualRealityBP/Maps/MotionControllerMap.MotionControllerMap to /Game/VirtualRealityBP/Maps/UEDPIE_0_MotionControllerMap.MotionControllerMap (0.007395s)
[2017.12.20-18.13.34:211][351]LogInit: XAudio2 using 'Haut-parleurs (USB Audio Device)' : 2 channels at 44.1 kHz using 16 bits per sample (channel mask 0x3)
[2017.12.20-18.13.34:218][351]LogInit: FAudioDevice initialized.
[2017.12.20-18.13.34:323][351]LogUObjectGlobals: Warning: Failed to find object 'Class None.'
[2017.12.20-18.13.34:323][351]LogLoad: Game class is 'GameModeBase'
[2017.12.20-18.13.34:324][351]LogWorld: Bringing World /Game/VirtualRealityBP/Maps/UEDPIE_0_MotionControllerMap.MotionControllerMap up for play (max tick rate 0) at 2017.12.20-19.13.34
[2017.12.20-18.13.34:325][351]LogWorld: Bringing up level for play took: 0.001602
[2017.12.20-18.13.34:331][351]PIE: Play in editor start time for /Game/VirtualRealityBP/Maps/UEDPIE_0_MotionControllerMap -0.843
[2017.12.20-18.13.34:331][351]LogBlueprintUserMessages: Late PlayInEditor Detection: Level '/Game/VirtualRealityBP/Maps/MotionControllerMap.MotionControllerMap:PersistentLevel' has LevelScriptBlueprint '/Game/VirtualRealityBP/Maps/MotionControllerMap.MotionControllerMap:PersistentLevel.MotionControllerMap' with GeneratedClass '/Game/VirtualRealityBP/Maps/MotionControllerMap.MotionControllerMap_C' with ClassGeneratedBy '/Game/VirtualRealityBP/Maps/MotionControllerMap.MotionControllerMap:PersistentLevel.MotionControllerMap'
[2017.12.20-18.13.53:199][ 11]LogHMD: Warning:  SteamVR Compositor had an error on present (108)
[2017.12.20-18.13.53:200][ 11]LogHMD: Warning:  SteamVR Compositor had an error on present (108)
[2017.12.20-18.13.53:203][ 12]LogHMD: Warning:  SteamVR Compositor had an error on present (108)
[2017.12.20-18.13.53:207][ 13]LogHMD: Warning:  SteamVR Compositor had an error on present (108)
[2017.12.20-18.13.53:211][ 14]LogHMD: Warning:  SteamVR Compositor had an error on present (108)
[2017.12.20-18.13.53:214][ 15]LogHMD: Warning:  SteamVR Compositor had an error on present (108)
[2017.12.20-18.13.53:218][ 16]LogHMD: Warning:  SteamVR Compositor had an error on present (108)
[2017.12.20-18.13.53:222][ 17]LogHMD: Warning:  SteamVR Compositor had an error on present (108)
[2017.12.20-18.13.53:226][ 18]LogHMD: Warning:  SteamVR Compositor had an error on present (108)
[2017.12.20-18.13.53:230][ 19]LogHMD: Warning:  SteamVR Compositor had an error on present (108)
[2017.12.20-18.13.53:233][ 20]LogHMD: Warning:  SteamVR Compositor had an error on present (108)
[2017.12.20-18.13.53:237][ 21]LogHMD: Warning:  SteamVR Compositor had an error on present (108)
[2017.12.20-18.13.53:241][ 22]LogHMD: Warning:  SteamVR Compositor had an error on present (108)
[2017.12.20-18.13.53:244][ 23]LogHMD: Warning:  SteamVR Compositor had an error on present (108)
[2017.12.20-18.13.53:248][ 24]LogHMD: Warning:  SteamVR Compositor had an error on present (108)
[2017.12.20-18.13.53:251][ 25]LogHMD: Warning:  SteamVR Compositor had an error on present (108)
[2017.12.20-18.13.53:255][ 26]LogHMD: Warning:  SteamVR Compositor had an error on present (108)
[2017.12.20-18.13.53:259][ 27]LogHMD: Warning:  SteamVR Compositor had an error on present (108)
[2017.12.20-18.13.53:263][ 28]LogHMD: Warning:  SteamVR Compositor had an error on present (108)
[2017.12.20-18.13.53:267][ 29]LogHMD: Warning:  SteamVR Compositor had an error on present (108)
[2017.12.20-18.13.53:270][ 30]LogHMD: Warning:  SteamVR Compositor had an error on present (108)
[2017.12.20-18.13.53:274][ 31]LogHMD: Warning:  SteamVR Compositor had an error on present (108)
[2017.12.20-18.13.53:278][ 32]LogHMD: Warning:  SteamVR Compositor had an error on present (108)
[2017.12.20-18.13.53:282][ 33]LogHMD: Warning:  SteamVR Compositor had an error on present (108)
[2017.12.20-18.13.53:286][ 34]LogHMD: Warning:  SteamVR Compositor had an error on present (108)
[2017.12.20-18.13.53:289][ 35]LogHMD: Warning:  SteamVR Compositor had an error on present (108)
[2017.12.20-18.13.53:293][ 36]LogHMD: Warning:  SteamVR Compositor had an error on present (108)
[2017.12.20-18.13.53:297][ 37]LogHMD: Warning:  SteamVR Compositor had an error on present (108)
[2017.12.20-18.13.53:301][ 38]LogHMD: Warning:  SteamVR Compositor had an error on present (108)
[2017.12.20-18.13.53:305][ 39]LogHMD: Warning:  SteamVR Compositor had an error on present (108)
[2017.12.20-18.13.53:306][ 39]LogBlueprintUserMessages: Early EndPlayMap Detection: Level '/Game/VirtualRealityBP/Maps/MotionControllerMap.MotionControllerMap:PersistentLevel' has LevelScriptBlueprint '/Game/VirtualRealityBP/Maps/MotionControllerMap.MotionControllerMap:PersistentLevel.MotionControllerMap' with GeneratedClass '/Game/VirtualRealityBP/Maps/MotionControllerMap.MotionControllerMap_C' with ClassGeneratedBy '/Game/VirtualRealityBP/Maps/MotionControllerMap.MotionControllerMap:PersistentLevel.MotionControllerMap'
[2017.12.20-18.13.53:447][ 39]LogBlueprintUserMessages: Late EndPlayMap Detection: Level '/Game/VirtualRealityBP/Maps/MotionControllerMap.MotionControllerMap:PersistentLevel' has LevelScriptBlueprint '/Game/VirtualRealityBP/Maps/MotionControllerMap.MotionControllerMap:PersistentLevel.MotionControllerMap' with GeneratedClass '/Game/VirtualRealityBP/Maps/MotionControllerMap.MotionControllerMap_C' with ClassGeneratedBy '/Game/VirtualRealityBP/Maps/MotionControllerMap.MotionControllerMap:PersistentLevel.MotionControllerMap'
[2017.12.20-18.14.04:089][283]LogWindowsTextInputMethodSystem: Display: IME system now deactivated.
[2017.12.20-18.14.04:249][284]Cmd: QUIT_EDITOR
[2017.12.20-18.14.05:249][284]LogExit: Preparing to exit.
[2017.12.20-18.14.06:028][284]LogDirectoryWatcher: A directory notification for 'C:/Users/Hub-innovation/Documents/Unreal Projects/VR_Interaction/Content/' was aborted.
[2017.12.20-18.14.06:043][284]LogExit: Editor shut down
[2017.12.20-18.14.06:046][284]LogExit: Transaction tracking system shut down
[2017.12.20-18.14.06:186][284]LogDirectoryWatcher: A directory notification for '../../../Engine/Content/' was aborted.
[2017.12.20-18.14.06:186][284]LogDirectoryWatcher: A directory notification for '../../../../../../Users/Hub-innovation/Documents/Unreal Projects/VR_Interaction/Content/' was aborted.
[2017.12.20-18.14.06:186][284]LogDirectoryWatcher: A directory notification for '../../../Engine/Plugins/2D/Paper2D/Content/' was aborted.
[2017.12.20-18.14.06:186][284]LogDirectoryWatcher: A directory notification for '../../../Engine/Plugins/Runtime/Oculus/OculusVR/Content/' was aborted.
[2017.12.20-18.14.06:186][284]LogDirectoryWatcher: A directory notification for '../../../Engine/Plugins/Runtime/Steam/SteamVR/Content/' was aborted.
[2017.12.20-18.14.06:222][284]LogExit: Object subsystem successfully closed.
[2017.12.20-18.14.06:239][284]LogD3D11RHI: Shutdown
[2017.12.20-18.14.06:239][284]LogD3D11RHI: CleanupD3DDevice
[2017.12.20-18.14.06:241][284]LogD3D11RHI: ~FD3D11DynamicRHI
[2017.12.20-18.14.06:251][284]LogModuleManager: Shutting down and abandoning module MovieSceneCapture (530)
[2017.12.20-18.14.06:251][284]LogModuleManager: Shutting down and abandoning module StatsViewer (528)
[2017.12.20-18.14.06:251][284]LogModuleManager: Shutting down and abandoning module HierarchicalLODOutliner (526)
[2017.12.20-18.14.06:251][284]LogModuleManager: Shutting down and abandoning module AddContentDialog (524)
[2017.12.20-18.14.06:251][284]LogDirectoryWatcher: A directory notification for 'C:/Program Files/Epic Games/UE_4.17/FeaturePacks/' was aborted.
[2017.12.20-18.14.06:252][284]LogModuleManager: Shutting down and abandoning module WidgetCarousel (523)
[2017.12.20-18.14.06:252][284]LogModuleManager: Shutting down and abandoning module EditorWidgets (520)
[2017.12.20-18.14.06:253][284]LogModuleManager: Shutting down and abandoning module CollectionManager (518)
[2017.12.20-18.14.06:253][284]LogDirectoryWatcher: A directory notification for 'C:/Users/Hub-innovation/Documents/Unreal Projects/VR_Interaction/Content/Collections/' was aborted.
[2017.12.20-18.14.06:253][284]LogDirectoryWatcher: A directory notification for 'C:/Users/Hub-innovation/Documents/Unreal Projects/VR_Interaction/Content/Developers/Hubinnovation/Collections/' was aborted.
[2017.12.20-18.14.06:253][284]LogDirectoryWatcher: A directory notification for 'C:/Users/Hub-innovation/Documents/Unreal Projects/VR_Interaction/Saved/Collections/' was aborted.
[2017.12.20-18.14.06:253][284]LogModuleManager: Shutting down and abandoning module FoliageEdit (516)
[2017.12.20-18.14.06:253][284]LogModuleManager: Shutting down and abandoning module LandscapeEditor (514)
[2017.12.20-18.14.06:253][284]LogModuleManager: Shutting down and abandoning module MeshPaintMode (512)
[2017.12.20-18.14.06:253][284]LogModuleManager: Shutting down and abandoning module SceneDepthPickerMode (510)
[2017.12.20-18.14.06:253][284]LogModuleManager: Shutting down and abandoning module ActorPickerMode (508)
[2017.12.20-18.14.06:253][284]LogModuleManager: Shutting down and abandoning module GeometryMode (506)
[2017.12.20-18.14.06:253][284]LogModuleManager: Shutting down and abandoning module TextureAlignMode (504)
[2017.12.20-18.14.06:253][284]LogModuleManager: Shutting down and abandoning module BspMode (502)
[2017.12.20-18.14.06:253][284]LogModuleManager: Shutting down and abandoning module PIEPreviewDeviceProfileSelector (500)
[2017.12.20-18.14.06:253][284]LogModuleManager: Shutting down and abandoning module HardwareSurvey (498)
[2017.12.20-18.14.06:253][284]LogModuleManager: Shutting down and abandoning module SequenceRecorderSections (496)
[2017.12.20-18.14.06:253][284]LogModuleManager: Shutting down and abandoning module AutomationWorker (494)
[2017.12.20-18.14.06:253][284]LogModuleManager: Shutting down and abandoning module MatineeToLevelSequence (492)
[2017.12.20-18.14.06:253][284]LogModuleManager: Shutting down and abandoning module LevelSequenceEditor (490)
[2017.12.20-18.14.06:253][284]LogModuleManager: Shutting down and abandoning module PlacementMode (489)
[2017.12.20-18.14.06:253][284]LogModuleManager: Shutting down and abandoning module WmfMediaFactory (486)
[2017.12.20-18.14.06:253][284]LogModuleManager: Shutting down and abandoning module WmfMediaEditor (484)
[2017.12.20-18.14.06:253][284]LogModuleManager: Shutting down and abandoning module AvfMediaFactory (482)
[2017.12.20-18.14.06:253][284]LogModuleManager: Shutting down and abandoning module AvfMediaEditor (480)
[2017.12.20-18.14.06:253][284]LogModuleManager: Shutting down and abandoning module AndroidMediaFactory (478)
[2017.12.20-18.14.06:253][284]LogModuleManager: Shutting down and abandoning module Media (477)
[2017.12.20-18.14.06:253][284]LogModuleManager: Shutting down and abandoning module AndroidMediaEditor (474)
[2017.12.20-18.14.06:253][284]LogModuleManager: Shutting down and abandoning module CharacterAI (472)
[2017.12.20-18.14.06:253][284]LogModuleManager: Shutting down and abandoning module AudioCapture (470)
[2017.12.20-18.14.06:253][284]LogModuleManager: Shutting down and abandoning module SequenceRecorder (469)
[2017.12.20-18.14.06:253][284]LogModuleManager: Shutting down and abandoning module SmartSnapping (466)
[2017.12.20-18.14.06:253][284]LogModuleManager: Shutting down and abandoning module SessionServices (464)
[2017.12.20-18.14.06:253][284]LogModuleManager: Shutting down and abandoning module ViewportSnapping (462)
[2017.12.20-18.14.06:253][284]LogModuleManager: Shutting down and abandoning module ViewportInteraction (460)
[2017.12.20-18.14.06:253][284]LogModuleManager: Shutting down and abandoning module ClothPainter (458)
[2017.12.20-18.14.06:253][284]LogModuleManager: Shutting down and abandoning module LogVisualizer (456)
[2017.12.20-18.14.06:253][284]LogModuleManager: Shutting down and abandoning module IntroTutorials (454)
[2017.12.20-18.14.06:254][284]LogModuleManager: Shutting down and abandoning module GameProjectGeneration (453)
[2017.12.20-18.14.06:254][284]LogModuleManager: Shutting down and abandoning module IOSPlatformEditor (450)
[2017.12.20-18.14.06:254][284]LogModuleManager: Shutting down and abandoning module HTML5PlatformEditor (448)
[2017.12.20-18.14.06:254][284]LogModuleManager: Shutting down and abandoning module AndroidPlatformEditor (446)
[2017.12.20-18.14.06:254][284]LogModuleManager: Shutting down and abandoning module AndroidDeviceDetection (445)
[2017.12.20-18.14.06:433][284]LogModuleManager: Shutting down and abandoning module WindowsPlatformEditor (442)
[2017.12.20-18.14.06:433][284]LogModuleManager: Shutting down and abandoning module IOSRuntimeSettings (440)
[2017.12.20-18.14.06:433][284]LogModuleManager: Shutting down and abandoning module AndroidRuntimeSettings (438)
[2017.12.20-18.14.06:433][284]LogModuleManager: Shutting down and abandoning module InputBindingEditor (436)
[2017.12.20-18.14.06:433][284]LogModuleManager: Shutting down and abandoning module MergeActors (434)
[2017.12.20-18.14.06:433][284]LogModuleManager: Shutting down and abandoning module SizeMap (432)
[2017.12.20-18.14.06:433][284]LogModuleManager: Shutting down and abandoning module TreeMap (430)
[2017.12.20-18.14.06:433][284]LogModuleManager: Shutting down and abandoning module ReferenceViewer (428)
[2017.12.20-18.14.06:433][284]LogModuleManager: Shutting down and abandoning module LocalizationDashboard (426)
[2017.12.20-18.14.06:433][284]LogModuleManager: Shutting down and abandoning module LocalizationService (425)
[2017.12.20-18.14.06:433][284]LogModuleManager: Shutting down and abandoning module HardwareTargeting (422)
[2017.12.20-18.14.06:433][284]LogModuleManager: Shutting down and abandoning module DeviceProfileEditor (420)
[2017.12.20-18.14.06:433][284]LogModuleManager: Shutting down and abandoning module UndoHistory (418)
[2017.12.20-18.14.06:433][284]LogModuleManager: Shutting down and abandoning module XmlParser (416)
[2017.12.20-18.14.06:434][284]LogModuleManager: Shutting down and abandoning module Blutility (414)
[2017.12.20-18.14.06:434][284]LogModuleManager: Shutting down and abandoning module ProjectSettingsViewer (412)
[2017.12.20-18.14.06:434][284]LogModuleManager: Shutting down and abandoning module ProjectTargetPlatformEditor (411)
[2017.12.20-18.14.06:434][284]LogModuleManager: Shutting down and abandoning module EditorSettingsViewer (408)
[2017.12.20-18.14.06:434][284]LogModuleManager: Shutting down and abandoning module SettingsEditor (406)
[2017.12.20-18.14.06:434][284]LogModuleManager: Shutting down and abandoning module ProjectLauncher (404)
[2017.12.20-18.14.06:434][284]LogModuleManager: Shutting down and abandoning module SessionFrontend (402)
[2017.12.20-18.14.06:434][284]LogModuleManager: Shutting down and abandoning module ProfilerClient (400)
[2017.12.20-18.14.06:434][284]LogModuleManager: Shutting down and abandoning module DeviceManager (398)
[2017.12.20-18.14.06:434][284]LogModuleManager: Shutting down and abandoning module TargetDeviceServices (397)
[2017.12.20-18.14.06:486][284]LogModuleManager: Shutting down and abandoning module AutomationController (394)
[2017.12.20-18.14.06:486][284]LogModuleManager: Shutting down and abandoning module AutomationWindow (392)
[2017.12.20-18.14.06:486][284]LogModuleManager: Shutting down and abandoning module Layers (390)
[2017.12.20-18.14.06:486][284]LogModuleManager: Shutting down and abandoning module ComponentVisualizers (388)
[2017.12.20-18.14.06:486][284]LogModuleManager: Shutting down and abandoning module DetailCustomizations (386)
[2017.12.20-18.14.06:486][284]LogModuleManager: Shutting down and abandoning module PackagesDialog (384)
[2017.12.20-18.14.06:486][284]LogModuleManager: Shutting down and abandoning module Persona (382)
[2017.12.20-18.14.06:486][284]LogModuleManager: Shutting down and abandoning module AdvancedPreviewScene (381)
[2017.12.20-18.14.06:486][284]LogModuleManager: Shutting down and abandoning module AnimGraph (379)
[2017.12.20-18.14.06:487][284]LogModuleManager: Shutting down and abandoning module Kismet (376)
[2017.12.20-18.14.06:487][284]LogModuleManager: Shutting down and abandoning module ClassViewer (374)
[2017.12.20-18.14.06:487][284]LogModuleManager: Shutting down and abandoning module Toolbox (372)
[2017.12.20-18.14.06:487][284]LogModuleManager: Shutting down and abandoning module ModuleUI (370)
[2017.12.20-18.14.06:487][284]LogModuleManager: Shutting down and abandoning module MovieSceneTools (368)
[2017.12.20-18.14.06:487][284]LogModuleManager: Shutting down and abandoning module OutputLog (366)
[2017.12.20-18.14.06:487][284]LogModuleManager: Shutting down and abandoning module GammaUI (364)
[2017.12.20-18.14.06:487][284]LogModuleManager: Shutting down and abandoning module Documentation (362)
[2017.12.20-18.14.06:487][284]LogModuleManager: Shutting down and abandoning module MovieSceneTracks (360)
[2017.12.20-18.14.06:487][284]LogModuleManager: Shutting down and abandoning module MovieScene (358)
[2017.12.20-18.14.06:487][284]LogModuleManager: Shutting down and abandoning module Niagara (356)
[2017.12.20-18.14.06:487][284]LogModuleManager: Shutting down and abandoning module NiagaraEditor (355)
[2017.12.20-18.14.06:487][284]LogModuleManager: Shutting down and abandoning module StreamingPauseRendering (352)
[2017.12.20-18.14.06:487][284]LogModuleManager: Shutting down and abandoning module LauncherPlatform (350)
[2017.12.20-18.14.06:487][284]LogModuleManager: Shutting down and abandoning module AnalyticsET (348)
[2017.12.20-18.14.06:487][284]LogModuleManager: Shutting down and abandoning module PortalServices (346)
[2017.12.20-18.14.06:487][284]LogModuleManager: Shutting down and abandoning module PortalRpc (344)
[2017.12.20-18.14.06:487][284]LogModuleManager: Shutting down and abandoning module MessagingRpc (342)
[2017.12.20-18.14.06:487][284]LogModuleManager: Shutting down and abandoning module AIModule (340)
[2017.12.20-18.14.06:487][284]LogModuleManager: Shutting down and abandoning module GameplayDebugger (339)
[2017.12.20-18.14.06:488][284]LogModuleManager: Shutting down and abandoning module AITestSuite (337)
[2017.12.20-18.14.06:488][284]LogModuleManager: Shutting down and abandoning module ProfilerService (334)
[2017.12.20-18.14.06:531][284]LogModuleManager: Shutting down and abandoning module TaskGraph (332)
[2017.12.20-18.14.06:531][284]LogModuleManager: Shutting down and abandoning module SteamVRController (330)
[2017.12.20-18.14.06:531][284]LogModuleManager: Shutting down and abandoning module ProceduralMeshComponentEditor (328)
[2017.12.20-18.14.06:531][284]LogModuleManager: Shutting down and abandoning module ProceduralMeshComponent (326)
[2017.12.20-18.14.06:531][284]LogModuleManager: Shutting down and abandoning module OculusInput (324)
[2017.12.20-18.14.06:531][284]LogModuleManager: Shutting down and abandoning module MobilePatchingUtils (322)
[2017.12.20-18.14.06:531][284]LogModuleManager: Shutting down and abandoning module CustomMeshComponent (320)
[2017.12.20-18.14.06:531][284]LogModuleManager: Shutting down and abandoning module CableComponent (318)
[2017.12.20-18.14.06:531][284]LogModuleManager: Shutting down and abandoning module ArchVisCharacter (316)
[2017.12.20-18.14.06:531][284]LogModuleManager: Shutting down and abandoning module AndroidPermission (314)
[2017.12.20-18.14.06:531][284]LogModuleManager: Shutting down and abandoning module MediaPlayerEditor (310)
[2017.12.20-18.14.06:531][284]LogModuleManager: Shutting down and abandoning module HTML5Networking (308)
[2017.12.20-18.14.06:531][284]LogModuleManager: Shutting down and abandoning module AlembicImporter (306)
[2017.12.20-18.14.06:531][284]LogModuleManager: Shutting down and abandoning module AlembicLibrary (305)
[2017.12.20-18.14.06:531][284]LogModuleManager: Shutting down and abandoning module GeometryCache (304)
[2017.12.20-18.14.06:531][284]LogModuleManager: Shutting down and abandoning module GeometryCacheEd (303)
[2017.12.20-18.14.06:531][284]LogModuleManager: Shutting down and abandoning module SpeedTreeImporter (298)
[2017.12.20-18.14.06:531][284]LogModuleManager: Shutting down and abandoning module PluginBrowser (296)
[2017.12.20-18.14.06:531][284]LogModuleManager: Shutting down and abandoning module MobileLauncherProfileWizard (294)
[2017.12.20-18.14.06:531][284]LogModuleManager: Shutting down and abandoning module VisualStudioSourceCodeAccess (292)
[2017.12.20-18.14.06:531][284]LogModuleManager: Shutting down and abandoning module DesktopPlatform (291)
[2017.12.20-18.14.06:531][284]LogModuleManager: Shutting down and abandoning module UObjectPlugin (288)
[2017.12.20-18.14.06:531][284]LogModuleManager: Shutting down and abandoning module SubversionSourceControl (286)
[2017.12.20-18.14.06:532][284]LogModuleManager: Shutting down and abandoning module PerforceSourceControl (284)
[2017.12.20-18.14.06:532][284]LogModuleManager: Shutting down and abandoning module GitSourceControl (282)
[2017.12.20-18.14.06:532][284]LogModuleManager: Shutting down and abandoning module SourceControl (281)
[2017.12.20-18.14.06:532][284]LogModuleManager: Shutting down and abandoning module LightPropagationVolumeEditor (278)
[2017.12.20-18.14.06:532][284]LogModuleManager: Shutting down and abandoning module PaperTiledImporter (276)
[2017.12.20-18.14.06:532][284]LogModuleManager: Shutting down and abandoning module PaperSpriteSheetImporter (274)
[2017.12.20-18.14.06:532][284]LogModuleManager: Shutting down and abandoning module Paper2DEditor (272)
[2017.12.20-18.14.06:532][284]LogModuleManager: Shutting down and abandoning module MeshPaint (271)
[2017.12.20-18.14.06:532][284]LogModuleManager: Shutting down and abandoning module LevelEditor (269)
[2017.12.20-18.14.06:532][284]LogModuleManager: Shutting down and abandoning module PixelInspectorModule (268)
[2017.12.20-18.14.06:532][284]LogModuleManager: Shutting down and abandoning module MainFrame (266)
[2017.12.20-18.14.06:532][284]LogModuleManager: Shutting down and abandoning module HotReload (265)
[2017.12.20-18.14.06:533][284]LogModuleManager: Shutting down and abandoning module RuntimePhysXCooking (260)
[2017.12.20-18.14.06:533][284]LogModuleManager: Shutting down and abandoning module PhysXVehiclesEditor (258)
[2017.12.20-18.14.06:533][284]LogModuleManager: Shutting down and abandoning module PhysXVehicles (256)
[2017.12.20-18.14.06:533][284]LogModuleManager: Shutting down and abandoning module OculusEditor (254)
[2017.12.20-18.14.06:533][284]LogModuleManager: Shutting down and abandoning module LocationServicesBPLibrary (252)
[2017.12.20-18.14.06:533][284]LogModuleManager: Shutting down and abandoning module ImmediatePhysicsEditor (250)
[2017.12.20-18.14.06:533][284]LogModuleManager: Shutting down and abandoning module ImmediatePhysics (248)
[2017.12.20-18.14.06:533][284]LogModuleManager: Shutting down and abandoning module UdpMessaging (246)
[2017.12.20-18.14.06:634][284]LogModuleManager: Shutting down and abandoning module TcpMessaging (244)
[2017.12.20-18.14.06:734][284]LogModuleManager: Shutting down and abandoning module GameplayTagsEditor (242)
[2017.12.20-18.14.06:734][284]LogModuleManager: Shutting down and abandoning module FacialAnimationEditor (240)
[2017.12.20-18.14.06:734][284]LogModuleManager: Shutting down and abandoning module FacialAnimation (238)
[2017.12.20-18.14.06:734][284]LogModuleManager: Shutting down and abandoning module AssetManagerEditor (236)
[2017.12.20-18.14.06:734][284]LogModuleManager: Shutting down and abandoning module GraphEditor (235)
[2017.12.20-18.14.06:734][284]LogModuleManager: Shutting down and abandoning module ContentBrowser (233)
[2017.12.20-18.14.06:735][284]LogModuleManager: Shutting down and abandoning module LightPropagationVolumeRuntime (230)
[2017.12.20-18.14.06:735][284]LogModuleManager: Shutting down and abandoning module Paper2D (228)
[2017.12.20-18.14.06:735][284]LogModuleManager: Shutting down and abandoning module WindowsMoviePlayer (226)
[2017.12.20-18.14.06:735][284]LogModuleManager: Shutting down and abandoning module WmfMedia (224)
[2017.12.20-18.14.06:735][284]LogModuleManager: Shutting down and abandoning module PacketHandler (222)
[2017.12.20-18.14.06:735][284]LogModuleManager: Shutting down and abandoning module ClothingSystemEditor (220)
[2017.12.20-18.14.06:735][284]LogModuleManager: Shutting down and abandoning module ClothingSystemRuntime (218)
[2017.12.20-18.14.06:735][284]LogModuleManager: Shutting down and abandoning module Overlay (216)
[2017.12.20-18.14.06:735][284]LogModuleManager: Shutting down and abandoning module OverlayEditor (215)
[2017.12.20-18.14.06:735][284]LogModuleManager: Shutting down and abandoning module MediaAssets (212)
[2017.12.20-18.14.06:735][284]LogModuleManager: Shutting down and abandoning module VREditor (210)
[2017.12.20-18.14.06:736][284]LogModuleManager: Shutting down and abandoning module StringTableEditor (208)
[2017.12.20-18.14.06:736][284]LogModuleManager: Shutting down and abandoning module GameplayTasksEditor (206)
[2017.12.20-18.14.06:736][284]LogModuleManager: Shutting down and abandoning module BehaviorTreeEditor (204)
[2017.12.20-18.14.06:736][284]LogModuleManager: Shutting down and abandoning module FunctionalTesting (202)
[2017.12.20-18.14.06:736][284]LogModuleManager: Shutting down and abandoning module CollisionAnalyzer (200)
[2017.12.20-18.14.06:736][284]LogModuleManager: Shutting down and abandoning module WorkspaceMenuStructure (199)
[2017.12.20-18.14.06:736][284]LogModuleManager: Shutting down and abandoning module UMG (196)
[2017.12.20-18.14.06:736][284]LogModuleManager: Shutting down and abandoning module UMGEditor (195)
[2017.12.20-18.14.06:736][284]LogModuleManager: Shutting down and abandoning module Sequencer (194)
[2017.12.20-18.14.06:736][284]LogModuleManager: Shutting down and abandoning module MessageLog (191)
[2017.12.20-18.14.06:736][284]LogModuleManager: Shutting down and abandoning module SlateReflector (186)
[2017.12.20-18.14.06:736][284]LogModuleManager: Shutting down and abandoning module Slate (184)
[2017.12.20-18.14.06:736][284]LogModuleManager: Shutting down and abandoning module EditorStyle (182)
[2017.12.20-18.14.06:738][284]LogModuleManager: Shutting down and abandoning module MRMesh (180)
[2017.12.20-18.14.06:738][284]LogModuleManager: Shutting down and abandoning module SourceCodeAccess (178)
[2017.12.20-18.14.06:738][284]LogModuleManager: Shutting down and abandoning module HeadMountedDisplay (176)
[2017.12.20-18.14.06:738][284]LogModuleManager: Shutting down and abandoning module XAudio2 (174)
[2017.12.20-18.14.06:738][284]LogModuleManager: Shutting down and abandoning module Networking (172)
[2017.12.20-18.14.06:738][284]LogModuleManager: Shutting down and abandoning module Core (168)
[2017.12.20-18.14.06:738][284]LogModuleManager: Shutting down and abandoning module KismetCompiler (164)
[2017.12.20-18.14.06:738][284]LogModuleManager: Shutting down and abandoning module LevelSequence (162)
[2017.12.20-18.14.06:738][284]LogModuleManager: Shutting down and abandoning module MeshUtilities (160)
[2017.12.20-18.14.06:738][284]LogModuleManager: Shutting down and abandoning module MeshMergeUtilities (159)
[2017.12.20-18.14.06:738][284]LogModuleManager: Shutting down and abandoning module MeshReductionInterface (158)
[2017.12.20-18.14.06:738][284]LogModuleManager: Shutting down and abandoning module SimplygonSwarm (157)
[2017.12.20-18.14.06:738][284]LogModuleManager: Shutting down and abandoning module SimplygonMeshReduction (155)
[2017.12.20-18.14.06:738][284]LogModuleManager: Shutting down and abandoning module QuadricMeshReduction (153)
[2017.12.20-18.14.06:738][284]LogModuleManager: Shutting down and abandoning module MaterialBaking (149)
[2017.12.20-18.14.06:738][284]LogModuleManager: Shutting down and abandoning module DirectoryWatcher (146)
[2017.12.20-18.14.06:738][284]LogModuleManager: Shutting down and abandoning module DerivedDataCache (144)
[2017.12.20-18.14.06:744][284]LogDerivedDataCache: Shutdown
[2017.12.20-18.14.06:744][284]LogModuleManager: Shutting down and abandoning module TargetPlatform (142)
[2017.12.20-18.14.06:744][284]LogModuleManager: Shutting down and abandoning module VulkanShaderFormat (141)
[2017.12.20-18.14.06:744][284]LogModuleManager: Shutting down and abandoning module ShaderFormatVectorVM (139)
[2017.12.20-18.14.06:744][284]LogModuleManager: Shutting down and abandoning module ShaderFormatOpenGL (137)
[2017.12.20-18.14.06:744][284]LogModuleManager: Shutting down and abandoning module ShaderFormatD3D (135)
[2017.12.20-18.14.06:744][284]LogModuleManager: Shutting down and abandoning module MetalShaderFormat (133)
[2017.12.20-18.14.06:744][284]LogModuleManager: Shutting down and abandoning module TextureFormatUncompressed (131)
[2017.12.20-18.14.06:744][284]LogModuleManager: Shutting down and abandoning module TextureFormatPVR (129)
[2017.12.20-18.14.06:744][284]LogModuleManager: Shutting down and abandoning module TextureFormatDXT (127)
[2017.12.20-18.14.06:744][284]LogModuleManager: Shutting down and abandoning module TextureFormatIntelISPCTexComp (125)
[2017.12.20-18.14.06:744][284]LogModuleManager: Shutting down and abandoning module TextureFormatASTC (123)
[2017.12.20-18.14.06:744][284]LogModuleManager: Shutting down and abandoning module ImageWrapper (122)
[2017.12.20-18.14.06:744][284]LogModuleManager: Shutting down and abandoning module TextureFormatAndroid (119)
[2017.12.20-18.14.06:744][284]LogModuleManager: Shutting down and abandoning module AudioFormatOpus (117)
[2017.12.20-18.14.06:744][284]LogModuleManager: Shutting down and abandoning module AudioFormatOgg (115)
[2017.12.20-18.14.06:744][284]LogModuleManager: Shutting down and abandoning module AudioFormatADPCM (113)
[2017.12.20-18.14.06:744][284]LogModuleManager: Shutting down and abandoning module LinuxTargetPlatform (111)
[2017.12.20-18.14.06:744][284]LogModuleManager: Shutting down and abandoning module LinuxServerTargetPlatform (109)
[2017.12.20-18.14.06:744][284]LogModuleManager: Shutting down and abandoning module LinuxNoEditorTargetPlatform (107)
[2017.12.20-18.14.06:744][284]LogModuleManager: Shutting down and abandoning module LinuxClientTargetPlatform (105)
[2017.12.20-18.14.06:744][284]LogModuleManager: Shutting down and abandoning module TVOSTargetPlatform (103)
[2017.12.20-18.14.06:744][284]LogModuleManager: Shutting down and abandoning module Messaging (101)
[2017.12.20-18.14.06:744][284]LogModuleManager: Shutting down and abandoning module IOSTargetPlatform (99)
[2017.12.20-18.14.06:744][284]LogModuleManager: Shutting down and abandoning module HTML5TargetPlatform (97)
[2017.12.20-18.14.06:744][284]LogModuleManager: Shutting down and abandoning module Android_PVRTCTargetPlatform (95)
[2017.12.20-18.14.06:744][284]LogModuleManager: Shutting down and abandoning module Android_MultiTargetPlatform (93)
[2017.12.20-18.14.06:744][284]LogModuleManager: Shutting down and abandoning module Android_ETC2TargetPlatform (91)
[2017.12.20-18.14.06:744][284]LogModuleManager: Shutting down and abandoning module Android_ETC1TargetPlatform (89)
[2017.12.20-18.14.06:744][284]LogModuleManager: Shutting down and abandoning module Android_DXTTargetPlatform (87)
[2017.12.20-18.14.06:744][284]LogModuleManager: Shutting down and abandoning module Android_ATCTargetPlatform (85)
[2017.12.20-18.14.06:744][284]LogModuleManager: Shutting down and abandoning module Android_ASTCTargetPlatform (83)
[2017.12.20-18.14.06:744][284]LogModuleManager: Shutting down and abandoning module AndroidTargetPlatform (81)
[2017.12.20-18.14.06:744][284]LogModuleManager: Shutting down and abandoning module WindowsTargetPlatform (79)
[2017.12.20-18.14.06:744][284]LogModuleManager: Shutting down and abandoning module WindowsServerTargetPlatform (77)
[2017.12.20-18.14.06:744][284]LogModuleManager: Shutting down and abandoning module WindowsNoEditorTargetPlatform (75)
[2017.12.20-18.14.06:744][284]LogModuleManager: Shutting down and abandoning module WindowsClientTargetPlatform (73)
[2017.12.20-18.14.06:744][284]LogModuleManager: Shutting down and abandoning module MacTargetPlatform (71)
[2017.12.20-18.14.06:744][284]LogModuleManager: Shutting down and abandoning module MacServerTargetPlatform (69)
[2017.12.20-18.14.06:744][284]LogModuleManager: Shutting down and abandoning module MacNoEditorTargetPlatform (67)
[2017.12.20-18.14.06:744][284]LogModuleManager: Shutting down and abandoning module MacClientTargetPlatform (65)
[2017.12.20-18.14.06:744][284]LogModuleManager: Shutting down and abandoning module AllDesktopTargetPlatform (63)
[2017.12.20-18.14.06:744][284]LogModuleManager: Shutting down and abandoning module InputCore (60)
[2017.12.20-18.14.06:744][284]LogModuleManager: Shutting down and abandoning module Settings (58)
[2017.12.20-18.14.06:745][284]LogModuleManager: Shutting down and abandoning module PhysXCooking (56)
[2017.12.20-18.14.06:745][284]LogModuleManager: Shutting down and abandoning module SteamVR (54)
[2017.12.20-18.14.06:745][284]LogModuleManager: Shutting down and abandoning module OculusHMD (52)
[2017.12.20-18.14.06:745][284]LogModuleManager: Shutting down and abandoning module ExampleDeviceProfileSelector (50)
[2017.12.20-18.14.06:745][284]LogModuleManager: Shutting down and abandoning module OnlineBlueprintSupport (48)
[2017.12.20-18.14.06:745][284]LogModuleManager: Shutting down and abandoning module OnlineSubsystem (44)
[2017.12.20-18.14.06:745][284]LogOnline: Display: Unloading online subsystem: NULL
[2017.12.20-18.14.06:745][284]LogModuleManager: Shutting down and abandoning module XMPP (43)
[2017.12.20-18.14.06:745][284]LogModuleManager: Shutting down and abandoning module HTTP (41)
[2017.12.20-18.14.06:745][284]LogHttp: Display: Http module shutting down, but needs to wait on 1 outstanding Http requests:
[2017.12.20-18.14.06:745][284]LogHttp: Display: 	verb=[POST] url=[https://datarouter.ol.epicgames.com/datarouter/api/v1/public/data?SessionID=%7B6C7D086B-4CB6-0367-D4D6-56A3217DBF29%7D&AppID=UEEditor.Rocket.Release&AppVersion=4.17.2-3658906%2B%2B%2BUE4%2BRelease-4.17&UserID=90a2bdb54d27b93006d18a9d18a7861e%7C9e374c204ae84ce7bf82a048a671d7bd%7Ca055ffbf-20cd-489f-9d46-e369275821ba&AppEnvironment=datacollector-binary&UploadType=eteventstream] status=Processing
[2017.12.20-18.14.06:757][284]LogModuleManager: Shutting down and abandoning module SSL (40)
[2017.12.20-18.14.06:758][284]LogModuleManager: Shutting down and abandoning module AnimationModifiers (36)
[2017.12.20-18.14.06:758][284]LogModuleManager: Shutting down and abandoning module PropertyEditor (35)
[2017.12.20-18.14.06:758][284]LogModuleManager: Shutting down and abandoning module AudioEditor (32)
[2017.12.20-18.14.06:758][284]LogModuleManager: Shutting down and abandoning module TextureCompressor (30)
[2017.12.20-18.14.06:758][284]LogModuleManager: Shutting down and abandoning module ShaderCore (28)
[2017.12.20-18.14.06:758][284]LogModuleManager: Shutting down and abandoning module Landscape (26)
[2017.12.20-18.14.06:758][284]LogModuleManager: Shutting down and abandoning module SlateRHIRenderer (24)
[2017.12.20-18.14.06:759][284]LogModuleManager: Shutting down and abandoning module OpenGLDrv (22)
[2017.12.20-18.14.06:759][284]LogModuleManager: Shutting down and abandoning module D3D11RHI (20)
[2017.12.20-18.14.06:759][284]LogModuleManager: Shutting down and abandoning module AnimGraphRuntime (18)
[2017.12.20-18.14.06:759][284]LogModuleManager: Shutting down and abandoning module Renderer (16)
[2017.12.20-18.14.06:759][284]LogModuleManager: Shutting down and abandoning module Engine (14)
[2017.12.20-18.14.06:759][284]LogModuleManager: Shutting down and abandoning module CoreUObject (12)
[2017.12.20-18.14.06:759][284]LogModuleManager: Shutting down and abandoning module NetworkFile (10)
[2017.12.20-18.14.06:759][284]LogModuleManager: Shutting down and abandoning module CookedIterativeFile (8)
[2017.12.20-18.14.06:759][284]LogModuleManager: Shutting down and abandoning module StreamingFile (6)
[2017.12.20-18.14.06:759][284]LogModuleManager: Shutting down and abandoning module SandboxFile (4)
[2017.12.20-18.14.06:759][284]LogModuleManager: Shutting down and abandoning module PakFile (2)
[2017.12.20-18.14.06:761][284]LogExit: Exiting.
[2017.12.20-18.14.06:773][284]Log file closed, 12/20/17 19:14:06
